[2023-06-26 15:25:44,118][MainThread:19856][task_id:django.utils.autoreload][autoreload.py:668][INFO][Watching for file changes with StatReloader]
[2023-06-26 15:26:24,889][MainThread:19856][task_id:django.utils.autoreload][autoreload.py:266][INFO][F:\AutoTestCode(1)\FacebookScreenshot\urls.py changed, reloading.]
[2023-06-26 15:26:25,878][MainThread:14020][task_id:django.utils.autoreload][autoreload.py:668][INFO][Watching for file changes with StatReloader]
[2023-06-26 15:26:35,092][Thread-1:4756][task_id:django.request][log.py:241][ERROR][Internal Server Error: /facebookWebsite/facebook]
Traceback (most recent call last):
  File "C:\Program Files\python3.9\lib\site-packages\django\core\handlers\exception.py", line 55, in inner
    response = get_response(request)
  File "C:\Program Files\python3.9\lib\site-packages\django\core\handlers\base.py", line 197, in _get_response
    response = wrapped_callback(request, *callback_args, **callback_kwargs)
  File "C:\Program Files\python3.9\lib\site-packages\django\views\decorators\csrf.py", line 56, in wrapper_view
    return view_func(*args, **kwargs)
  File "C:\Program Files\python3.9\lib\site-packages\django\views\generic\base.py", line 104, in view
    return self.dispatch(request, *args, **kwargs)
  File "C:\Program Files\python3.9\lib\site-packages\rest_framework\views.py", line 509, in dispatch
    response = self.handle_exception(exc)
  File "C:\Program Files\python3.9\lib\site-packages\rest_framework\views.py", line 469, in handle_exception
    self.raise_uncaught_exception(exc)
  File "C:\Program Files\python3.9\lib\site-packages\rest_framework\views.py", line 480, in raise_uncaught_exception
    raise exc
  File "C:\Program Files\python3.9\lib\site-packages\rest_framework\views.py", line 506, in dispatch
    response = handler(request, *args, **kwargs)
  File "F:\AutoTestCode(1)\FacebookScreenshot\views.py", line 15, in post
    AutoScreenshot().run()
TypeError: __init__() missing 2 required positional arguments: 'code' and 'links'
[2023-06-26 15:26:35,092][Thread-1:4756][task_id:django.request][log.py:241][ERROR][Internal Server Error: /facebookWebsite/facebook]
Traceback (most recent call last):
  File "C:\Program Files\python3.9\lib\site-packages\django\core\handlers\exception.py", line 55, in inner
    response = get_response(request)
  File "C:\Program Files\python3.9\lib\site-packages\django\core\handlers\base.py", line 197, in _get_response
    response = wrapped_callback(request, *callback_args, **callback_kwargs)
  File "C:\Program Files\python3.9\lib\site-packages\django\views\decorators\csrf.py", line 56, in wrapper_view
    return view_func(*args, **kwargs)
  File "C:\Program Files\python3.9\lib\site-packages\django\views\generic\base.py", line 104, in view
    return self.dispatch(request, *args, **kwargs)
  File "C:\Program Files\python3.9\lib\site-packages\rest_framework\views.py", line 509, in dispatch
    response = self.handle_exception(exc)
  File "C:\Program Files\python3.9\lib\site-packages\rest_framework\views.py", line 469, in handle_exception
    self.raise_uncaught_exception(exc)
  File "C:\Program Files\python3.9\lib\site-packages\rest_framework\views.py", line 480, in raise_uncaught_exception
    raise exc
  File "C:\Program Files\python3.9\lib\site-packages\rest_framework\views.py", line 506, in dispatch
    response = handler(request, *args, **kwargs)
  File "F:\AutoTestCode(1)\FacebookScreenshot\views.py", line 15, in post
    AutoScreenshot().run()
TypeError: __init__() missing 2 required positional arguments: 'code' and 'links'
[2023-06-26 15:27:00,597][MainThread:14020][task_id:django.utils.autoreload][autoreload.py:266][INFO][F:\AutoTestCode(1)\FacebookScreenshot\views.py changed, reloading.]
[2023-06-26 15:27:01,388][MainThread:23500][task_id:django.utils.autoreload][autoreload.py:668][INFO][Watching for file changes with StatReloader]
[2023-06-26 15:27:04,056][Thread-1:33536][task_id:django.request][log.py:241][ERROR][Internal Server Error: /facebookWebsite/facebook]
Traceback (most recent call last):
  File "C:\Program Files\python3.9\lib\site-packages\django\core\handlers\exception.py", line 55, in inner
    response = get_response(request)
  File "C:\Program Files\python3.9\lib\site-packages\django\core\handlers\base.py", line 197, in _get_response
    response = wrapped_callback(request, *callback_args, **callback_kwargs)
  File "C:\Program Files\python3.9\lib\site-packages\django\views\decorators\csrf.py", line 56, in wrapper_view
    return view_func(*args, **kwargs)
  File "C:\Program Files\python3.9\lib\site-packages\django\views\generic\base.py", line 104, in view
    return self.dispatch(request, *args, **kwargs)
  File "C:\Program Files\python3.9\lib\site-packages\rest_framework\views.py", line 509, in dispatch
    response = self.handle_exception(exc)
  File "C:\Program Files\python3.9\lib\site-packages\rest_framework\views.py", line 469, in handle_exception
    self.raise_uncaught_exception(exc)
  File "C:\Program Files\python3.9\lib\site-packages\rest_framework\views.py", line 480, in raise_uncaught_exception
    raise exc
  File "C:\Program Files\python3.9\lib\site-packages\rest_framework\views.py", line 506, in dispatch
    response = handler(request, *args, **kwargs)
  File "F:\AutoTestCode(1)\FacebookScreenshot\views.py", line 14, in post
    AutoScreenshot().run()
TypeError: __init__() missing 2 required positional arguments: 'code' and 'links'
[2023-06-26 15:27:04,056][Thread-1:33536][task_id:django.request][log.py:241][ERROR][Internal Server Error: /facebookWebsite/facebook]
Traceback (most recent call last):
  File "C:\Program Files\python3.9\lib\site-packages\django\core\handlers\exception.py", line 55, in inner
    response = get_response(request)
  File "C:\Program Files\python3.9\lib\site-packages\django\core\handlers\base.py", line 197, in _get_response
    response = wrapped_callback(request, *callback_args, **callback_kwargs)
  File "C:\Program Files\python3.9\lib\site-packages\django\views\decorators\csrf.py", line 56, in wrapper_view
    return view_func(*args, **kwargs)
  File "C:\Program Files\python3.9\lib\site-packages\django\views\generic\base.py", line 104, in view
    return self.dispatch(request, *args, **kwargs)
  File "C:\Program Files\python3.9\lib\site-packages\rest_framework\views.py", line 509, in dispatch
    response = self.handle_exception(exc)
  File "C:\Program Files\python3.9\lib\site-packages\rest_framework\views.py", line 469, in handle_exception
    self.raise_uncaught_exception(exc)
  File "C:\Program Files\python3.9\lib\site-packages\rest_framework\views.py", line 480, in raise_uncaught_exception
    raise exc
  File "C:\Program Files\python3.9\lib\site-packages\rest_framework\views.py", line 506, in dispatch
    response = handler(request, *args, **kwargs)
  File "F:\AutoTestCode(1)\FacebookScreenshot\views.py", line 14, in post
    AutoScreenshot().run()
TypeError: __init__() missing 2 required positional arguments: 'code' and 'links'
[2023-06-26 15:27:56,085][MainThread:23500][task_id:django.utils.autoreload][autoreload.py:266][INFO][F:\AutoTestCode(1)\FacebookScreenshot\views.py changed, reloading.]
[2023-06-26 15:27:57,253][MainThread:38168][task_id:django.utils.autoreload][autoreload.py:668][INFO][Watching for file changes with StatReloader]
[2023-06-26 15:28:02,731][Thread-1:9416][task_id:django.request][log.py:241][ERROR][Internal Server Error: /facebookWebsite/facebook]
Traceback (most recent call last):
  File "C:\Program Files\python3.9\lib\site-packages\django\core\handlers\exception.py", line 55, in inner
    response = get_response(request)
  File "C:\Program Files\python3.9\lib\site-packages\django\core\handlers\base.py", line 197, in _get_response
    response = wrapped_callback(request, *callback_args, **callback_kwargs)
  File "C:\Program Files\python3.9\lib\site-packages\django\views\decorators\csrf.py", line 56, in wrapper_view
    return view_func(*args, **kwargs)
  File "C:\Program Files\python3.9\lib\site-packages\django\views\generic\base.py", line 104, in view
    return self.dispatch(request, *args, **kwargs)
  File "C:\Program Files\python3.9\lib\site-packages\rest_framework\views.py", line 511, in dispatch
    self.response = self.finalize_response(request, response, *args, **kwargs)
  File "C:\Program Files\python3.9\lib\site-packages\rest_framework\views.py", line 423, in finalize_response
    assert isinstance(response, HttpResponseBase), (
AssertionError: Expected a `Response`, `HttpResponse` or `HttpStreamingResponse` to be returned from the view, but received a `<class 'NoneType'>`
[2023-06-26 15:28:02,731][Thread-1:9416][task_id:django.request][log.py:241][ERROR][Internal Server Error: /facebookWebsite/facebook]
Traceback (most recent call last):
  File "C:\Program Files\python3.9\lib\site-packages\django\core\handlers\exception.py", line 55, in inner
    response = get_response(request)
  File "C:\Program Files\python3.9\lib\site-packages\django\core\handlers\base.py", line 197, in _get_response
    response = wrapped_callback(request, *callback_args, **callback_kwargs)
  File "C:\Program Files\python3.9\lib\site-packages\django\views\decorators\csrf.py", line 56, in wrapper_view
    return view_func(*args, **kwargs)
  File "C:\Program Files\python3.9\lib\site-packages\django\views\generic\base.py", line 104, in view
    return self.dispatch(request, *args, **kwargs)
  File "C:\Program Files\python3.9\lib\site-packages\rest_framework\views.py", line 511, in dispatch
    self.response = self.finalize_response(request, response, *args, **kwargs)
  File "C:\Program Files\python3.9\lib\site-packages\rest_framework\views.py", line 423, in finalize_response
    assert isinstance(response, HttpResponseBase), (
AssertionError: Expected a `Response`, `HttpResponse` or `HttpStreamingResponse` to be returned from the view, but received a `<class 'NoneType'>`
[2023-06-26 15:30:02,692][Thread-1:9416][task_id:django.request][log.py:241][ERROR][Internal Server Error: /facebookWebsite/facebook]
Traceback (most recent call last):
  File "C:\Program Files\python3.9\lib\site-packages\django\core\handlers\exception.py", line 55, in inner
    response = get_response(request)
  File "C:\Program Files\python3.9\lib\site-packages\django\core\handlers\base.py", line 197, in _get_response
    response = wrapped_callback(request, *callback_args, **callback_kwargs)
  File "C:\Program Files\python3.9\lib\site-packages\django\views\decorators\csrf.py", line 56, in wrapper_view
    return view_func(*args, **kwargs)
  File "C:\Program Files\python3.9\lib\site-packages\django\views\generic\base.py", line 104, in view
    return self.dispatch(request, *args, **kwargs)
  File "C:\Program Files\python3.9\lib\site-packages\rest_framework\views.py", line 511, in dispatch
    self.response = self.finalize_response(request, response, *args, **kwargs)
  File "C:\Program Files\python3.9\lib\site-packages\rest_framework\views.py", line 423, in finalize_response
    assert isinstance(response, HttpResponseBase), (
AssertionError: Expected a `Response`, `HttpResponse` or `HttpStreamingResponse` to be returned from the view, but received a `<class 'NoneType'>`
[2023-06-26 15:30:02,692][Thread-1:9416][task_id:django.request][log.py:241][ERROR][Internal Server Error: /facebookWebsite/facebook]
Traceback (most recent call last):
  File "C:\Program Files\python3.9\lib\site-packages\django\core\handlers\exception.py", line 55, in inner
    response = get_response(request)
  File "C:\Program Files\python3.9\lib\site-packages\django\core\handlers\base.py", line 197, in _get_response
    response = wrapped_callback(request, *callback_args, **callback_kwargs)
  File "C:\Program Files\python3.9\lib\site-packages\django\views\decorators\csrf.py", line 56, in wrapper_view
    return view_func(*args, **kwargs)
  File "C:\Program Files\python3.9\lib\site-packages\django\views\generic\base.py", line 104, in view
    return self.dispatch(request, *args, **kwargs)
  File "C:\Program Files\python3.9\lib\site-packages\rest_framework\views.py", line 511, in dispatch
    self.response = self.finalize_response(request, response, *args, **kwargs)
  File "C:\Program Files\python3.9\lib\site-packages\rest_framework\views.py", line 423, in finalize_response
    assert isinstance(response, HttpResponseBase), (
AssertionError: Expected a `Response`, `HttpResponse` or `HttpStreamingResponse` to be returned from the view, but received a `<class 'NoneType'>`
[2023-06-26 15:30:02,923][MainThread:38168][task_id:django.utils.autoreload][autoreload.py:266][INFO][F:\AutoTestCode(1)\FacebookScreenshot\views.py changed, reloading.]
[2023-06-26 15:30:03,996][MainThread:25088][task_id:django.utils.autoreload][autoreload.py:668][INFO][Watching for file changes with StatReloader]
[2023-06-26 15:30:23,293][Thread-1:31908][task_id:django.request][log.py:241][ERROR][Internal Server Error: /facebookWebsite/facebook]
Traceback (most recent call last):
  File "C:\Program Files\python3.9\lib\site-packages\django\core\handlers\exception.py", line 55, in inner
    response = get_response(request)
  File "C:\Program Files\python3.9\lib\site-packages\django\core\handlers\base.py", line 197, in _get_response
    response = wrapped_callback(request, *callback_args, **callback_kwargs)
  File "C:\Program Files\python3.9\lib\site-packages\django\views\decorators\csrf.py", line 56, in wrapper_view
    return view_func(*args, **kwargs)
  File "C:\Program Files\python3.9\lib\site-packages\django\views\generic\base.py", line 104, in view
    return self.dispatch(request, *args, **kwargs)
  File "C:\Program Files\python3.9\lib\site-packages\rest_framework\views.py", line 511, in dispatch
    self.response = self.finalize_response(request, response, *args, **kwargs)
  File "C:\Program Files\python3.9\lib\site-packages\rest_framework\views.py", line 423, in finalize_response
    assert isinstance(response, HttpResponseBase), (
AssertionError: Expected a `Response`, `HttpResponse` or `HttpStreamingResponse` to be returned from the view, but received a `<class 'dict'>`
[2023-06-26 15:30:23,293][Thread-1:31908][task_id:django.request][log.py:241][ERROR][Internal Server Error: /facebookWebsite/facebook]
Traceback (most recent call last):
  File "C:\Program Files\python3.9\lib\site-packages\django\core\handlers\exception.py", line 55, in inner
    response = get_response(request)
  File "C:\Program Files\python3.9\lib\site-packages\django\core\handlers\base.py", line 197, in _get_response
    response = wrapped_callback(request, *callback_args, **callback_kwargs)
  File "C:\Program Files\python3.9\lib\site-packages\django\views\decorators\csrf.py", line 56, in wrapper_view
    return view_func(*args, **kwargs)
  File "C:\Program Files\python3.9\lib\site-packages\django\views\generic\base.py", line 104, in view
    return self.dispatch(request, *args, **kwargs)
  File "C:\Program Files\python3.9\lib\site-packages\rest_framework\views.py", line 511, in dispatch
    self.response = self.finalize_response(request, response, *args, **kwargs)
  File "C:\Program Files\python3.9\lib\site-packages\rest_framework\views.py", line 423, in finalize_response
    assert isinstance(response, HttpResponseBase), (
AssertionError: Expected a `Response`, `HttpResponse` or `HttpStreamingResponse` to be returned from the view, but received a `<class 'dict'>`
[2023-06-26 15:31:05,427][MainThread:25088][task_id:django.utils.autoreload][autoreload.py:266][INFO][F:\AutoTestCode(1)\FacebookScreenshot\views.py changed, reloading.]
[2023-06-26 15:31:06,169][MainThread:26504][task_id:django.utils.autoreload][autoreload.py:668][INFO][Watching for file changes with StatReloader]
[2023-06-26 15:31:40,671][MainThread:26504][task_id:django.utils.autoreload][autoreload.py:266][INFO][F:\AutoTestCode(1)\FacebookScreenshot\facebookplaywright.py changed, reloading.]
[2023-06-26 15:31:41,495][MainThread:37444][task_id:django.utils.autoreload][autoreload.py:668][INFO][Watching for file changes with StatReloader]
[2023-06-26 15:32:20,840][Thread-1:39164][task_id:django.request][log.py:241][ERROR][Internal Server Error: /facebookWebsite/facebook]
Traceback (most recent call last):
  File "C:\Program Files\python3.9\lib\site-packages\django\core\handlers\exception.py", line 55, in inner
    response = get_response(request)
  File "C:\Program Files\python3.9\lib\site-packages\django\core\handlers\base.py", line 197, in _get_response
    response = wrapped_callback(request, *callback_args, **callback_kwargs)
  File "C:\Program Files\python3.9\lib\site-packages\django\views\decorators\csrf.py", line 56, in wrapper_view
    return view_func(*args, **kwargs)
  File "C:\Program Files\python3.9\lib\site-packages\django\views\generic\base.py", line 104, in view
    return self.dispatch(request, *args, **kwargs)
  File "C:\Program Files\python3.9\lib\site-packages\rest_framework\views.py", line 509, in dispatch
    response = self.handle_exception(exc)
  File "C:\Program Files\python3.9\lib\site-packages\rest_framework\views.py", line 469, in handle_exception
    self.raise_uncaught_exception(exc)
  File "C:\Program Files\python3.9\lib\site-packages\rest_framework\views.py", line 480, in raise_uncaught_exception
    raise exc
  File "C:\Program Files\python3.9\lib\site-packages\rest_framework\views.py", line 506, in dispatch
    response = handler(request, *args, **kwargs)
  File "F:\AutoTestCode(1)\FacebookScreenshot\views.py", line 17, in post
    asyncio.run(screen_shot.run())
  File "C:\Program Files\python3.9\lib\asyncio\runners.py", line 44, in run
    return loop.run_until_complete(main)
  File "C:\Program Files\python3.9\lib\asyncio\base_events.py", line 647, in run_until_complete
    return future.result()
  File "F:\AutoTestCode(1)\FacebookScreenshot\facebookplaywright.py", line 33, in run
    await self.login(context)
  File "F:\AutoTestCode(1)\FacebookScreenshot\facebookplaywright.py", line 22, in login
    await page.click("//button[@name=login]")
  File "C:\Program Files\python3.9\lib\site-packages\playwright\async_api\_generated.py", line 10049, in click
    await self._impl_obj.click(
  File "C:\Program Files\python3.9\lib\site-packages\playwright\_impl\_page.py", line 712, in click
    return await self._main_frame.click(**locals_to_params(locals()))
  File "C:\Program Files\python3.9\lib\site-packages\playwright\_impl\_frame.py", line 489, in click
    await self._channel.send("click", locals_to_params(locals()))
  File "C:\Program Files\python3.9\lib\site-packages\playwright\_impl\_connection.py", line 61, in send
    return await self._connection.wrap_api_call(
  File "C:\Program Files\python3.9\lib\site-packages\playwright\_impl\_connection.py", line 461, in wrap_api_call
    return await cb()
  File "C:\Program Files\python3.9\lib\site-packages\playwright\_impl\_connection.py", line 96, in inner_send
    result = next(iter(done)).result()
playwright._impl._api_types.TimeoutError: Timeout 30000ms exceeded.
=========================== logs ===========================
waiting for locator("xpath=//button[@name=login]")
============================================================
[2023-06-26 15:32:20,840][Thread-1:39164][task_id:django.request][log.py:241][ERROR][Internal Server Error: /facebookWebsite/facebook]
Traceback (most recent call last):
  File "C:\Program Files\python3.9\lib\site-packages\django\core\handlers\exception.py", line 55, in inner
    response = get_response(request)
  File "C:\Program Files\python3.9\lib\site-packages\django\core\handlers\base.py", line 197, in _get_response
    response = wrapped_callback(request, *callback_args, **callback_kwargs)
  File "C:\Program Files\python3.9\lib\site-packages\django\views\decorators\csrf.py", line 56, in wrapper_view
    return view_func(*args, **kwargs)
  File "C:\Program Files\python3.9\lib\site-packages\django\views\generic\base.py", line 104, in view
    return self.dispatch(request, *args, **kwargs)
  File "C:\Program Files\python3.9\lib\site-packages\rest_framework\views.py", line 509, in dispatch
    response = self.handle_exception(exc)
  File "C:\Program Files\python3.9\lib\site-packages\rest_framework\views.py", line 469, in handle_exception
    self.raise_uncaught_exception(exc)
  File "C:\Program Files\python3.9\lib\site-packages\rest_framework\views.py", line 480, in raise_uncaught_exception
    raise exc
  File "C:\Program Files\python3.9\lib\site-packages\rest_framework\views.py", line 506, in dispatch
    response = handler(request, *args, **kwargs)
  File "F:\AutoTestCode(1)\FacebookScreenshot\views.py", line 17, in post
    asyncio.run(screen_shot.run())
  File "C:\Program Files\python3.9\lib\asyncio\runners.py", line 44, in run
    return loop.run_until_complete(main)
  File "C:\Program Files\python3.9\lib\asyncio\base_events.py", line 647, in run_until_complete
    return future.result()
  File "F:\AutoTestCode(1)\FacebookScreenshot\facebookplaywright.py", line 33, in run
    await self.login(context)
  File "F:\AutoTestCode(1)\FacebookScreenshot\facebookplaywright.py", line 22, in login
    await page.click("//button[@name=login]")
  File "C:\Program Files\python3.9\lib\site-packages\playwright\async_api\_generated.py", line 10049, in click
    await self._impl_obj.click(
  File "C:\Program Files\python3.9\lib\site-packages\playwright\_impl\_page.py", line 712, in click
    return await self._main_frame.click(**locals_to_params(locals()))
  File "C:\Program Files\python3.9\lib\site-packages\playwright\_impl\_frame.py", line 489, in click
    await self._channel.send("click", locals_to_params(locals()))
  File "C:\Program Files\python3.9\lib\site-packages\playwright\_impl\_connection.py", line 61, in send
    return await self._connection.wrap_api_call(
  File "C:\Program Files\python3.9\lib\site-packages\playwright\_impl\_connection.py", line 461, in wrap_api_call
    return await cb()
  File "C:\Program Files\python3.9\lib\site-packages\playwright\_impl\_connection.py", line 96, in inner_send
    result = next(iter(done)).result()
playwright._impl._api_types.TimeoutError: Timeout 30000ms exceeded.
=========================== logs ===========================
waiting for locator("xpath=//button[@name=login]")
============================================================
[2023-06-26 15:38:07,356][MainThread:37444][task_id:django.utils.autoreload][autoreload.py:266][INFO][F:\AutoTestCode(1)\FacebookScreenshot\facebookplaywright.py changed, reloading.]
[2023-06-26 15:38:08,164][MainThread:21856][task_id:django.utils.autoreload][autoreload.py:668][INFO][Watching for file changes with StatReloader]
[2023-06-26 15:41:39,641][MainThread:21856][task_id:django.utils.autoreload][autoreload.py:266][INFO][F:\AutoTestCode(1)\FacebookScreenshot\facebookplaywright.py changed, reloading.]
[2023-06-26 15:41:40,373][MainThread:14584][task_id:django.utils.autoreload][autoreload.py:668][INFO][Watching for file changes with StatReloader]
[2023-06-26 15:41:56,487][MainThread:14584][task_id:django.utils.autoreload][autoreload.py:266][INFO][F:\AutoTestCode(1)\FacebookScreenshot\facebookplaywright.py changed, reloading.]
[2023-06-26 15:41:57,191][MainThread:19516][task_id:django.utils.autoreload][autoreload.py:668][INFO][Watching for file changes with StatReloader]
[2023-06-26 15:42:05,772][Thread-1:29504][task_id:django.request][log.py:241][ERROR][Internal Server Error: /facebookWebsite/facebook]
Traceback (most recent call last):
  File "C:\Program Files\python3.9\lib\site-packages\django\core\handlers\exception.py", line 55, in inner
    response = get_response(request)
  File "C:\Program Files\python3.9\lib\site-packages\django\core\handlers\base.py", line 197, in _get_response
    response = wrapped_callback(request, *callback_args, **callback_kwargs)
  File "C:\Program Files\python3.9\lib\site-packages\django\views\decorators\csrf.py", line 56, in wrapper_view
    return view_func(*args, **kwargs)
  File "C:\Program Files\python3.9\lib\site-packages\django\views\generic\base.py", line 104, in view
    return self.dispatch(request, *args, **kwargs)
  File "C:\Program Files\python3.9\lib\site-packages\rest_framework\views.py", line 509, in dispatch
    response = self.handle_exception(exc)
  File "C:\Program Files\python3.9\lib\site-packages\rest_framework\views.py", line 469, in handle_exception
    self.raise_uncaught_exception(exc)
  File "C:\Program Files\python3.9\lib\site-packages\rest_framework\views.py", line 480, in raise_uncaught_exception
    raise exc
  File "C:\Program Files\python3.9\lib\site-packages\rest_framework\views.py", line 506, in dispatch
    response = handler(request, *args, **kwargs)
  File "F:\AutoTestCode(1)\FacebookScreenshot\views.py", line 17, in post
    asyncio.run(screen_shot.run())
  File "C:\Program Files\python3.9\lib\asyncio\runners.py", line 44, in run
    return loop.run_until_complete(main)
  File "C:\Program Files\python3.9\lib\asyncio\base_events.py", line 647, in run_until_complete
    return future.result()
  File "F:\AutoTestCode(1)\FacebookScreenshot\facebookplaywright.py", line 35, in run
    context = await browser.new_context(storage_state=".login_data.json")
  File "C:\Program Files\python3.9\lib\site-packages\playwright\async_api\_generated.py", line 13974, in new_context
    await self._impl_obj.new_context(
  File "C:\Program Files\python3.9\lib\site-packages\playwright\_impl\_browser.py", line 124, in new_context
    await prepare_browser_context_params(params)
  File "C:\Program Files\python3.9\lib\site-packages\playwright\_impl\_browser.py", line 234, in prepare_browser_context_params
    (await async_readfile(storageState)).decode()
  File "C:\Program Files\python3.9\lib\site-packages\playwright\_impl\_helper.py", line 352, in async_readfile
    return await loop.run_in_executor(None, inner)
  File "C:\Program Files\python3.9\lib\concurrent\futures\thread.py", line 58, in run
    result = self.fn(*self.args, **self.kwargs)
  File "C:\Program Files\python3.9\lib\site-packages\playwright\_impl\_helper.py", line 348, in inner
    with open(file, "rb") as fh:
FileNotFoundError: [Errno 2] No such file or directory: '.login_data.json'
[2023-06-26 15:42:05,772][Thread-1:29504][task_id:django.request][log.py:241][ERROR][Internal Server Error: /facebookWebsite/facebook]
Traceback (most recent call last):
  File "C:\Program Files\python3.9\lib\site-packages\django\core\handlers\exception.py", line 55, in inner
    response = get_response(request)
  File "C:\Program Files\python3.9\lib\site-packages\django\core\handlers\base.py", line 197, in _get_response
    response = wrapped_callback(request, *callback_args, **callback_kwargs)
  File "C:\Program Files\python3.9\lib\site-packages\django\views\decorators\csrf.py", line 56, in wrapper_view
    return view_func(*args, **kwargs)
  File "C:\Program Files\python3.9\lib\site-packages\django\views\generic\base.py", line 104, in view
    return self.dispatch(request, *args, **kwargs)
  File "C:\Program Files\python3.9\lib\site-packages\rest_framework\views.py", line 509, in dispatch
    response = self.handle_exception(exc)
  File "C:\Program Files\python3.9\lib\site-packages\rest_framework\views.py", line 469, in handle_exception
    self.raise_uncaught_exception(exc)
  File "C:\Program Files\python3.9\lib\site-packages\rest_framework\views.py", line 480, in raise_uncaught_exception
    raise exc
  File "C:\Program Files\python3.9\lib\site-packages\rest_framework\views.py", line 506, in dispatch
    response = handler(request, *args, **kwargs)
  File "F:\AutoTestCode(1)\FacebookScreenshot\views.py", line 17, in post
    asyncio.run(screen_shot.run())
  File "C:\Program Files\python3.9\lib\asyncio\runners.py", line 44, in run
    return loop.run_until_complete(main)
  File "C:\Program Files\python3.9\lib\asyncio\base_events.py", line 647, in run_until_complete
    return future.result()
  File "F:\AutoTestCode(1)\FacebookScreenshot\facebookplaywright.py", line 35, in run
    context = await browser.new_context(storage_state=".login_data.json")
  File "C:\Program Files\python3.9\lib\site-packages\playwright\async_api\_generated.py", line 13974, in new_context
    await self._impl_obj.new_context(
  File "C:\Program Files\python3.9\lib\site-packages\playwright\_impl\_browser.py", line 124, in new_context
    await prepare_browser_context_params(params)
  File "C:\Program Files\python3.9\lib\site-packages\playwright\_impl\_browser.py", line 234, in prepare_browser_context_params
    (await async_readfile(storageState)).decode()
  File "C:\Program Files\python3.9\lib\site-packages\playwright\_impl\_helper.py", line 352, in async_readfile
    return await loop.run_in_executor(None, inner)
  File "C:\Program Files\python3.9\lib\concurrent\futures\thread.py", line 58, in run
    result = self.fn(*self.args, **self.kwargs)
  File "C:\Program Files\python3.9\lib\site-packages\playwright\_impl\_helper.py", line 348, in inner
    with open(file, "rb") as fh:
FileNotFoundError: [Errno 2] No such file or directory: '.login_data.json'
[2023-06-26 15:42:49,519][MainThread:19516][task_id:django.utils.autoreload][autoreload.py:266][INFO][F:\AutoTestCode(1)\FacebookScreenshot\facebookplaywright.py changed, reloading.]
[2023-06-26 15:42:50,290][MainThread:1948][task_id:django.utils.autoreload][autoreload.py:668][INFO][Watching for file changes with StatReloader]
[2023-06-26 15:43:30,402][MainThread:1948][task_id:django.utils.autoreload][autoreload.py:266][INFO][F:\AutoTestCode(1)\FacebookScreenshot\facebookplaywright.py changed, reloading.]
[2023-06-26 15:43:31,034][MainThread:25296][task_id:django.utils.autoreload][autoreload.py:668][INFO][Watching for file changes with StatReloader]
[2023-06-26 15:44:04,136][Thread-1:32616][task_id:django.request][log.py:241][ERROR][Internal Server Error: /facebookWebsite/facebook]
Traceback (most recent call last):
  File "C:\Program Files\python3.9\lib\site-packages\django\core\handlers\exception.py", line 55, in inner
    response = get_response(request)
  File "C:\Program Files\python3.9\lib\site-packages\django\core\handlers\base.py", line 197, in _get_response
    response = wrapped_callback(request, *callback_args, **callback_kwargs)
  File "C:\Program Files\python3.9\lib\site-packages\django\views\decorators\csrf.py", line 56, in wrapper_view
    return view_func(*args, **kwargs)
  File "C:\Program Files\python3.9\lib\site-packages\django\views\generic\base.py", line 104, in view
    return self.dispatch(request, *args, **kwargs)
  File "C:\Program Files\python3.9\lib\site-packages\rest_framework\views.py", line 509, in dispatch
    response = self.handle_exception(exc)
  File "C:\Program Files\python3.9\lib\site-packages\rest_framework\views.py", line 469, in handle_exception
    self.raise_uncaught_exception(exc)
  File "C:\Program Files\python3.9\lib\site-packages\rest_framework\views.py", line 480, in raise_uncaught_exception
    raise exc
  File "C:\Program Files\python3.9\lib\site-packages\rest_framework\views.py", line 506, in dispatch
    response = handler(request, *args, **kwargs)
  File "F:\AutoTestCode(1)\FacebookScreenshot\views.py", line 17, in post
    asyncio.run(screen_shot.run())
  File "C:\Program Files\python3.9\lib\asyncio\runners.py", line 44, in run
    return loop.run_until_complete(main)
  File "C:\Program Files\python3.9\lib\asyncio\base_events.py", line 647, in run_until_complete
    return future.result()
  File "F:\AutoTestCode(1)\FacebookScreenshot\facebookplaywright.py", line 35, in run
    context = await browser.new_context(storage_state=".login_data.json")
  File "C:\Program Files\python3.9\lib\site-packages\playwright\async_api\_generated.py", line 13974, in new_context
    await self._impl_obj.new_context(
  File "C:\Program Files\python3.9\lib\site-packages\playwright\_impl\_browser.py", line 124, in new_context
    await prepare_browser_context_params(params)
  File "C:\Program Files\python3.9\lib\site-packages\playwright\_impl\_browser.py", line 234, in prepare_browser_context_params
    (await async_readfile(storageState)).decode()
  File "C:\Program Files\python3.9\lib\site-packages\playwright\_impl\_helper.py", line 352, in async_readfile
    return await loop.run_in_executor(None, inner)
  File "C:\Program Files\python3.9\lib\concurrent\futures\thread.py", line 58, in run
    result = self.fn(*self.args, **self.kwargs)
  File "C:\Program Files\python3.9\lib\site-packages\playwright\_impl\_helper.py", line 348, in inner
    with open(file, "rb") as fh:
FileNotFoundError: [Errno 2] No such file or directory: '.login_data.json'
[2023-06-26 15:44:04,136][Thread-1:32616][task_id:django.request][log.py:241][ERROR][Internal Server Error: /facebookWebsite/facebook]
Traceback (most recent call last):
  File "C:\Program Files\python3.9\lib\site-packages\django\core\handlers\exception.py", line 55, in inner
    response = get_response(request)
  File "C:\Program Files\python3.9\lib\site-packages\django\core\handlers\base.py", line 197, in _get_response
    response = wrapped_callback(request, *callback_args, **callback_kwargs)
  File "C:\Program Files\python3.9\lib\site-packages\django\views\decorators\csrf.py", line 56, in wrapper_view
    return view_func(*args, **kwargs)
  File "C:\Program Files\python3.9\lib\site-packages\django\views\generic\base.py", line 104, in view
    return self.dispatch(request, *args, **kwargs)
  File "C:\Program Files\python3.9\lib\site-packages\rest_framework\views.py", line 509, in dispatch
    response = self.handle_exception(exc)
  File "C:\Program Files\python3.9\lib\site-packages\rest_framework\views.py", line 469, in handle_exception
    self.raise_uncaught_exception(exc)
  File "C:\Program Files\python3.9\lib\site-packages\rest_framework\views.py", line 480, in raise_uncaught_exception
    raise exc
  File "C:\Program Files\python3.9\lib\site-packages\rest_framework\views.py", line 506, in dispatch
    response = handler(request, *args, **kwargs)
  File "F:\AutoTestCode(1)\FacebookScreenshot\views.py", line 17, in post
    asyncio.run(screen_shot.run())
  File "C:\Program Files\python3.9\lib\asyncio\runners.py", line 44, in run
    return loop.run_until_complete(main)
  File "C:\Program Files\python3.9\lib\asyncio\base_events.py", line 647, in run_until_complete
    return future.result()
  File "F:\AutoTestCode(1)\FacebookScreenshot\facebookplaywright.py", line 35, in run
    context = await browser.new_context(storage_state=".login_data.json")
  File "C:\Program Files\python3.9\lib\site-packages\playwright\async_api\_generated.py", line 13974, in new_context
    await self._impl_obj.new_context(
  File "C:\Program Files\python3.9\lib\site-packages\playwright\_impl\_browser.py", line 124, in new_context
    await prepare_browser_context_params(params)
  File "C:\Program Files\python3.9\lib\site-packages\playwright\_impl\_browser.py", line 234, in prepare_browser_context_params
    (await async_readfile(storageState)).decode()
  File "C:\Program Files\python3.9\lib\site-packages\playwright\_impl\_helper.py", line 352, in async_readfile
    return await loop.run_in_executor(None, inner)
  File "C:\Program Files\python3.9\lib\concurrent\futures\thread.py", line 58, in run
    result = self.fn(*self.args, **self.kwargs)
  File "C:\Program Files\python3.9\lib\site-packages\playwright\_impl\_helper.py", line 348, in inner
    with open(file, "rb") as fh:
FileNotFoundError: [Errno 2] No such file or directory: '.login_data.json'
[2023-06-26 15:45:34,689][MainThread:25296][task_id:django.utils.autoreload][autoreload.py:266][INFO][F:\AutoTestCode(1)\FacebookScreenshot\facebookplaywright.py changed, reloading.]
[2023-06-26 15:45:35,661][MainThread:3316][task_id:django.utils.autoreload][autoreload.py:668][INFO][Watching for file changes with StatReloader]
[2023-06-26 15:48:12,692][MainThread:3316][task_id:django.utils.autoreload][autoreload.py:266][INFO][F:\AutoTestCode(1)\FacebookScreenshot\facebookplaywright.py changed, reloading.]
[2023-06-26 15:48:13,474][MainThread:32464][task_id:django.utils.autoreload][autoreload.py:668][INFO][Watching for file changes with StatReloader]
[2023-06-26 15:58:48,352][MainThread:32464][task_id:django.utils.autoreload][autoreload.py:266][INFO][F:\AutoTestCode(1)\FacebookScreenshot\facebookplaywright.py changed, reloading.]
[2023-06-26 15:58:49,129][MainThread:5456][task_id:django.utils.autoreload][autoreload.py:668][INFO][Watching for file changes with StatReloader]
[2023-06-26 15:59:19,669][MainThread:5456][task_id:django.utils.autoreload][autoreload.py:266][INFO][F:\AutoTestCode(1)\FacebookScreenshot\facebookplaywright.py changed, reloading.]
[2023-06-26 15:59:20,598][MainThread:14264][task_id:django.utils.autoreload][autoreload.py:668][INFO][Watching for file changes with StatReloader]
[2023-06-26 16:05:19,458][MainThread:14264][task_id:django.utils.autoreload][autoreload.py:266][INFO][F:\AutoTestCode(1)\FacebookScreenshot\facebookplaywright.py changed, reloading.]
[2023-06-26 16:05:20,817][MainThread:4348][task_id:django.utils.autoreload][autoreload.py:668][INFO][Watching for file changes with StatReloader]
[2023-06-26 16:24:25,906][MainThread:4348][task_id:django.utils.autoreload][autoreload.py:266][INFO][F:\AutoTestCode(1)\FacebookScreenshot\facebookplaywright.py changed, reloading.]
[2023-06-26 16:24:26,641][MainThread:41892][task_id:django.utils.autoreload][autoreload.py:668][INFO][Watching for file changes with StatReloader]
[2023-06-26 16:26:47,319][MainThread:41892][task_id:django.utils.autoreload][autoreload.py:266][INFO][F:\AutoTestCode(1)\FacebookScreenshot\facebookplaywright.py changed, reloading.]
[2023-06-26 16:26:48,216][MainThread:19552][task_id:django.utils.autoreload][autoreload.py:668][INFO][Watching for file changes with StatReloader]
[2023-06-26 16:27:59,752][MainThread:19552][task_id:django.utils.autoreload][autoreload.py:266][INFO][F:\AutoTestCode(1)\FacebookScreenshot\facebookplaywright.py changed, reloading.]
[2023-06-26 16:28:00,625][MainThread:11100][task_id:django.utils.autoreload][autoreload.py:668][INFO][Watching for file changes with StatReloader]
[2023-06-26 16:29:08,843][MainThread:11100][task_id:django.utils.autoreload][autoreload.py:266][INFO][F:\AutoTestCode(1)\FacebookScreenshot\facebookplaywright.py changed, reloading.]
[2023-06-26 16:29:09,746][MainThread:31344][task_id:django.utils.autoreload][autoreload.py:668][INFO][Watching for file changes with StatReloader]
[2023-06-26 16:30:34,197][MainThread:31344][task_id:django.utils.autoreload][autoreload.py:266][INFO][F:\AutoTestCode(1)\FacebookScreenshot\facebookplaywright.py changed, reloading.]
[2023-06-26 16:30:34,972][MainThread:26096][task_id:django.utils.autoreload][autoreload.py:668][INFO][Watching for file changes with StatReloader]
[2023-06-26 16:32:05,431][Thread-1:29888][task_id:django.request][log.py:241][ERROR][Internal Server Error: /facebookWebsite/facebook]
Traceback (most recent call last):
  File "C:\Program Files\python3.9\lib\site-packages\django\core\handlers\exception.py", line 55, in inner
    response = get_response(request)
  File "C:\Program Files\python3.9\lib\site-packages\django\core\handlers\base.py", line 197, in _get_response
    response = wrapped_callback(request, *callback_args, **callback_kwargs)
  File "C:\Program Files\python3.9\lib\site-packages\django\views\decorators\csrf.py", line 56, in wrapper_view
    return view_func(*args, **kwargs)
  File "C:\Program Files\python3.9\lib\site-packages\django\views\generic\base.py", line 104, in view
    return self.dispatch(request, *args, **kwargs)
  File "C:\Program Files\python3.9\lib\site-packages\rest_framework\views.py", line 509, in dispatch
    response = self.handle_exception(exc)
  File "C:\Program Files\python3.9\lib\site-packages\rest_framework\views.py", line 469, in handle_exception
    self.raise_uncaught_exception(exc)
  File "C:\Program Files\python3.9\lib\site-packages\rest_framework\views.py", line 480, in raise_uncaught_exception
    raise exc
  File "C:\Program Files\python3.9\lib\site-packages\rest_framework\views.py", line 506, in dispatch
    response = handler(request, *args, **kwargs)
  File "F:\AutoTestCode(1)\FacebookScreenshot\views.py", line 17, in post
    asyncio.run(screen_shot.run())
  File "C:\Program Files\python3.9\lib\asyncio\runners.py", line 44, in run
    return loop.run_until_complete(main)
  File "C:\Program Files\python3.9\lib\asyncio\base_events.py", line 647, in run_until_complete
    return future.result()
  File "F:\AutoTestCode(1)\FacebookScreenshot\facebookplaywright.py", line 67, in run
    result = asyncio.gather(*task)
RuntimeError: await wasn't used with future
[2023-06-26 16:32:05,431][Thread-1:29888][task_id:django.request][log.py:241][ERROR][Internal Server Error: /facebookWebsite/facebook]
Traceback (most recent call last):
  File "C:\Program Files\python3.9\lib\site-packages\django\core\handlers\exception.py", line 55, in inner
    response = get_response(request)
  File "C:\Program Files\python3.9\lib\site-packages\django\core\handlers\base.py", line 197, in _get_response
    response = wrapped_callback(request, *callback_args, **callback_kwargs)
  File "C:\Program Files\python3.9\lib\site-packages\django\views\decorators\csrf.py", line 56, in wrapper_view
    return view_func(*args, **kwargs)
  File "C:\Program Files\python3.9\lib\site-packages\django\views\generic\base.py", line 104, in view
    return self.dispatch(request, *args, **kwargs)
  File "C:\Program Files\python3.9\lib\site-packages\rest_framework\views.py", line 509, in dispatch
    response = self.handle_exception(exc)
  File "C:\Program Files\python3.9\lib\site-packages\rest_framework\views.py", line 469, in handle_exception
    self.raise_uncaught_exception(exc)
  File "C:\Program Files\python3.9\lib\site-packages\rest_framework\views.py", line 480, in raise_uncaught_exception
    raise exc
  File "C:\Program Files\python3.9\lib\site-packages\rest_framework\views.py", line 506, in dispatch
    response = handler(request, *args, **kwargs)
  File "F:\AutoTestCode(1)\FacebookScreenshot\views.py", line 17, in post
    asyncio.run(screen_shot.run())
  File "C:\Program Files\python3.9\lib\asyncio\runners.py", line 44, in run
    return loop.run_until_complete(main)
  File "C:\Program Files\python3.9\lib\asyncio\base_events.py", line 647, in run_until_complete
    return future.result()
  File "F:\AutoTestCode(1)\FacebookScreenshot\facebookplaywright.py", line 67, in run
    result = asyncio.gather(*task)
RuntimeError: await wasn't used with future
[2023-06-26 16:32:25,374][MainThread:26096][task_id:django.utils.autoreload][autoreload.py:266][INFO][F:\AutoTestCode(1)\FacebookScreenshot\facebookplaywright.py changed, reloading.]
[2023-06-26 16:32:25,405][MainThread:26096][task_id:asyncio][base_events.py:1753][ERROR][Task exception was never retrieved
future: <Task finished name='Task-5' coro=<AutoScreenshot.screenshot() done, defined at F:\AutoTestCode(1)\FacebookScreenshot\facebookplaywright.py:31> exception=TypeError('new_page() takes 1 positional argument but 2 were given')>]
Traceback (most recent call last):
  File "F:\AutoTestCode(1)\FacebookScreenshot\facebookplaywright.py", line 32, in screenshot
    page = await context.new_page(link)
TypeError: new_page() takes 1 positional argument but 2 were given
[2023-06-26 16:32:25,405][MainThread:26096][task_id:asyncio][base_events.py:1753][ERROR][Task exception was never retrieved
future: <Task finished name='Task-5' coro=<AutoScreenshot.screenshot() done, defined at F:\AutoTestCode(1)\FacebookScreenshot\facebookplaywright.py:31> exception=TypeError('new_page() takes 1 positional argument but 2 were given')>]
Traceback (most recent call last):
  File "F:\AutoTestCode(1)\FacebookScreenshot\facebookplaywright.py", line 32, in screenshot
    page = await context.new_page(link)
TypeError: new_page() takes 1 positional argument but 2 were given
[2023-06-26 16:32:26,109][MainThread:5220][task_id:django.utils.autoreload][autoreload.py:668][INFO][Watching for file changes with StatReloader]
[2023-06-26 16:32:32,508][Thread-1:30212][task_id:django.request][log.py:241][ERROR][Internal Server Error: /facebookWebsite/facebook]
Traceback (most recent call last):
  File "C:\Program Files\python3.9\lib\site-packages\django\core\handlers\exception.py", line 55, in inner
    response = get_response(request)
  File "C:\Program Files\python3.9\lib\site-packages\django\core\handlers\base.py", line 197, in _get_response
    response = wrapped_callback(request, *callback_args, **callback_kwargs)
  File "C:\Program Files\python3.9\lib\site-packages\django\views\decorators\csrf.py", line 56, in wrapper_view
    return view_func(*args, **kwargs)
  File "C:\Program Files\python3.9\lib\site-packages\django\views\generic\base.py", line 104, in view
    return self.dispatch(request, *args, **kwargs)
  File "C:\Program Files\python3.9\lib\site-packages\rest_framework\views.py", line 509, in dispatch
    response = self.handle_exception(exc)
  File "C:\Program Files\python3.9\lib\site-packages\rest_framework\views.py", line 469, in handle_exception
    self.raise_uncaught_exception(exc)
  File "C:\Program Files\python3.9\lib\site-packages\rest_framework\views.py", line 480, in raise_uncaught_exception
    raise exc
  File "C:\Program Files\python3.9\lib\site-packages\rest_framework\views.py", line 506, in dispatch
    response = handler(request, *args, **kwargs)
  File "F:\AutoTestCode(1)\FacebookScreenshot\views.py", line 17, in post
    asyncio.run(screen_shot.run())
  File "C:\Program Files\python3.9\lib\asyncio\runners.py", line 44, in run
    return loop.run_until_complete(main)
  File "C:\Program Files\python3.9\lib\asyncio\base_events.py", line 647, in run_until_complete
    return future.result()
  File "F:\AutoTestCode(1)\FacebookScreenshot\facebookplaywright.py", line 67, in run
    result = await asyncio.gather(*task)
RuntimeError: await wasn't used with future
[2023-06-26 16:32:32,508][Thread-1:30212][task_id:django.request][log.py:241][ERROR][Internal Server Error: /facebookWebsite/facebook]
Traceback (most recent call last):
  File "C:\Program Files\python3.9\lib\site-packages\django\core\handlers\exception.py", line 55, in inner
    response = get_response(request)
  File "C:\Program Files\python3.9\lib\site-packages\django\core\handlers\base.py", line 197, in _get_response
    response = wrapped_callback(request, *callback_args, **callback_kwargs)
  File "C:\Program Files\python3.9\lib\site-packages\django\views\decorators\csrf.py", line 56, in wrapper_view
    return view_func(*args, **kwargs)
  File "C:\Program Files\python3.9\lib\site-packages\django\views\generic\base.py", line 104, in view
    return self.dispatch(request, *args, **kwargs)
  File "C:\Program Files\python3.9\lib\site-packages\rest_framework\views.py", line 509, in dispatch
    response = self.handle_exception(exc)
  File "C:\Program Files\python3.9\lib\site-packages\rest_framework\views.py", line 469, in handle_exception
    self.raise_uncaught_exception(exc)
  File "C:\Program Files\python3.9\lib\site-packages\rest_framework\views.py", line 480, in raise_uncaught_exception
    raise exc
  File "C:\Program Files\python3.9\lib\site-packages\rest_framework\views.py", line 506, in dispatch
    response = handler(request, *args, **kwargs)
  File "F:\AutoTestCode(1)\FacebookScreenshot\views.py", line 17, in post
    asyncio.run(screen_shot.run())
  File "C:\Program Files\python3.9\lib\asyncio\runners.py", line 44, in run
    return loop.run_until_complete(main)
  File "C:\Program Files\python3.9\lib\asyncio\base_events.py", line 647, in run_until_complete
    return future.result()
  File "F:\AutoTestCode(1)\FacebookScreenshot\facebookplaywright.py", line 67, in run
    result = await asyncio.gather(*task)
RuntimeError: await wasn't used with future
[2023-06-26 16:32:55,940][MainThread:5220][task_id:django.utils.autoreload][autoreload.py:266][INFO][F:\AutoTestCode(1)\FacebookScreenshot\facebookplaywright.py changed, reloading.]
[2023-06-26 16:32:55,973][MainThread:5220][task_id:asyncio][base_events.py:1753][ERROR][Task exception was never retrieved
future: <Task finished name='Task-5' coro=<AutoScreenshot.screenshot() done, defined at F:\AutoTestCode(1)\FacebookScreenshot\facebookplaywright.py:31> exception=TypeError('new_page() takes 1 positional argument but 2 were given')>]
Traceback (most recent call last):
  File "F:\AutoTestCode(1)\FacebookScreenshot\facebookplaywright.py", line 32, in screenshot
    page = await context.new_page(link)
TypeError: new_page() takes 1 positional argument but 2 were given
[2023-06-26 16:32:55,973][MainThread:5220][task_id:asyncio][base_events.py:1753][ERROR][Task exception was never retrieved
future: <Task finished name='Task-5' coro=<AutoScreenshot.screenshot() done, defined at F:\AutoTestCode(1)\FacebookScreenshot\facebookplaywright.py:31> exception=TypeError('new_page() takes 1 positional argument but 2 were given')>]
Traceback (most recent call last):
  File "F:\AutoTestCode(1)\FacebookScreenshot\facebookplaywright.py", line 32, in screenshot
    page = await context.new_page(link)
TypeError: new_page() takes 1 positional argument but 2 were given
[2023-06-26 16:32:56,847][MainThread:4568][task_id:django.utils.autoreload][autoreload.py:668][INFO][Watching for file changes with StatReloader]
[2023-06-26 16:33:02,830][Thread-1:17216][task_id:django.request][log.py:241][ERROR][Internal Server Error: /facebookWebsite/facebook]
Traceback (most recent call last):
  File "C:\Program Files\python3.9\lib\site-packages\django\core\handlers\exception.py", line 55, in inner
    response = get_response(request)
  File "C:\Program Files\python3.9\lib\site-packages\django\core\handlers\base.py", line 197, in _get_response
    response = wrapped_callback(request, *callback_args, **callback_kwargs)
  File "C:\Program Files\python3.9\lib\site-packages\django\views\decorators\csrf.py", line 56, in wrapper_view
    return view_func(*args, **kwargs)
  File "C:\Program Files\python3.9\lib\site-packages\django\views\generic\base.py", line 104, in view
    return self.dispatch(request, *args, **kwargs)
  File "C:\Program Files\python3.9\lib\site-packages\rest_framework\views.py", line 509, in dispatch
    response = self.handle_exception(exc)
  File "C:\Program Files\python3.9\lib\site-packages\rest_framework\views.py", line 469, in handle_exception
    self.raise_uncaught_exception(exc)
  File "C:\Program Files\python3.9\lib\site-packages\rest_framework\views.py", line 480, in raise_uncaught_exception
    raise exc
  File "C:\Program Files\python3.9\lib\site-packages\rest_framework\views.py", line 506, in dispatch
    response = handler(request, *args, **kwargs)
  File "F:\AutoTestCode(1)\FacebookScreenshot\views.py", line 17, in post
    asyncio.run(screen_shot.run())
  File "C:\Program Files\python3.9\lib\asyncio\runners.py", line 44, in run
    return loop.run_until_complete(main)
  File "C:\Program Files\python3.9\lib\asyncio\base_events.py", line 647, in run_until_complete
    return future.result()
  File "F:\AutoTestCode(1)\FacebookScreenshot\facebookplaywright.py", line 67, in run
    result = asyncio.gather(*task)
RuntimeError: await wasn't used with future
[2023-06-26 16:33:02,830][Thread-1:17216][task_id:django.request][log.py:241][ERROR][Internal Server Error: /facebookWebsite/facebook]
Traceback (most recent call last):
  File "C:\Program Files\python3.9\lib\site-packages\django\core\handlers\exception.py", line 55, in inner
    response = get_response(request)
  File "C:\Program Files\python3.9\lib\site-packages\django\core\handlers\base.py", line 197, in _get_response
    response = wrapped_callback(request, *callback_args, **callback_kwargs)
  File "C:\Program Files\python3.9\lib\site-packages\django\views\decorators\csrf.py", line 56, in wrapper_view
    return view_func(*args, **kwargs)
  File "C:\Program Files\python3.9\lib\site-packages\django\views\generic\base.py", line 104, in view
    return self.dispatch(request, *args, **kwargs)
  File "C:\Program Files\python3.9\lib\site-packages\rest_framework\views.py", line 509, in dispatch
    response = self.handle_exception(exc)
  File "C:\Program Files\python3.9\lib\site-packages\rest_framework\views.py", line 469, in handle_exception
    self.raise_uncaught_exception(exc)
  File "C:\Program Files\python3.9\lib\site-packages\rest_framework\views.py", line 480, in raise_uncaught_exception
    raise exc
  File "C:\Program Files\python3.9\lib\site-packages\rest_framework\views.py", line 506, in dispatch
    response = handler(request, *args, **kwargs)
  File "F:\AutoTestCode(1)\FacebookScreenshot\views.py", line 17, in post
    asyncio.run(screen_shot.run())
  File "C:\Program Files\python3.9\lib\asyncio\runners.py", line 44, in run
    return loop.run_until_complete(main)
  File "C:\Program Files\python3.9\lib\asyncio\base_events.py", line 647, in run_until_complete
    return future.result()
  File "F:\AutoTestCode(1)\FacebookScreenshot\facebookplaywright.py", line 67, in run
    result = asyncio.gather(*task)
RuntimeError: await wasn't used with future
[2023-06-26 16:35:49,159][MainThread:4568][task_id:django.utils.autoreload][autoreload.py:266][INFO][F:\AutoTestCode(1)\FacebookScreenshot\facebookplaywright.py changed, reloading.]
[2023-06-26 16:35:49,189][MainThread:4568][task_id:asyncio][base_events.py:1753][ERROR][Task exception was never retrieved
future: <Task finished name='Task-5' coro=<AutoScreenshot.screenshot() done, defined at F:\AutoTestCode(1)\FacebookScreenshot\facebookplaywright.py:31> exception=TypeError('new_page() takes 1 positional argument but 2 were given')>]
Traceback (most recent call last):
  File "F:\AutoTestCode(1)\FacebookScreenshot\facebookplaywright.py", line 32, in screenshot
    page = await context.new_page(link)
TypeError: new_page() takes 1 positional argument but 2 were given
[2023-06-26 16:35:49,189][MainThread:4568][task_id:asyncio][base_events.py:1753][ERROR][Task exception was never retrieved
future: <Task finished name='Task-5' coro=<AutoScreenshot.screenshot() done, defined at F:\AutoTestCode(1)\FacebookScreenshot\facebookplaywright.py:31> exception=TypeError('new_page() takes 1 positional argument but 2 were given')>]
Traceback (most recent call last):
  File "F:\AutoTestCode(1)\FacebookScreenshot\facebookplaywright.py", line 32, in screenshot
    page = await context.new_page(link)
TypeError: new_page() takes 1 positional argument but 2 were given
[2023-06-26 16:35:50,016][MainThread:30956][task_id:django.utils.autoreload][autoreload.py:668][INFO][Watching for file changes with StatReloader]
[2023-06-26 16:35:56,535][Thread-1:27084][task_id:django.request][log.py:241][ERROR][Internal Server Error: /facebookWebsite/facebook]
Traceback (most recent call last):
  File "C:\Program Files\python3.9\lib\site-packages\django\core\handlers\exception.py", line 55, in inner
    response = get_response(request)
  File "C:\Program Files\python3.9\lib\site-packages\django\core\handlers\base.py", line 197, in _get_response
    response = wrapped_callback(request, *callback_args, **callback_kwargs)
  File "C:\Program Files\python3.9\lib\site-packages\django\views\decorators\csrf.py", line 56, in wrapper_view
    return view_func(*args, **kwargs)
  File "C:\Program Files\python3.9\lib\site-packages\django\views\generic\base.py", line 104, in view
    return self.dispatch(request, *args, **kwargs)
  File "C:\Program Files\python3.9\lib\site-packages\rest_framework\views.py", line 509, in dispatch
    response = self.handle_exception(exc)
  File "C:\Program Files\python3.9\lib\site-packages\rest_framework\views.py", line 469, in handle_exception
    self.raise_uncaught_exception(exc)
  File "C:\Program Files\python3.9\lib\site-packages\rest_framework\views.py", line 480, in raise_uncaught_exception
    raise exc
  File "C:\Program Files\python3.9\lib\site-packages\rest_framework\views.py", line 506, in dispatch
    response = handler(request, *args, **kwargs)
  File "F:\AutoTestCode(1)\FacebookScreenshot\views.py", line 17, in post
    asyncio.run(screen_shot.run())
  File "C:\Program Files\python3.9\lib\asyncio\runners.py", line 44, in run
    return loop.run_until_complete(main)
  File "C:\Program Files\python3.9\lib\asyncio\base_events.py", line 647, in run_until_complete
    return future.result()
  File "F:\AutoTestCode(1)\FacebookScreenshot\facebookplaywright.py", line 67, in run
    result = await asyncio.gather(*task)
TypeError: asyncio.tasks.gather() argument after * must be an iterable, not coroutine
[2023-06-26 16:35:56,535][Thread-1:27084][task_id:django.request][log.py:241][ERROR][Internal Server Error: /facebookWebsite/facebook]
Traceback (most recent call last):
  File "C:\Program Files\python3.9\lib\site-packages\django\core\handlers\exception.py", line 55, in inner
    response = get_response(request)
  File "C:\Program Files\python3.9\lib\site-packages\django\core\handlers\base.py", line 197, in _get_response
    response = wrapped_callback(request, *callback_args, **callback_kwargs)
  File "C:\Program Files\python3.9\lib\site-packages\django\views\decorators\csrf.py", line 56, in wrapper_view
    return view_func(*args, **kwargs)
  File "C:\Program Files\python3.9\lib\site-packages\django\views\generic\base.py", line 104, in view
    return self.dispatch(request, *args, **kwargs)
  File "C:\Program Files\python3.9\lib\site-packages\rest_framework\views.py", line 509, in dispatch
    response = self.handle_exception(exc)
  File "C:\Program Files\python3.9\lib\site-packages\rest_framework\views.py", line 469, in handle_exception
    self.raise_uncaught_exception(exc)
  File "C:\Program Files\python3.9\lib\site-packages\rest_framework\views.py", line 480, in raise_uncaught_exception
    raise exc
  File "C:\Program Files\python3.9\lib\site-packages\rest_framework\views.py", line 506, in dispatch
    response = handler(request, *args, **kwargs)
  File "F:\AutoTestCode(1)\FacebookScreenshot\views.py", line 17, in post
    asyncio.run(screen_shot.run())
  File "C:\Program Files\python3.9\lib\asyncio\runners.py", line 44, in run
    return loop.run_until_complete(main)
  File "C:\Program Files\python3.9\lib\asyncio\base_events.py", line 647, in run_until_complete
    return future.result()
  File "F:\AutoTestCode(1)\FacebookScreenshot\facebookplaywright.py", line 67, in run
    result = await asyncio.gather(*task)
TypeError: asyncio.tasks.gather() argument after * must be an iterable, not coroutine
[2023-06-26 16:36:17,943][MainThread:30956][task_id:django.utils.autoreload][autoreload.py:266][INFO][F:\AutoTestCode(1)\FacebookScreenshot\facebookplaywright.py changed, reloading.]
[2023-06-26 16:36:18,652][MainThread:19604][task_id:django.utils.autoreload][autoreload.py:668][INFO][Watching for file changes with StatReloader]
[2023-06-26 16:36:25,981][Thread-1:38204][task_id:django.request][log.py:241][ERROR][Internal Server Error: /facebookWebsite/facebook]
Traceback (most recent call last):
  File "C:\Program Files\python3.9\lib\site-packages\django\core\handlers\exception.py", line 55, in inner
    response = get_response(request)
  File "C:\Program Files\python3.9\lib\site-packages\django\core\handlers\base.py", line 197, in _get_response
    response = wrapped_callback(request, *callback_args, **callback_kwargs)
  File "C:\Program Files\python3.9\lib\site-packages\django\views\decorators\csrf.py", line 56, in wrapper_view
    return view_func(*args, **kwargs)
  File "C:\Program Files\python3.9\lib\site-packages\django\views\generic\base.py", line 104, in view
    return self.dispatch(request, *args, **kwargs)
  File "C:\Program Files\python3.9\lib\site-packages\rest_framework\views.py", line 509, in dispatch
    response = self.handle_exception(exc)
  File "C:\Program Files\python3.9\lib\site-packages\rest_framework\views.py", line 469, in handle_exception
    self.raise_uncaught_exception(exc)
  File "C:\Program Files\python3.9\lib\site-packages\rest_framework\views.py", line 480, in raise_uncaught_exception
    raise exc
  File "C:\Program Files\python3.9\lib\site-packages\rest_framework\views.py", line 506, in dispatch
    response = handler(request, *args, **kwargs)
  File "F:\AutoTestCode(1)\FacebookScreenshot\views.py", line 17, in post
    asyncio.run(screen_shot.run())
  File "C:\Program Files\python3.9\lib\asyncio\runners.py", line 44, in run
    return loop.run_until_complete(main)
  File "C:\Program Files\python3.9\lib\asyncio\base_events.py", line 647, in run_until_complete
    return future.result()
  File "F:\AutoTestCode(1)\FacebookScreenshot\facebookplaywright.py", line 67, in run
    result = await asyncio.gather(*task_list)
  File "F:\AutoTestCode(1)\FacebookScreenshot\facebookplaywright.py", line 32, in screenshot
    page = await context.new_page(link)
TypeError: new_page() takes 1 positional argument but 2 were given
[2023-06-26 16:36:25,981][Thread-1:38204][task_id:django.request][log.py:241][ERROR][Internal Server Error: /facebookWebsite/facebook]
Traceback (most recent call last):
  File "C:\Program Files\python3.9\lib\site-packages\django\core\handlers\exception.py", line 55, in inner
    response = get_response(request)
  File "C:\Program Files\python3.9\lib\site-packages\django\core\handlers\base.py", line 197, in _get_response
    response = wrapped_callback(request, *callback_args, **callback_kwargs)
  File "C:\Program Files\python3.9\lib\site-packages\django\views\decorators\csrf.py", line 56, in wrapper_view
    return view_func(*args, **kwargs)
  File "C:\Program Files\python3.9\lib\site-packages\django\views\generic\base.py", line 104, in view
    return self.dispatch(request, *args, **kwargs)
  File "C:\Program Files\python3.9\lib\site-packages\rest_framework\views.py", line 509, in dispatch
    response = self.handle_exception(exc)
  File "C:\Program Files\python3.9\lib\site-packages\rest_framework\views.py", line 469, in handle_exception
    self.raise_uncaught_exception(exc)
  File "C:\Program Files\python3.9\lib\site-packages\rest_framework\views.py", line 480, in raise_uncaught_exception
    raise exc
  File "C:\Program Files\python3.9\lib\site-packages\rest_framework\views.py", line 506, in dispatch
    response = handler(request, *args, **kwargs)
  File "F:\AutoTestCode(1)\FacebookScreenshot\views.py", line 17, in post
    asyncio.run(screen_shot.run())
  File "C:\Program Files\python3.9\lib\asyncio\runners.py", line 44, in run
    return loop.run_until_complete(main)
  File "C:\Program Files\python3.9\lib\asyncio\base_events.py", line 647, in run_until_complete
    return future.result()
  File "F:\AutoTestCode(1)\FacebookScreenshot\facebookplaywright.py", line 67, in run
    result = await asyncio.gather(*task_list)
  File "F:\AutoTestCode(1)\FacebookScreenshot\facebookplaywright.py", line 32, in screenshot
    page = await context.new_page(link)
TypeError: new_page() takes 1 positional argument but 2 were given
[2023-06-26 16:36:59,962][MainThread:19604][task_id:django.utils.autoreload][autoreload.py:266][INFO][F:\AutoTestCode(1)\FacebookScreenshot\facebookplaywright.py changed, reloading.]
[2023-06-26 16:37:00,754][MainThread:9340][task_id:django.utils.autoreload][autoreload.py:668][INFO][Watching for file changes with StatReloader]
[2023-06-26 16:37:07,648][Thread-1:33160][task_id:django.request][log.py:241][ERROR][Internal Server Error: /facebookWebsite/facebook]
Traceback (most recent call last):
  File "C:\Program Files\python3.9\lib\site-packages\django\core\handlers\exception.py", line 55, in inner
    response = get_response(request)
  File "C:\Program Files\python3.9\lib\site-packages\django\core\handlers\base.py", line 197, in _get_response
    response = wrapped_callback(request, *callback_args, **callback_kwargs)
  File "C:\Program Files\python3.9\lib\site-packages\django\views\decorators\csrf.py", line 56, in wrapper_view
    return view_func(*args, **kwargs)
  File "C:\Program Files\python3.9\lib\site-packages\django\views\generic\base.py", line 104, in view
    return self.dispatch(request, *args, **kwargs)
  File "C:\Program Files\python3.9\lib\site-packages\rest_framework\views.py", line 509, in dispatch
    response = self.handle_exception(exc)
  File "C:\Program Files\python3.9\lib\site-packages\rest_framework\views.py", line 469, in handle_exception
    self.raise_uncaught_exception(exc)
  File "C:\Program Files\python3.9\lib\site-packages\rest_framework\views.py", line 480, in raise_uncaught_exception
    raise exc
  File "C:\Program Files\python3.9\lib\site-packages\rest_framework\views.py", line 506, in dispatch
    response = handler(request, *args, **kwargs)
  File "F:\AutoTestCode(1)\FacebookScreenshot\views.py", line 17, in post
    asyncio.run(screen_shot.run())
  File "C:\Program Files\python3.9\lib\asyncio\runners.py", line 44, in run
    return loop.run_until_complete(main)
  File "C:\Program Files\python3.9\lib\asyncio\base_events.py", line 647, in run_until_complete
    return future.result()
  File "F:\AutoTestCode(1)\FacebookScreenshot\facebookplaywright.py", line 68, in run
    result = await asyncio.gather(*task_list)
  File "F:\AutoTestCode(1)\FacebookScreenshot\facebookplaywright.py", line 33, in screenshot
    await page.goto(link)
  File "C:\Program Files\python3.9\lib\site-packages\playwright\async_api\_generated.py", line 9204, in goto
    await self._impl_obj.goto(
  File "C:\Program Files\python3.9\lib\site-packages\playwright\_impl\_page.py", line 495, in goto
    return await self._main_frame.goto(**locals_to_params(locals()))
  File "C:\Program Files\python3.9\lib\site-packages\playwright\_impl\_frame.py", line 147, in goto
    await self._channel.send("goto", locals_to_params(locals()))
  File "C:\Program Files\python3.9\lib\site-packages\playwright\_impl\_connection.py", line 61, in send
    return await self._connection.wrap_api_call(
  File "C:\Program Files\python3.9\lib\site-packages\playwright\_impl\_connection.py", line 461, in wrap_api_call
    return await cb()
  File "C:\Program Files\python3.9\lib\site-packages\playwright\_impl\_connection.py", line 96, in inner_send
    result = next(iter(done)).result()
playwright._impl._api_types.Error: net::ERR_PROXY_CONNECTION_FAILED at https://www.facebook.com/groups/1562498710710212?_rdc=1&_rdr
=========================== logs ===========================
navigating to "https://www.facebook.com/groups/1562498710710212?_rdc=1&_rdr", waiting until "load"
============================================================
[2023-06-26 16:37:07,648][Thread-1:33160][task_id:django.request][log.py:241][ERROR][Internal Server Error: /facebookWebsite/facebook]
Traceback (most recent call last):
  File "C:\Program Files\python3.9\lib\site-packages\django\core\handlers\exception.py", line 55, in inner
    response = get_response(request)
  File "C:\Program Files\python3.9\lib\site-packages\django\core\handlers\base.py", line 197, in _get_response
    response = wrapped_callback(request, *callback_args, **callback_kwargs)
  File "C:\Program Files\python3.9\lib\site-packages\django\views\decorators\csrf.py", line 56, in wrapper_view
    return view_func(*args, **kwargs)
  File "C:\Program Files\python3.9\lib\site-packages\django\views\generic\base.py", line 104, in view
    return self.dispatch(request, *args, **kwargs)
  File "C:\Program Files\python3.9\lib\site-packages\rest_framework\views.py", line 509, in dispatch
    response = self.handle_exception(exc)
  File "C:\Program Files\python3.9\lib\site-packages\rest_framework\views.py", line 469, in handle_exception
    self.raise_uncaught_exception(exc)
  File "C:\Program Files\python3.9\lib\site-packages\rest_framework\views.py", line 480, in raise_uncaught_exception
    raise exc
  File "C:\Program Files\python3.9\lib\site-packages\rest_framework\views.py", line 506, in dispatch
    response = handler(request, *args, **kwargs)
  File "F:\AutoTestCode(1)\FacebookScreenshot\views.py", line 17, in post
    asyncio.run(screen_shot.run())
  File "C:\Program Files\python3.9\lib\asyncio\runners.py", line 44, in run
    return loop.run_until_complete(main)
  File "C:\Program Files\python3.9\lib\asyncio\base_events.py", line 647, in run_until_complete
    return future.result()
  File "F:\AutoTestCode(1)\FacebookScreenshot\facebookplaywright.py", line 68, in run
    result = await asyncio.gather(*task_list)
  File "F:\AutoTestCode(1)\FacebookScreenshot\facebookplaywright.py", line 33, in screenshot
    await page.goto(link)
  File "C:\Program Files\python3.9\lib\site-packages\playwright\async_api\_generated.py", line 9204, in goto
    await self._impl_obj.goto(
  File "C:\Program Files\python3.9\lib\site-packages\playwright\_impl\_page.py", line 495, in goto
    return await self._main_frame.goto(**locals_to_params(locals()))
  File "C:\Program Files\python3.9\lib\site-packages\playwright\_impl\_frame.py", line 147, in goto
    await self._channel.send("goto", locals_to_params(locals()))
  File "C:\Program Files\python3.9\lib\site-packages\playwright\_impl\_connection.py", line 61, in send
    return await self._connection.wrap_api_call(
  File "C:\Program Files\python3.9\lib\site-packages\playwright\_impl\_connection.py", line 461, in wrap_api_call
    return await cb()
  File "C:\Program Files\python3.9\lib\site-packages\playwright\_impl\_connection.py", line 96, in inner_send
    result = next(iter(done)).result()
playwright._impl._api_types.Error: net::ERR_PROXY_CONNECTION_FAILED at https://www.facebook.com/groups/1562498710710212?_rdc=1&_rdr
=========================== logs ===========================
navigating to "https://www.facebook.com/groups/1562498710710212?_rdc=1&_rdr", waiting until "load"
============================================================
[2023-06-26 16:37:38,954][Thread-1:33160][task_id:django.request][log.py:241][ERROR][Internal Server Error: /facebookWebsite/facebook]
Traceback (most recent call last):
  File "C:\Program Files\python3.9\lib\site-packages\django\core\handlers\exception.py", line 55, in inner
    response = get_response(request)
  File "C:\Program Files\python3.9\lib\site-packages\django\core\handlers\base.py", line 197, in _get_response
    response = wrapped_callback(request, *callback_args, **callback_kwargs)
  File "C:\Program Files\python3.9\lib\site-packages\django\views\decorators\csrf.py", line 56, in wrapper_view
    return view_func(*args, **kwargs)
  File "C:\Program Files\python3.9\lib\site-packages\django\views\generic\base.py", line 104, in view
    return self.dispatch(request, *args, **kwargs)
  File "C:\Program Files\python3.9\lib\site-packages\rest_framework\views.py", line 509, in dispatch
    response = self.handle_exception(exc)
  File "C:\Program Files\python3.9\lib\site-packages\rest_framework\views.py", line 469, in handle_exception
    self.raise_uncaught_exception(exc)
  File "C:\Program Files\python3.9\lib\site-packages\rest_framework\views.py", line 480, in raise_uncaught_exception
    raise exc
  File "C:\Program Files\python3.9\lib\site-packages\rest_framework\views.py", line 506, in dispatch
    response = handler(request, *args, **kwargs)
  File "F:\AutoTestCode(1)\FacebookScreenshot\views.py", line 17, in post
    asyncio.run(screen_shot.run())
  File "C:\Program Files\python3.9\lib\asyncio\runners.py", line 44, in run
    return loop.run_until_complete(main)
  File "C:\Program Files\python3.9\lib\asyncio\base_events.py", line 647, in run_until_complete
    return future.result()
  File "F:\AutoTestCode(1)\FacebookScreenshot\facebookplaywright.py", line 68, in run
    result = await asyncio.gather(*task_list)
  File "F:\AutoTestCode(1)\FacebookScreenshot\facebookplaywright.py", line 34, in screenshot
    await page.get_by_role(role="combobox").fill(self.code)
  File "C:\Program Files\python3.9\lib\site-packages\playwright\async_api\_generated.py", line 15774, in fill
    await self._impl_obj.fill(
  File "C:\Program Files\python3.9\lib\site-packages\playwright\_impl\_locator.py", line 212, in fill
    return await self._frame.fill(self._selector, strict=True, **params)
  File "C:\Program Files\python3.9\lib\site-packages\playwright\_impl\_frame.py", line 528, in fill
    await self._channel.send("fill", locals_to_params(locals()))
  File "C:\Program Files\python3.9\lib\site-packages\playwright\_impl\_connection.py", line 61, in send
    return await self._connection.wrap_api_call(
  File "C:\Program Files\python3.9\lib\site-packages\playwright\_impl\_connection.py", line 461, in wrap_api_call
    return await cb()
  File "C:\Program Files\python3.9\lib\site-packages\playwright\_impl\_connection.py", line 96, in inner_send
    result = next(iter(done)).result()
playwright._impl._api_types.Error: value: expected string, got object
[2023-06-26 16:37:38,954][Thread-1:33160][task_id:django.request][log.py:241][ERROR][Internal Server Error: /facebookWebsite/facebook]
Traceback (most recent call last):
  File "C:\Program Files\python3.9\lib\site-packages\django\core\handlers\exception.py", line 55, in inner
    response = get_response(request)
  File "C:\Program Files\python3.9\lib\site-packages\django\core\handlers\base.py", line 197, in _get_response
    response = wrapped_callback(request, *callback_args, **callback_kwargs)
  File "C:\Program Files\python3.9\lib\site-packages\django\views\decorators\csrf.py", line 56, in wrapper_view
    return view_func(*args, **kwargs)
  File "C:\Program Files\python3.9\lib\site-packages\django\views\generic\base.py", line 104, in view
    return self.dispatch(request, *args, **kwargs)
  File "C:\Program Files\python3.9\lib\site-packages\rest_framework\views.py", line 509, in dispatch
    response = self.handle_exception(exc)
  File "C:\Program Files\python3.9\lib\site-packages\rest_framework\views.py", line 469, in handle_exception
    self.raise_uncaught_exception(exc)
  File "C:\Program Files\python3.9\lib\site-packages\rest_framework\views.py", line 480, in raise_uncaught_exception
    raise exc
  File "C:\Program Files\python3.9\lib\site-packages\rest_framework\views.py", line 506, in dispatch
    response = handler(request, *args, **kwargs)
  File "F:\AutoTestCode(1)\FacebookScreenshot\views.py", line 17, in post
    asyncio.run(screen_shot.run())
  File "C:\Program Files\python3.9\lib\asyncio\runners.py", line 44, in run
    return loop.run_until_complete(main)
  File "C:\Program Files\python3.9\lib\asyncio\base_events.py", line 647, in run_until_complete
    return future.result()
  File "F:\AutoTestCode(1)\FacebookScreenshot\facebookplaywright.py", line 68, in run
    result = await asyncio.gather(*task_list)
  File "F:\AutoTestCode(1)\FacebookScreenshot\facebookplaywright.py", line 34, in screenshot
    await page.get_by_role(role="combobox").fill(self.code)
  File "C:\Program Files\python3.9\lib\site-packages\playwright\async_api\_generated.py", line 15774, in fill
    await self._impl_obj.fill(
  File "C:\Program Files\python3.9\lib\site-packages\playwright\_impl\_locator.py", line 212, in fill
    return await self._frame.fill(self._selector, strict=True, **params)
  File "C:\Program Files\python3.9\lib\site-packages\playwright\_impl\_frame.py", line 528, in fill
    await self._channel.send("fill", locals_to_params(locals()))
  File "C:\Program Files\python3.9\lib\site-packages\playwright\_impl\_connection.py", line 61, in send
    return await self._connection.wrap_api_call(
  File "C:\Program Files\python3.9\lib\site-packages\playwright\_impl\_connection.py", line 461, in wrap_api_call
    return await cb()
  File "C:\Program Files\python3.9\lib\site-packages\playwright\_impl\_connection.py", line 96, in inner_send
    result = next(iter(done)).result()
playwright._impl._api_types.Error: value: expected string, got object
[2023-06-26 16:40:45,226][MainThread:9340][task_id:django.utils.autoreload][autoreload.py:266][INFO][F:\AutoTestCode(1)\FacebookScreenshot\facebookplaywright.py changed, reloading.]
[2023-06-26 16:40:45,889][MainThread:40980][task_id:django.utils.autoreload][autoreload.py:668][INFO][Watching for file changes with StatReloader]
[2023-06-26 16:41:11,578][MainThread:40980][task_id:django.utils.autoreload][autoreload.py:266][INFO][F:\AutoTestCode(1)\FacebookScreenshot\facebookplaywright.py changed, reloading.]
[2023-06-26 16:41:12,244][MainThread:33884][task_id:django.utils.autoreload][autoreload.py:668][INFO][Watching for file changes with StatReloader]
[2023-06-26 16:41:29,939][Thread-1:14736][task_id:django.request][log.py:241][ERROR][Internal Server Error: /facebookWebsite/facebook]
Traceback (most recent call last):
  File "C:\Program Files\python3.9\lib\site-packages\django\core\handlers\exception.py", line 55, in inner
    response = get_response(request)
  File "C:\Program Files\python3.9\lib\site-packages\django\core\handlers\base.py", line 197, in _get_response
    response = wrapped_callback(request, *callback_args, **callback_kwargs)
  File "C:\Program Files\python3.9\lib\site-packages\django\views\decorators\csrf.py", line 56, in wrapper_view
    return view_func(*args, **kwargs)
  File "C:\Program Files\python3.9\lib\site-packages\django\views\generic\base.py", line 104, in view
    return self.dispatch(request, *args, **kwargs)
  File "C:\Program Files\python3.9\lib\site-packages\rest_framework\views.py", line 509, in dispatch
    response = self.handle_exception(exc)
  File "C:\Program Files\python3.9\lib\site-packages\rest_framework\views.py", line 469, in handle_exception
    self.raise_uncaught_exception(exc)
  File "C:\Program Files\python3.9\lib\site-packages\rest_framework\views.py", line 480, in raise_uncaught_exception
    raise exc
  File "C:\Program Files\python3.9\lib\site-packages\rest_framework\views.py", line 506, in dispatch
    response = handler(request, *args, **kwargs)
  File "F:\AutoTestCode(1)\FacebookScreenshot\views.py", line 17, in post
    asyncio.run(screen_shot.run())
  File "C:\Program Files\python3.9\lib\asyncio\runners.py", line 44, in run
    return loop.run_until_complete(main)
  File "C:\Program Files\python3.9\lib\asyncio\base_events.py", line 647, in run_until_complete
    return future.result()
  File "F:\AutoTestCode(1)\FacebookScreenshot\facebookplaywright.py", line 70, in run
    result = await asyncio.gather(*task_list)
  File "F:\AutoTestCode(1)\FacebookScreenshot\facebookplaywright.py", line 34, in screenshot
    await page.wait_for_load_state(10000)
  File "C:\Program Files\python3.9\lib\site-packages\playwright\async_api\_generated.py", line 9311, in wait_for_load_state
    await self._impl_obj.wait_for_load_state(state=state, timeout=timeout)
  File "C:\Program Files\python3.9\lib\site-packages\playwright\_impl\_page.py", line 511, in wait_for_load_state
    return await self._main_frame.wait_for_load_state(**locals_to_params(locals()))
  File "C:\Program Files\python3.9\lib\site-packages\playwright\_impl\_frame.py", line 242, in wait_for_load_state
    return await self._wait_for_load_state_impl(state, timeout)
  File "C:\Program Files\python3.9\lib\site-packages\playwright\_impl\_frame.py", line 250, in _wait_for_load_state_impl
    raise Error(
playwright._impl._api_types.Error: state: expected one of (load|domcontentloaded|networkidle|commit)
[2023-06-26 16:41:29,939][Thread-1:14736][task_id:django.request][log.py:241][ERROR][Internal Server Error: /facebookWebsite/facebook]
Traceback (most recent call last):
  File "C:\Program Files\python3.9\lib\site-packages\django\core\handlers\exception.py", line 55, in inner
    response = get_response(request)
  File "C:\Program Files\python3.9\lib\site-packages\django\core\handlers\base.py", line 197, in _get_response
    response = wrapped_callback(request, *callback_args, **callback_kwargs)
  File "C:\Program Files\python3.9\lib\site-packages\django\views\decorators\csrf.py", line 56, in wrapper_view
    return view_func(*args, **kwargs)
  File "C:\Program Files\python3.9\lib\site-packages\django\views\generic\base.py", line 104, in view
    return self.dispatch(request, *args, **kwargs)
  File "C:\Program Files\python3.9\lib\site-packages\rest_framework\views.py", line 509, in dispatch
    response = self.handle_exception(exc)
  File "C:\Program Files\python3.9\lib\site-packages\rest_framework\views.py", line 469, in handle_exception
    self.raise_uncaught_exception(exc)
  File "C:\Program Files\python3.9\lib\site-packages\rest_framework\views.py", line 480, in raise_uncaught_exception
    raise exc
  File "C:\Program Files\python3.9\lib\site-packages\rest_framework\views.py", line 506, in dispatch
    response = handler(request, *args, **kwargs)
  File "F:\AutoTestCode(1)\FacebookScreenshot\views.py", line 17, in post
    asyncio.run(screen_shot.run())
  File "C:\Program Files\python3.9\lib\asyncio\runners.py", line 44, in run
    return loop.run_until_complete(main)
  File "C:\Program Files\python3.9\lib\asyncio\base_events.py", line 647, in run_until_complete
    return future.result()
  File "F:\AutoTestCode(1)\FacebookScreenshot\facebookplaywright.py", line 70, in run
    result = await asyncio.gather(*task_list)
  File "F:\AutoTestCode(1)\FacebookScreenshot\facebookplaywright.py", line 34, in screenshot
    await page.wait_for_load_state(10000)
  File "C:\Program Files\python3.9\lib\site-packages\playwright\async_api\_generated.py", line 9311, in wait_for_load_state
    await self._impl_obj.wait_for_load_state(state=state, timeout=timeout)
  File "C:\Program Files\python3.9\lib\site-packages\playwright\_impl\_page.py", line 511, in wait_for_load_state
    return await self._main_frame.wait_for_load_state(**locals_to_params(locals()))
  File "C:\Program Files\python3.9\lib\site-packages\playwright\_impl\_frame.py", line 242, in wait_for_load_state
    return await self._wait_for_load_state_impl(state, timeout)
  File "C:\Program Files\python3.9\lib\site-packages\playwright\_impl\_frame.py", line 250, in _wait_for_load_state_impl
    raise Error(
playwright._impl._api_types.Error: state: expected one of (load|domcontentloaded|networkidle|commit)
[2023-06-26 16:42:04,372][MainThread:33884][task_id:django.utils.autoreload][autoreload.py:266][INFO][F:\AutoTestCode(1)\FacebookScreenshot\facebookplaywright.py changed, reloading.]
[2023-06-26 16:42:05,156][MainThread:34704][task_id:django.utils.autoreload][autoreload.py:668][INFO][Watching for file changes with StatReloader]
[2023-06-26 16:42:23,207][Thread-1:30140][task_id:django.request][log.py:241][ERROR][Internal Server Error: /facebookWebsite/facebook]
Traceback (most recent call last):
  File "C:\Program Files\python3.9\lib\site-packages\django\core\handlers\exception.py", line 55, in inner
    response = get_response(request)
  File "C:\Program Files\python3.9\lib\site-packages\django\core\handlers\base.py", line 197, in _get_response
    response = wrapped_callback(request, *callback_args, **callback_kwargs)
  File "C:\Program Files\python3.9\lib\site-packages\django\views\decorators\csrf.py", line 56, in wrapper_view
    return view_func(*args, **kwargs)
  File "C:\Program Files\python3.9\lib\site-packages\django\views\generic\base.py", line 104, in view
    return self.dispatch(request, *args, **kwargs)
  File "C:\Program Files\python3.9\lib\site-packages\rest_framework\views.py", line 509, in dispatch
    response = self.handle_exception(exc)
  File "C:\Program Files\python3.9\lib\site-packages\rest_framework\views.py", line 469, in handle_exception
    self.raise_uncaught_exception(exc)
  File "C:\Program Files\python3.9\lib\site-packages\rest_framework\views.py", line 480, in raise_uncaught_exception
    raise exc
  File "C:\Program Files\python3.9\lib\site-packages\rest_framework\views.py", line 506, in dispatch
    response = handler(request, *args, **kwargs)
  File "F:\AutoTestCode(1)\FacebookScreenshot\views.py", line 17, in post
    asyncio.run(screen_shot.run())
  File "C:\Program Files\python3.9\lib\asyncio\runners.py", line 44, in run
    return loop.run_until_complete(main)
  File "C:\Program Files\python3.9\lib\asyncio\base_events.py", line 647, in run_until_complete
    return future.result()
  File "F:\AutoTestCode(1)\FacebookScreenshot\facebookplaywright.py", line 70, in run
    result = await asyncio.gather(*task_list)
  File "F:\AutoTestCode(1)\FacebookScreenshot\facebookplaywright.py", line 35, in screenshot
    await page.get_by_role("combobox").fill(self.code)
  File "C:\Program Files\python3.9\lib\site-packages\playwright\async_api\_generated.py", line 15774, in fill
    await self._impl_obj.fill(
  File "C:\Program Files\python3.9\lib\site-packages\playwright\_impl\_locator.py", line 212, in fill
    return await self._frame.fill(self._selector, strict=True, **params)
  File "C:\Program Files\python3.9\lib\site-packages\playwright\_impl\_frame.py", line 528, in fill
    await self._channel.send("fill", locals_to_params(locals()))
  File "C:\Program Files\python3.9\lib\site-packages\playwright\_impl\_connection.py", line 61, in send
    return await self._connection.wrap_api_call(
  File "C:\Program Files\python3.9\lib\site-packages\playwright\_impl\_connection.py", line 461, in wrap_api_call
    return await cb()
  File "C:\Program Files\python3.9\lib\site-packages\playwright\_impl\_connection.py", line 96, in inner_send
    result = next(iter(done)).result()
playwright._impl._api_types.Error: value: expected string, got object
[2023-06-26 16:42:23,207][Thread-1:30140][task_id:django.request][log.py:241][ERROR][Internal Server Error: /facebookWebsite/facebook]
Traceback (most recent call last):
  File "C:\Program Files\python3.9\lib\site-packages\django\core\handlers\exception.py", line 55, in inner
    response = get_response(request)
  File "C:\Program Files\python3.9\lib\site-packages\django\core\handlers\base.py", line 197, in _get_response
    response = wrapped_callback(request, *callback_args, **callback_kwargs)
  File "C:\Program Files\python3.9\lib\site-packages\django\views\decorators\csrf.py", line 56, in wrapper_view
    return view_func(*args, **kwargs)
  File "C:\Program Files\python3.9\lib\site-packages\django\views\generic\base.py", line 104, in view
    return self.dispatch(request, *args, **kwargs)
  File "C:\Program Files\python3.9\lib\site-packages\rest_framework\views.py", line 509, in dispatch
    response = self.handle_exception(exc)
  File "C:\Program Files\python3.9\lib\site-packages\rest_framework\views.py", line 469, in handle_exception
    self.raise_uncaught_exception(exc)
  File "C:\Program Files\python3.9\lib\site-packages\rest_framework\views.py", line 480, in raise_uncaught_exception
    raise exc
  File "C:\Program Files\python3.9\lib\site-packages\rest_framework\views.py", line 506, in dispatch
    response = handler(request, *args, **kwargs)
  File "F:\AutoTestCode(1)\FacebookScreenshot\views.py", line 17, in post
    asyncio.run(screen_shot.run())
  File "C:\Program Files\python3.9\lib\asyncio\runners.py", line 44, in run
    return loop.run_until_complete(main)
  File "C:\Program Files\python3.9\lib\asyncio\base_events.py", line 647, in run_until_complete
    return future.result()
  File "F:\AutoTestCode(1)\FacebookScreenshot\facebookplaywright.py", line 70, in run
    result = await asyncio.gather(*task_list)
  File "F:\AutoTestCode(1)\FacebookScreenshot\facebookplaywright.py", line 35, in screenshot
    await page.get_by_role("combobox").fill(self.code)
  File "C:\Program Files\python3.9\lib\site-packages\playwright\async_api\_generated.py", line 15774, in fill
    await self._impl_obj.fill(
  File "C:\Program Files\python3.9\lib\site-packages\playwright\_impl\_locator.py", line 212, in fill
    return await self._frame.fill(self._selector, strict=True, **params)
  File "C:\Program Files\python3.9\lib\site-packages\playwright\_impl\_frame.py", line 528, in fill
    await self._channel.send("fill", locals_to_params(locals()))
  File "C:\Program Files\python3.9\lib\site-packages\playwright\_impl\_connection.py", line 61, in send
    return await self._connection.wrap_api_call(
  File "C:\Program Files\python3.9\lib\site-packages\playwright\_impl\_connection.py", line 461, in wrap_api_call
    return await cb()
  File "C:\Program Files\python3.9\lib\site-packages\playwright\_impl\_connection.py", line 96, in inner_send
    result = next(iter(done)).result()
playwright._impl._api_types.Error: value: expected string, got object
[2023-06-26 16:42:56,328][MainThread:34704][task_id:django.utils.autoreload][autoreload.py:266][INFO][F:\AutoTestCode(1)\FacebookScreenshot\facebookplaywright.py changed, reloading.]
[2023-06-26 16:42:57,141][MainThread:36184][task_id:django.utils.autoreload][autoreload.py:668][INFO][Watching for file changes with StatReloader]
[2023-06-26 16:43:18,498][MainThread:36184][task_id:django.utils.autoreload][autoreload.py:266][INFO][F:\AutoTestCode(1)\FacebookScreenshot\views.py changed, reloading.]
[2023-06-26 16:43:19,370][MainThread:21080][task_id:django.utils.autoreload][autoreload.py:668][INFO][Watching for file changes with StatReloader]
[2023-06-26 16:43:39,340][Thread-1:27948][task_id:django.request][log.py:241][ERROR][Internal Server Error: /facebookWebsite/facebook]
Traceback (most recent call last):
  File "C:\Program Files\python3.9\lib\site-packages\django\core\handlers\exception.py", line 55, in inner
    response = get_response(request)
  File "C:\Program Files\python3.9\lib\site-packages\django\core\handlers\base.py", line 197, in _get_response
    response = wrapped_callback(request, *callback_args, **callback_kwargs)
  File "C:\Program Files\python3.9\lib\site-packages\django\views\decorators\csrf.py", line 56, in wrapper_view
    return view_func(*args, **kwargs)
  File "C:\Program Files\python3.9\lib\site-packages\django\views\generic\base.py", line 104, in view
    return self.dispatch(request, *args, **kwargs)
  File "C:\Program Files\python3.9\lib\site-packages\rest_framework\views.py", line 509, in dispatch
    response = self.handle_exception(exc)
  File "C:\Program Files\python3.9\lib\site-packages\rest_framework\views.py", line 469, in handle_exception
    self.raise_uncaught_exception(exc)
  File "C:\Program Files\python3.9\lib\site-packages\rest_framework\views.py", line 480, in raise_uncaught_exception
    raise exc
  File "C:\Program Files\python3.9\lib\site-packages\rest_framework\views.py", line 506, in dispatch
    response = handler(request, *args, **kwargs)
  File "F:\AutoTestCode(1)\FacebookScreenshot\views.py", line 19, in post
    asyncio.run(screen_shot.run())
  File "C:\Program Files\python3.9\lib\asyncio\runners.py", line 44, in run
    return loop.run_until_complete(main)
  File "C:\Program Files\python3.9\lib\asyncio\base_events.py", line 647, in run_until_complete
    return future.result()
  File "F:\AutoTestCode(1)\FacebookScreenshot\facebookplaywright.py", line 70, in run
    result = await asyncio.gather(*task_list)
  File "F:\AutoTestCode(1)\FacebookScreenshot\facebookplaywright.py", line 35, in screenshot
    await page.get_by_role("combobox").fill(self.code)
  File "C:\Program Files\python3.9\lib\site-packages\playwright\async_api\_generated.py", line 15774, in fill
    await self._impl_obj.fill(
  File "C:\Program Files\python3.9\lib\site-packages\playwright\_impl\_locator.py", line 212, in fill
    return await self._frame.fill(self._selector, strict=True, **params)
  File "C:\Program Files\python3.9\lib\site-packages\playwright\_impl\_frame.py", line 528, in fill
    await self._channel.send("fill", locals_to_params(locals()))
  File "C:\Program Files\python3.9\lib\site-packages\playwright\_impl\_connection.py", line 61, in send
    return await self._connection.wrap_api_call(
  File "C:\Program Files\python3.9\lib\site-packages\playwright\_impl\_connection.py", line 461, in wrap_api_call
    return await cb()
  File "C:\Program Files\python3.9\lib\site-packages\playwright\_impl\_connection.py", line 96, in inner_send
    result = next(iter(done)).result()
playwright._impl._api_types.Error: value: expected string, got object
[2023-06-26 16:43:39,340][Thread-1:27948][task_id:django.request][log.py:241][ERROR][Internal Server Error: /facebookWebsite/facebook]
Traceback (most recent call last):
  File "C:\Program Files\python3.9\lib\site-packages\django\core\handlers\exception.py", line 55, in inner
    response = get_response(request)
  File "C:\Program Files\python3.9\lib\site-packages\django\core\handlers\base.py", line 197, in _get_response
    response = wrapped_callback(request, *callback_args, **callback_kwargs)
  File "C:\Program Files\python3.9\lib\site-packages\django\views\decorators\csrf.py", line 56, in wrapper_view
    return view_func(*args, **kwargs)
  File "C:\Program Files\python3.9\lib\site-packages\django\views\generic\base.py", line 104, in view
    return self.dispatch(request, *args, **kwargs)
  File "C:\Program Files\python3.9\lib\site-packages\rest_framework\views.py", line 509, in dispatch
    response = self.handle_exception(exc)
  File "C:\Program Files\python3.9\lib\site-packages\rest_framework\views.py", line 469, in handle_exception
    self.raise_uncaught_exception(exc)
  File "C:\Program Files\python3.9\lib\site-packages\rest_framework\views.py", line 480, in raise_uncaught_exception
    raise exc
  File "C:\Program Files\python3.9\lib\site-packages\rest_framework\views.py", line 506, in dispatch
    response = handler(request, *args, **kwargs)
  File "F:\AutoTestCode(1)\FacebookScreenshot\views.py", line 19, in post
    asyncio.run(screen_shot.run())
  File "C:\Program Files\python3.9\lib\asyncio\runners.py", line 44, in run
    return loop.run_until_complete(main)
  File "C:\Program Files\python3.9\lib\asyncio\base_events.py", line 647, in run_until_complete
    return future.result()
  File "F:\AutoTestCode(1)\FacebookScreenshot\facebookplaywright.py", line 70, in run
    result = await asyncio.gather(*task_list)
  File "F:\AutoTestCode(1)\FacebookScreenshot\facebookplaywright.py", line 35, in screenshot
    await page.get_by_role("combobox").fill(self.code)
  File "C:\Program Files\python3.9\lib\site-packages\playwright\async_api\_generated.py", line 15774, in fill
    await self._impl_obj.fill(
  File "C:\Program Files\python3.9\lib\site-packages\playwright\_impl\_locator.py", line 212, in fill
    return await self._frame.fill(self._selector, strict=True, **params)
  File "C:\Program Files\python3.9\lib\site-packages\playwright\_impl\_frame.py", line 528, in fill
    await self._channel.send("fill", locals_to_params(locals()))
  File "C:\Program Files\python3.9\lib\site-packages\playwright\_impl\_connection.py", line 61, in send
    return await self._connection.wrap_api_call(
  File "C:\Program Files\python3.9\lib\site-packages\playwright\_impl\_connection.py", line 461, in wrap_api_call
    return await cb()
  File "C:\Program Files\python3.9\lib\site-packages\playwright\_impl\_connection.py", line 96, in inner_send
    result = next(iter(done)).result()
playwright._impl._api_types.Error: value: expected string, got object
[2023-06-26 16:44:35,244][MainThread:21080][task_id:django.utils.autoreload][autoreload.py:266][INFO][F:\AutoTestCode(1)\FacebookScreenshot\views.py changed, reloading.]
[2023-06-26 16:44:36,036][MainThread:26672][task_id:django.utils.autoreload][autoreload.py:668][INFO][Watching for file changes with StatReloader]
[2023-06-26 16:45:04,895][MainThread:26672][task_id:django.utils.autoreload][autoreload.py:266][INFO][F:\AutoTestCode(1)\FacebookScreenshot\facebookplaywright.py changed, reloading.]
[2023-06-26 16:45:05,687][MainThread:17196][task_id:django.utils.autoreload][autoreload.py:668][INFO][Watching for file changes with StatReloader]
[2023-06-26 16:46:09,413][Thread-1:21772][task_id:django.request][log.py:241][ERROR][Internal Server Error: /facebookWebsite/facebook]
Traceback (most recent call last):
  File "C:\Program Files\python3.9\lib\site-packages\django\core\handlers\exception.py", line 55, in inner
    response = get_response(request)
  File "C:\Program Files\python3.9\lib\site-packages\django\core\handlers\base.py", line 197, in _get_response
    response = wrapped_callback(request, *callback_args, **callback_kwargs)
  File "C:\Program Files\python3.9\lib\site-packages\django\views\decorators\csrf.py", line 56, in wrapper_view
    return view_func(*args, **kwargs)
  File "C:\Program Files\python3.9\lib\site-packages\django\views\generic\base.py", line 104, in view
    return self.dispatch(request, *args, **kwargs)
  File "C:\Program Files\python3.9\lib\site-packages\rest_framework\views.py", line 509, in dispatch
    response = self.handle_exception(exc)
  File "C:\Program Files\python3.9\lib\site-packages\rest_framework\views.py", line 469, in handle_exception
    self.raise_uncaught_exception(exc)
  File "C:\Program Files\python3.9\lib\site-packages\rest_framework\views.py", line 480, in raise_uncaught_exception
    raise exc
  File "C:\Program Files\python3.9\lib\site-packages\rest_framework\views.py", line 506, in dispatch
    response = handler(request, *args, **kwargs)
  File "F:\AutoTestCode(1)\FacebookScreenshot\views.py", line 17, in post
    asyncio.run(screen_shot.run())
  File "C:\Program Files\python3.9\lib\asyncio\runners.py", line 44, in run
    return loop.run_until_complete(main)
  File "C:\Program Files\python3.9\lib\asyncio\base_events.py", line 647, in run_until_complete
    return future.result()
  File "F:\AutoTestCode(1)\FacebookScreenshot\facebookplaywright.py", line 71, in run
    result = await asyncio.gather(*task_list)
  File "F:\AutoTestCode(1)\FacebookScreenshot\facebookplaywright.py", line 36, in screenshot
    await page.get_by_role("combobox").fill("hello")
  File "C:\Program Files\python3.9\lib\site-packages\playwright\async_api\_generated.py", line 15774, in fill
    await self._impl_obj.fill(
  File "C:\Program Files\python3.9\lib\site-packages\playwright\_impl\_locator.py", line 212, in fill
    return await self._frame.fill(self._selector, strict=True, **params)
  File "C:\Program Files\python3.9\lib\site-packages\playwright\_impl\_frame.py", line 528, in fill
    await self._channel.send("fill", locals_to_params(locals()))
  File "C:\Program Files\python3.9\lib\site-packages\playwright\_impl\_connection.py", line 61, in send
    return await self._connection.wrap_api_call(
  File "C:\Program Files\python3.9\lib\site-packages\playwright\_impl\_connection.py", line 461, in wrap_api_call
    return await cb()
  File "C:\Program Files\python3.9\lib\site-packages\playwright\_impl\_connection.py", line 96, in inner_send
    result = next(iter(done)).result()
playwright._impl._api_types.TimeoutError: Timeout 30000ms exceeded.
=========================== logs ===========================
waiting for get_by_role("combobox")
============================================================
[2023-06-26 16:46:09,413][Thread-1:21772][task_id:django.request][log.py:241][ERROR][Internal Server Error: /facebookWebsite/facebook]
Traceback (most recent call last):
  File "C:\Program Files\python3.9\lib\site-packages\django\core\handlers\exception.py", line 55, in inner
    response = get_response(request)
  File "C:\Program Files\python3.9\lib\site-packages\django\core\handlers\base.py", line 197, in _get_response
    response = wrapped_callback(request, *callback_args, **callback_kwargs)
  File "C:\Program Files\python3.9\lib\site-packages\django\views\decorators\csrf.py", line 56, in wrapper_view
    return view_func(*args, **kwargs)
  File "C:\Program Files\python3.9\lib\site-packages\django\views\generic\base.py", line 104, in view
    return self.dispatch(request, *args, **kwargs)
  File "C:\Program Files\python3.9\lib\site-packages\rest_framework\views.py", line 509, in dispatch
    response = self.handle_exception(exc)
  File "C:\Program Files\python3.9\lib\site-packages\rest_framework\views.py", line 469, in handle_exception
    self.raise_uncaught_exception(exc)
  File "C:\Program Files\python3.9\lib\site-packages\rest_framework\views.py", line 480, in raise_uncaught_exception
    raise exc
  File "C:\Program Files\python3.9\lib\site-packages\rest_framework\views.py", line 506, in dispatch
    response = handler(request, *args, **kwargs)
  File "F:\AutoTestCode(1)\FacebookScreenshot\views.py", line 17, in post
    asyncio.run(screen_shot.run())
  File "C:\Program Files\python3.9\lib\asyncio\runners.py", line 44, in run
    return loop.run_until_complete(main)
  File "C:\Program Files\python3.9\lib\asyncio\base_events.py", line 647, in run_until_complete
    return future.result()
  File "F:\AutoTestCode(1)\FacebookScreenshot\facebookplaywright.py", line 71, in run
    result = await asyncio.gather(*task_list)
  File "F:\AutoTestCode(1)\FacebookScreenshot\facebookplaywright.py", line 36, in screenshot
    await page.get_by_role("combobox").fill("hello")
  File "C:\Program Files\python3.9\lib\site-packages\playwright\async_api\_generated.py", line 15774, in fill
    await self._impl_obj.fill(
  File "C:\Program Files\python3.9\lib\site-packages\playwright\_impl\_locator.py", line 212, in fill
    return await self._frame.fill(self._selector, strict=True, **params)
  File "C:\Program Files\python3.9\lib\site-packages\playwright\_impl\_frame.py", line 528, in fill
    await self._channel.send("fill", locals_to_params(locals()))
  File "C:\Program Files\python3.9\lib\site-packages\playwright\_impl\_connection.py", line 61, in send
    return await self._connection.wrap_api_call(
  File "C:\Program Files\python3.9\lib\site-packages\playwright\_impl\_connection.py", line 461, in wrap_api_call
    return await cb()
  File "C:\Program Files\python3.9\lib\site-packages\playwright\_impl\_connection.py", line 96, in inner_send
    result = next(iter(done)).result()
playwright._impl._api_types.TimeoutError: Timeout 30000ms exceeded.
=========================== logs ===========================
waiting for get_by_role("combobox")
============================================================
[2023-06-26 16:47:11,772][MainThread:17196][task_id:django.utils.autoreload][autoreload.py:266][INFO][F:\AutoTestCode(1)\FacebookScreenshot\facebookplaywright.py changed, reloading.]
[2023-06-26 16:47:12,561][MainThread:22344][task_id:django.utils.autoreload][autoreload.py:668][INFO][Watching for file changes with StatReloader]
[2023-06-26 16:50:25,100][Thread-1:20476][task_id:django.request][log.py:241][ERROR][Internal Server Error: /facebookWebsite/facebook]
Traceback (most recent call last):
  File "C:\Program Files\python3.9\lib\site-packages\django\core\handlers\exception.py", line 55, in inner
    response = get_response(request)
  File "C:\Program Files\python3.9\lib\site-packages\django\core\handlers\base.py", line 197, in _get_response
    response = wrapped_callback(request, *callback_args, **callback_kwargs)
  File "C:\Program Files\python3.9\lib\site-packages\django\views\decorators\csrf.py", line 56, in wrapper_view
    return view_func(*args, **kwargs)
  File "C:\Program Files\python3.9\lib\site-packages\django\views\generic\base.py", line 104, in view
    return self.dispatch(request, *args, **kwargs)
  File "C:\Program Files\python3.9\lib\site-packages\rest_framework\views.py", line 509, in dispatch
    response = self.handle_exception(exc)
  File "C:\Program Files\python3.9\lib\site-packages\rest_framework\views.py", line 469, in handle_exception
    self.raise_uncaught_exception(exc)
  File "C:\Program Files\python3.9\lib\site-packages\rest_framework\views.py", line 480, in raise_uncaught_exception
    raise exc
  File "C:\Program Files\python3.9\lib\site-packages\rest_framework\views.py", line 506, in dispatch
    response = handler(request, *args, **kwargs)
  File "F:\AutoTestCode(1)\FacebookScreenshot\views.py", line 17, in post
    asyncio.run(screen_shot.run())
  File "C:\Program Files\python3.9\lib\asyncio\runners.py", line 44, in run
    return loop.run_until_complete(main)
  File "C:\Program Files\python3.9\lib\asyncio\base_events.py", line 647, in run_until_complete
    return future.result()
  File "F:\AutoTestCode(1)\FacebookScreenshot\facebookplaywright.py", line 69, in run
    result = await asyncio.gather(*task_list)
  File "F:\AutoTestCode(1)\FacebookScreenshot\facebookplaywright.py", line 35, in screenshot
    await page.get_by_role("combobox").fill(self.code)
  File "C:\Program Files\python3.9\lib\site-packages\playwright\async_api\_generated.py", line 15774, in fill
    await self._impl_obj.fill(
  File "C:\Program Files\python3.9\lib\site-packages\playwright\_impl\_locator.py", line 212, in fill
    return await self._frame.fill(self._selector, strict=True, **params)
  File "C:\Program Files\python3.9\lib\site-packages\playwright\_impl\_frame.py", line 528, in fill
    await self._channel.send("fill", locals_to_params(locals()))
  File "C:\Program Files\python3.9\lib\site-packages\playwright\_impl\_connection.py", line 61, in send
    return await self._connection.wrap_api_call(
  File "C:\Program Files\python3.9\lib\site-packages\playwright\_impl\_connection.py", line 461, in wrap_api_call
    return await cb()
  File "C:\Program Files\python3.9\lib\site-packages\playwright\_impl\_connection.py", line 96, in inner_send
    result = next(iter(done)).result()
playwright._impl._api_types.Error: Target closed
=========================== logs ===========================
waiting for get_by_role("combobox")
============================================================
[2023-06-26 16:50:25,100][Thread-1:20476][task_id:django.request][log.py:241][ERROR][Internal Server Error: /facebookWebsite/facebook]
Traceback (most recent call last):
  File "C:\Program Files\python3.9\lib\site-packages\django\core\handlers\exception.py", line 55, in inner
    response = get_response(request)
  File "C:\Program Files\python3.9\lib\site-packages\django\core\handlers\base.py", line 197, in _get_response
    response = wrapped_callback(request, *callback_args, **callback_kwargs)
  File "C:\Program Files\python3.9\lib\site-packages\django\views\decorators\csrf.py", line 56, in wrapper_view
    return view_func(*args, **kwargs)
  File "C:\Program Files\python3.9\lib\site-packages\django\views\generic\base.py", line 104, in view
    return self.dispatch(request, *args, **kwargs)
  File "C:\Program Files\python3.9\lib\site-packages\rest_framework\views.py", line 509, in dispatch
    response = self.handle_exception(exc)
  File "C:\Program Files\python3.9\lib\site-packages\rest_framework\views.py", line 469, in handle_exception
    self.raise_uncaught_exception(exc)
  File "C:\Program Files\python3.9\lib\site-packages\rest_framework\views.py", line 480, in raise_uncaught_exception
    raise exc
  File "C:\Program Files\python3.9\lib\site-packages\rest_framework\views.py", line 506, in dispatch
    response = handler(request, *args, **kwargs)
  File "F:\AutoTestCode(1)\FacebookScreenshot\views.py", line 17, in post
    asyncio.run(screen_shot.run())
  File "C:\Program Files\python3.9\lib\asyncio\runners.py", line 44, in run
    return loop.run_until_complete(main)
  File "C:\Program Files\python3.9\lib\asyncio\base_events.py", line 647, in run_until_complete
    return future.result()
  File "F:\AutoTestCode(1)\FacebookScreenshot\facebookplaywright.py", line 69, in run
    result = await asyncio.gather(*task_list)
  File "F:\AutoTestCode(1)\FacebookScreenshot\facebookplaywright.py", line 35, in screenshot
    await page.get_by_role("combobox").fill(self.code)
  File "C:\Program Files\python3.9\lib\site-packages\playwright\async_api\_generated.py", line 15774, in fill
    await self._impl_obj.fill(
  File "C:\Program Files\python3.9\lib\site-packages\playwright\_impl\_locator.py", line 212, in fill
    return await self._frame.fill(self._selector, strict=True, **params)
  File "C:\Program Files\python3.9\lib\site-packages\playwright\_impl\_frame.py", line 528, in fill
    await self._channel.send("fill", locals_to_params(locals()))
  File "C:\Program Files\python3.9\lib\site-packages\playwright\_impl\_connection.py", line 61, in send
    return await self._connection.wrap_api_call(
  File "C:\Program Files\python3.9\lib\site-packages\playwright\_impl\_connection.py", line 461, in wrap_api_call
    return await cb()
  File "C:\Program Files\python3.9\lib\site-packages\playwright\_impl\_connection.py", line 96, in inner_send
    result = next(iter(done)).result()
playwright._impl._api_types.Error: Target closed
=========================== logs ===========================
waiting for get_by_role("combobox")
============================================================
[2023-06-26 16:56:17,785][MainThread:22344][task_id:django.utils.autoreload][autoreload.py:266][INFO][F:\AutoTestCode(1)\FacebookScreenshot\facebookplaywright.py changed, reloading.]
[2023-06-26 16:56:18,841][MainThread:18376][task_id:django.utils.autoreload][autoreload.py:668][INFO][Watching for file changes with StatReloader]
[2023-06-26 16:56:36,339][MainThread:18376][task_id:django.utils.autoreload][autoreload.py:266][INFO][F:\AutoTestCode(1)\FacebookScreenshot\facebookplaywright.py changed, reloading.]
[2023-06-26 16:56:37,203][MainThread:39728][task_id:django.utils.autoreload][autoreload.py:668][INFO][Watching for file changes with StatReloader]
[2023-06-26 16:57:40,909][Thread-1:37652][task_id:django.request][log.py:241][ERROR][Internal Server Error: /facebookWebsite/facebook]
Traceback (most recent call last):
  File "C:\Program Files\python3.9\lib\site-packages\django\core\handlers\exception.py", line 55, in inner
    response = get_response(request)
  File "C:\Program Files\python3.9\lib\site-packages\django\core\handlers\base.py", line 197, in _get_response
    response = wrapped_callback(request, *callback_args, **callback_kwargs)
  File "C:\Program Files\python3.9\lib\site-packages\django\views\decorators\csrf.py", line 56, in wrapper_view
    return view_func(*args, **kwargs)
  File "C:\Program Files\python3.9\lib\site-packages\django\views\generic\base.py", line 104, in view
    return self.dispatch(request, *args, **kwargs)
  File "C:\Program Files\python3.9\lib\site-packages\rest_framework\views.py", line 509, in dispatch
    response = self.handle_exception(exc)
  File "C:\Program Files\python3.9\lib\site-packages\rest_framework\views.py", line 469, in handle_exception
    self.raise_uncaught_exception(exc)
  File "C:\Program Files\python3.9\lib\site-packages\rest_framework\views.py", line 480, in raise_uncaught_exception
    raise exc
  File "C:\Program Files\python3.9\lib\site-packages\rest_framework\views.py", line 506, in dispatch
    response = handler(request, *args, **kwargs)
  File "F:\AutoTestCode(1)\FacebookScreenshot\views.py", line 17, in post
    asyncio.run(screen_shot.run())
  File "C:\Program Files\python3.9\lib\asyncio\runners.py", line 44, in run
    return loop.run_until_complete(main)
  File "C:\Program Files\python3.9\lib\asyncio\base_events.py", line 647, in run_until_complete
    return future.result()
  File "F:\AutoTestCode(1)\FacebookScreenshot\facebookplaywright.py", line 70, in run
    result = await asyncio.gather(*task_list)
  File "F:\AutoTestCode(1)\FacebookScreenshot\facebookplaywright.py", line 34, in screenshot
    await page.goto(link)
  File "C:\Program Files\python3.9\lib\site-packages\playwright\async_api\_generated.py", line 9204, in goto
    await self._impl_obj.goto(
  File "C:\Program Files\python3.9\lib\site-packages\playwright\_impl\_page.py", line 495, in goto
    return await self._main_frame.goto(**locals_to_params(locals()))
  File "C:\Program Files\python3.9\lib\site-packages\playwright\_impl\_frame.py", line 147, in goto
    await self._channel.send("goto", locals_to_params(locals()))
  File "C:\Program Files\python3.9\lib\site-packages\playwright\_impl\_connection.py", line 61, in send
    return await self._connection.wrap_api_call(
  File "C:\Program Files\python3.9\lib\site-packages\playwright\_impl\_connection.py", line 461, in wrap_api_call
    return await cb()
  File "C:\Program Files\python3.9\lib\site-packages\playwright\_impl\_connection.py", line 96, in inner_send
    result = next(iter(done)).result()
playwright._impl._api_types.TimeoutError: Timeout 30000ms exceeded.
=========================== logs ===========================
navigating to "https://www.facebook.com/groups/1562498710710212?_rdc=1&_rdr", waiting until "load"
============================================================
[2023-06-26 16:57:40,909][Thread-1:37652][task_id:django.request][log.py:241][ERROR][Internal Server Error: /facebookWebsite/facebook]
Traceback (most recent call last):
  File "C:\Program Files\python3.9\lib\site-packages\django\core\handlers\exception.py", line 55, in inner
    response = get_response(request)
  File "C:\Program Files\python3.9\lib\site-packages\django\core\handlers\base.py", line 197, in _get_response
    response = wrapped_callback(request, *callback_args, **callback_kwargs)
  File "C:\Program Files\python3.9\lib\site-packages\django\views\decorators\csrf.py", line 56, in wrapper_view
    return view_func(*args, **kwargs)
  File "C:\Program Files\python3.9\lib\site-packages\django\views\generic\base.py", line 104, in view
    return self.dispatch(request, *args, **kwargs)
  File "C:\Program Files\python3.9\lib\site-packages\rest_framework\views.py", line 509, in dispatch
    response = self.handle_exception(exc)
  File "C:\Program Files\python3.9\lib\site-packages\rest_framework\views.py", line 469, in handle_exception
    self.raise_uncaught_exception(exc)
  File "C:\Program Files\python3.9\lib\site-packages\rest_framework\views.py", line 480, in raise_uncaught_exception
    raise exc
  File "C:\Program Files\python3.9\lib\site-packages\rest_framework\views.py", line 506, in dispatch
    response = handler(request, *args, **kwargs)
  File "F:\AutoTestCode(1)\FacebookScreenshot\views.py", line 17, in post
    asyncio.run(screen_shot.run())
  File "C:\Program Files\python3.9\lib\asyncio\runners.py", line 44, in run
    return loop.run_until_complete(main)
  File "C:\Program Files\python3.9\lib\asyncio\base_events.py", line 647, in run_until_complete
    return future.result()
  File "F:\AutoTestCode(1)\FacebookScreenshot\facebookplaywright.py", line 70, in run
    result = await asyncio.gather(*task_list)
  File "F:\AutoTestCode(1)\FacebookScreenshot\facebookplaywright.py", line 34, in screenshot
    await page.goto(link)
  File "C:\Program Files\python3.9\lib\site-packages\playwright\async_api\_generated.py", line 9204, in goto
    await self._impl_obj.goto(
  File "C:\Program Files\python3.9\lib\site-packages\playwright\_impl\_page.py", line 495, in goto
    return await self._main_frame.goto(**locals_to_params(locals()))
  File "C:\Program Files\python3.9\lib\site-packages\playwright\_impl\_frame.py", line 147, in goto
    await self._channel.send("goto", locals_to_params(locals()))
  File "C:\Program Files\python3.9\lib\site-packages\playwright\_impl\_connection.py", line 61, in send
    return await self._connection.wrap_api_call(
  File "C:\Program Files\python3.9\lib\site-packages\playwright\_impl\_connection.py", line 461, in wrap_api_call
    return await cb()
  File "C:\Program Files\python3.9\lib\site-packages\playwright\_impl\_connection.py", line 96, in inner_send
    result = next(iter(done)).result()
playwright._impl._api_types.TimeoutError: Timeout 30000ms exceeded.
=========================== logs ===========================
navigating to "https://www.facebook.com/groups/1562498710710212?_rdc=1&_rdr", waiting until "load"
============================================================
[2023-06-26 16:59:39,524][MainThread:39728][task_id:django.utils.autoreload][autoreload.py:266][INFO][F:\AutoTestCode(1)\FacebookScreenshot\facebookplaywright.py changed, reloading.]
[2023-06-26 16:59:40,498][MainThread:32464][task_id:django.utils.autoreload][autoreload.py:668][INFO][Watching for file changes with StatReloader]
[2023-06-26 17:04:24,107][MainThread:32464][task_id:django.utils.autoreload][autoreload.py:266][INFO][F:\AutoTestCode(1)\FacebookScreenshot\facebookplaywright.py changed, reloading.]
[2023-06-26 17:04:24,906][MainThread:37532][task_id:django.utils.autoreload][autoreload.py:668][INFO][Watching for file changes with StatReloader]
[2023-06-26 17:05:07,815][MainThread:37532][task_id:django.utils.autoreload][autoreload.py:266][INFO][F:\AutoTestCode(1)\FacebookScreenshot\facebookplaywright.py changed, reloading.]
[2023-06-26 17:05:09,042][MainThread:1068][task_id:django.utils.autoreload][autoreload.py:668][INFO][Watching for file changes with StatReloader]
[2023-06-26 17:06:58,746][MainThread:1068][task_id:django.utils.autoreload][autoreload.py:266][INFO][F:\AutoTestCode(1)\FacebookScreenshot\facebookplaywright.py changed, reloading.]
[2023-06-26 17:06:59,746][MainThread:22656][task_id:django.utils.autoreload][autoreload.py:668][INFO][Watching for file changes with StatReloader]
[2023-06-26 17:12:22,637][MainThread:22656][task_id:django.utils.autoreload][autoreload.py:266][INFO][F:\AutoTestCode(1)\FacebookScreenshot\facebookplaywright.py changed, reloading.]
[2023-06-26 17:12:23,486][MainThread:15976][task_id:django.utils.autoreload][autoreload.py:668][INFO][Watching for file changes with StatReloader]
[2023-06-26 17:15:21,007][MainThread:15976][task_id:django.utils.autoreload][autoreload.py:266][INFO][F:\AutoTestCode(1)\FacebookScreenshot\views.py changed, reloading.]
[2023-06-26 17:15:22,001][MainThread:35768][task_id:django.utils.autoreload][autoreload.py:668][INFO][Watching for file changes with StatReloader]
[2023-06-26 17:16:05,141][Thread-1:18156][task_id:django.request][log.py:241][ERROR][Internal Server Error: /facebookWebsite/facebook]
Traceback (most recent call last):
  File "C:\Program Files\python3.9\lib\site-packages\django\core\handlers\exception.py", line 55, in inner
    response = get_response(request)
  File "C:\Program Files\python3.9\lib\site-packages\django\core\handlers\base.py", line 197, in _get_response
    response = wrapped_callback(request, *callback_args, **callback_kwargs)
  File "C:\Program Files\python3.9\lib\site-packages\django\views\decorators\csrf.py", line 56, in wrapper_view
    return view_func(*args, **kwargs)
  File "C:\Program Files\python3.9\lib\site-packages\django\views\generic\base.py", line 104, in view
    return self.dispatch(request, *args, **kwargs)
  File "C:\Program Files\python3.9\lib\site-packages\rest_framework\views.py", line 509, in dispatch
    response = self.handle_exception(exc)
  File "C:\Program Files\python3.9\lib\site-packages\rest_framework\views.py", line 469, in handle_exception
    self.raise_uncaught_exception(exc)
  File "C:\Program Files\python3.9\lib\site-packages\rest_framework\views.py", line 480, in raise_uncaught_exception
    raise exc
  File "C:\Program Files\python3.9\lib\site-packages\rest_framework\views.py", line 506, in dispatch
    response = handler(request, *args, **kwargs)
  File "F:\AutoTestCode(1)\FacebookScreenshot\views.py", line 18, in post
    return JsonResponse({"code": 200, "message": [i for i in results]})
  File "C:\Program Files\python3.9\lib\site-packages\django\http\response.py", line 748, in __init__
    data = json.dumps(data, cls=encoder, **json_dumps_params)
  File "C:\Program Files\python3.9\lib\json\__init__.py", line 234, in dumps
    return cls(
  File "C:\Program Files\python3.9\lib\json\encoder.py", line 199, in encode
    chunks = self.iterencode(o, _one_shot=True)
  File "C:\Program Files\python3.9\lib\json\encoder.py", line 257, in iterencode
    return _iterencode(o, 0)
  File "C:\Program Files\python3.9\lib\site-packages\django\core\serializers\json.py", line 106, in default
    return super().default(o)
  File "C:\Program Files\python3.9\lib\json\encoder.py", line 179, in default
    raise TypeError(f'Object of type {o.__class__.__name__} '
TypeError: Object of type bytes is not JSON serializable
[2023-06-26 17:16:05,141][Thread-1:18156][task_id:django.request][log.py:241][ERROR][Internal Server Error: /facebookWebsite/facebook]
Traceback (most recent call last):
  File "C:\Program Files\python3.9\lib\site-packages\django\core\handlers\exception.py", line 55, in inner
    response = get_response(request)
  File "C:\Program Files\python3.9\lib\site-packages\django\core\handlers\base.py", line 197, in _get_response
    response = wrapped_callback(request, *callback_args, **callback_kwargs)
  File "C:\Program Files\python3.9\lib\site-packages\django\views\decorators\csrf.py", line 56, in wrapper_view
    return view_func(*args, **kwargs)
  File "C:\Program Files\python3.9\lib\site-packages\django\views\generic\base.py", line 104, in view
    return self.dispatch(request, *args, **kwargs)
  File "C:\Program Files\python3.9\lib\site-packages\rest_framework\views.py", line 509, in dispatch
    response = self.handle_exception(exc)
  File "C:\Program Files\python3.9\lib\site-packages\rest_framework\views.py", line 469, in handle_exception
    self.raise_uncaught_exception(exc)
  File "C:\Program Files\python3.9\lib\site-packages\rest_framework\views.py", line 480, in raise_uncaught_exception
    raise exc
  File "C:\Program Files\python3.9\lib\site-packages\rest_framework\views.py", line 506, in dispatch
    response = handler(request, *args, **kwargs)
  File "F:\AutoTestCode(1)\FacebookScreenshot\views.py", line 18, in post
    return JsonResponse({"code": 200, "message": [i for i in results]})
  File "C:\Program Files\python3.9\lib\site-packages\django\http\response.py", line 748, in __init__
    data = json.dumps(data, cls=encoder, **json_dumps_params)
  File "C:\Program Files\python3.9\lib\json\__init__.py", line 234, in dumps
    return cls(
  File "C:\Program Files\python3.9\lib\json\encoder.py", line 199, in encode
    chunks = self.iterencode(o, _one_shot=True)
  File "C:\Program Files\python3.9\lib\json\encoder.py", line 257, in iterencode
    return _iterencode(o, 0)
  File "C:\Program Files\python3.9\lib\site-packages\django\core\serializers\json.py", line 106, in default
    return super().default(o)
  File "C:\Program Files\python3.9\lib\json\encoder.py", line 179, in default
    raise TypeError(f'Object of type {o.__class__.__name__} '
TypeError: Object of type bytes is not JSON serializable
[2023-06-26 17:17:06,774][MainThread:35768][task_id:django.utils.autoreload][autoreload.py:266][INFO][F:\AutoTestCode(1)\FacebookScreenshot\facebookplaywright.py changed, reloading.]
[2023-06-26 17:17:07,903][MainThread:19312][task_id:django.utils.autoreload][autoreload.py:668][INFO][Watching for file changes with StatReloader]
[2023-06-26 17:17:27,103][Thread-1:23448][task_id:django.request][log.py:241][ERROR][Internal Server Error: /facebookWebsite/facebook]
Traceback (most recent call last):
  File "C:\Program Files\python3.9\lib\site-packages\django\core\handlers\exception.py", line 55, in inner
    response = get_response(request)
  File "C:\Program Files\python3.9\lib\site-packages\django\core\handlers\base.py", line 197, in _get_response
    response = wrapped_callback(request, *callback_args, **callback_kwargs)
  File "C:\Program Files\python3.9\lib\site-packages\django\views\decorators\csrf.py", line 56, in wrapper_view
    return view_func(*args, **kwargs)
  File "C:\Program Files\python3.9\lib\site-packages\django\views\generic\base.py", line 104, in view
    return self.dispatch(request, *args, **kwargs)
  File "C:\Program Files\python3.9\lib\site-packages\rest_framework\views.py", line 509, in dispatch
    response = self.handle_exception(exc)
  File "C:\Program Files\python3.9\lib\site-packages\rest_framework\views.py", line 469, in handle_exception
    self.raise_uncaught_exception(exc)
  File "C:\Program Files\python3.9\lib\site-packages\rest_framework\views.py", line 480, in raise_uncaught_exception
    raise exc
  File "C:\Program Files\python3.9\lib\site-packages\rest_framework\views.py", line 506, in dispatch
    response = handler(request, *args, **kwargs)
  File "F:\AutoTestCode(1)\FacebookScreenshot\views.py", line 18, in post
    return JsonResponse({"code": 200, "message": [i for i in results]})
  File "C:\Program Files\python3.9\lib\site-packages\django\http\response.py", line 748, in __init__
    data = json.dumps(data, cls=encoder, **json_dumps_params)
  File "C:\Program Files\python3.9\lib\json\__init__.py", line 234, in dumps
    return cls(
  File "C:\Program Files\python3.9\lib\json\encoder.py", line 199, in encode
    chunks = self.iterencode(o, _one_shot=True)
  File "C:\Program Files\python3.9\lib\json\encoder.py", line 257, in iterencode
    return _iterencode(o, 0)
  File "C:\Program Files\python3.9\lib\site-packages\django\core\serializers\json.py", line 106, in default
    return super().default(o)
  File "C:\Program Files\python3.9\lib\json\encoder.py", line 179, in default
    raise TypeError(f'Object of type {o.__class__.__name__} '
TypeError: Object of type bytes is not JSON serializable
[2023-06-26 17:17:27,103][Thread-1:23448][task_id:django.request][log.py:241][ERROR][Internal Server Error: /facebookWebsite/facebook]
Traceback (most recent call last):
  File "C:\Program Files\python3.9\lib\site-packages\django\core\handlers\exception.py", line 55, in inner
    response = get_response(request)
  File "C:\Program Files\python3.9\lib\site-packages\django\core\handlers\base.py", line 197, in _get_response
    response = wrapped_callback(request, *callback_args, **callback_kwargs)
  File "C:\Program Files\python3.9\lib\site-packages\django\views\decorators\csrf.py", line 56, in wrapper_view
    return view_func(*args, **kwargs)
  File "C:\Program Files\python3.9\lib\site-packages\django\views\generic\base.py", line 104, in view
    return self.dispatch(request, *args, **kwargs)
  File "C:\Program Files\python3.9\lib\site-packages\rest_framework\views.py", line 509, in dispatch
    response = self.handle_exception(exc)
  File "C:\Program Files\python3.9\lib\site-packages\rest_framework\views.py", line 469, in handle_exception
    self.raise_uncaught_exception(exc)
  File "C:\Program Files\python3.9\lib\site-packages\rest_framework\views.py", line 480, in raise_uncaught_exception
    raise exc
  File "C:\Program Files\python3.9\lib\site-packages\rest_framework\views.py", line 506, in dispatch
    response = handler(request, *args, **kwargs)
  File "F:\AutoTestCode(1)\FacebookScreenshot\views.py", line 18, in post
    return JsonResponse({"code": 200, "message": [i for i in results]})
  File "C:\Program Files\python3.9\lib\site-packages\django\http\response.py", line 748, in __init__
    data = json.dumps(data, cls=encoder, **json_dumps_params)
  File "C:\Program Files\python3.9\lib\json\__init__.py", line 234, in dumps
    return cls(
  File "C:\Program Files\python3.9\lib\json\encoder.py", line 199, in encode
    chunks = self.iterencode(o, _one_shot=True)
  File "C:\Program Files\python3.9\lib\json\encoder.py", line 257, in iterencode
    return _iterencode(o, 0)
  File "C:\Program Files\python3.9\lib\site-packages\django\core\serializers\json.py", line 106, in default
    return super().default(o)
  File "C:\Program Files\python3.9\lib\json\encoder.py", line 179, in default
    raise TypeError(f'Object of type {o.__class__.__name__} '
TypeError: Object of type bytes is not JSON serializable
[2023-06-26 17:17:59,961][MainThread:19312][task_id:django.utils.autoreload][autoreload.py:266][INFO][F:\AutoTestCode(1)\FacebookScreenshot\facebookplaywright.py changed, reloading.]
[2023-06-26 17:18:00,770][MainThread:21172][task_id:django.utils.autoreload][autoreload.py:668][INFO][Watching for file changes with StatReloader]
[2023-06-26 17:18:21,584][Thread-1:26992][task_id:django.request][log.py:241][ERROR][Internal Server Error: /facebookWebsite/facebook]
Traceback (most recent call last):
  File "C:\Program Files\python3.9\lib\site-packages\django\core\handlers\exception.py", line 55, in inner
    response = get_response(request)
  File "C:\Program Files\python3.9\lib\site-packages\django\core\handlers\base.py", line 197, in _get_response
    response = wrapped_callback(request, *callback_args, **callback_kwargs)
  File "C:\Program Files\python3.9\lib\site-packages\django\views\decorators\csrf.py", line 56, in wrapper_view
    return view_func(*args, **kwargs)
  File "C:\Program Files\python3.9\lib\site-packages\django\views\generic\base.py", line 104, in view
    return self.dispatch(request, *args, **kwargs)
  File "C:\Program Files\python3.9\lib\site-packages\rest_framework\views.py", line 509, in dispatch
    response = self.handle_exception(exc)
  File "C:\Program Files\python3.9\lib\site-packages\rest_framework\views.py", line 469, in handle_exception
    self.raise_uncaught_exception(exc)
  File "C:\Program Files\python3.9\lib\site-packages\rest_framework\views.py", line 480, in raise_uncaught_exception
    raise exc
  File "C:\Program Files\python3.9\lib\site-packages\rest_framework\views.py", line 506, in dispatch
    response = handler(request, *args, **kwargs)
  File "F:\AutoTestCode(1)\FacebookScreenshot\views.py", line 18, in post
    return JsonResponse({"code": 200, "message": [i for i in results]})
  File "C:\Program Files\python3.9\lib\site-packages\django\http\response.py", line 748, in __init__
    data = json.dumps(data, cls=encoder, **json_dumps_params)
  File "C:\Program Files\python3.9\lib\json\__init__.py", line 234, in dumps
    return cls(
  File "C:\Program Files\python3.9\lib\json\encoder.py", line 199, in encode
    chunks = self.iterencode(o, _one_shot=True)
  File "C:\Program Files\python3.9\lib\json\encoder.py", line 257, in iterencode
    return _iterencode(o, 0)
  File "C:\Program Files\python3.9\lib\site-packages\django\core\serializers\json.py", line 106, in default
    return super().default(o)
  File "C:\Program Files\python3.9\lib\json\encoder.py", line 179, in default
    raise TypeError(f'Object of type {o.__class__.__name__} '
TypeError: Object of type bytes is not JSON serializable
[2023-06-26 17:18:21,584][Thread-1:26992][task_id:django.request][log.py:241][ERROR][Internal Server Error: /facebookWebsite/facebook]
Traceback (most recent call last):
  File "C:\Program Files\python3.9\lib\site-packages\django\core\handlers\exception.py", line 55, in inner
    response = get_response(request)
  File "C:\Program Files\python3.9\lib\site-packages\django\core\handlers\base.py", line 197, in _get_response
    response = wrapped_callback(request, *callback_args, **callback_kwargs)
  File "C:\Program Files\python3.9\lib\site-packages\django\views\decorators\csrf.py", line 56, in wrapper_view
    return view_func(*args, **kwargs)
  File "C:\Program Files\python3.9\lib\site-packages\django\views\generic\base.py", line 104, in view
    return self.dispatch(request, *args, **kwargs)
  File "C:\Program Files\python3.9\lib\site-packages\rest_framework\views.py", line 509, in dispatch
    response = self.handle_exception(exc)
  File "C:\Program Files\python3.9\lib\site-packages\rest_framework\views.py", line 469, in handle_exception
    self.raise_uncaught_exception(exc)
  File "C:\Program Files\python3.9\lib\site-packages\rest_framework\views.py", line 480, in raise_uncaught_exception
    raise exc
  File "C:\Program Files\python3.9\lib\site-packages\rest_framework\views.py", line 506, in dispatch
    response = handler(request, *args, **kwargs)
  File "F:\AutoTestCode(1)\FacebookScreenshot\views.py", line 18, in post
    return JsonResponse({"code": 200, "message": [i for i in results]})
  File "C:\Program Files\python3.9\lib\site-packages\django\http\response.py", line 748, in __init__
    data = json.dumps(data, cls=encoder, **json_dumps_params)
  File "C:\Program Files\python3.9\lib\json\__init__.py", line 234, in dumps
    return cls(
  File "C:\Program Files\python3.9\lib\json\encoder.py", line 199, in encode
    chunks = self.iterencode(o, _one_shot=True)
  File "C:\Program Files\python3.9\lib\json\encoder.py", line 257, in iterencode
    return _iterencode(o, 0)
  File "C:\Program Files\python3.9\lib\site-packages\django\core\serializers\json.py", line 106, in default
    return super().default(o)
  File "C:\Program Files\python3.9\lib\json\encoder.py", line 179, in default
    raise TypeError(f'Object of type {o.__class__.__name__} '
TypeError: Object of type bytes is not JSON serializable
[2023-06-26 17:24:20,310][MainThread:21172][task_id:django.utils.autoreload][autoreload.py:266][INFO][F:\AutoTestCode(1)\FacebookScreenshot\facebookplaywright.py changed, reloading.]
[2023-06-26 17:24:21,891][MainThread:12916][task_id:django.utils.autoreload][autoreload.py:668][INFO][Watching for file changes with StatReloader]
[2023-06-26 17:24:42,425][Thread-1:25668][task_id:django.request][log.py:241][ERROR][Internal Server Error: /facebookWebsite/facebook]
Traceback (most recent call last):
  File "C:\Program Files\python3.9\lib\site-packages\django\core\handlers\exception.py", line 55, in inner
    response = get_response(request)
  File "C:\Program Files\python3.9\lib\site-packages\django\core\handlers\base.py", line 197, in _get_response
    response = wrapped_callback(request, *callback_args, **callback_kwargs)
  File "C:\Program Files\python3.9\lib\site-packages\django\views\decorators\csrf.py", line 56, in wrapper_view
    return view_func(*args, **kwargs)
  File "C:\Program Files\python3.9\lib\site-packages\django\views\generic\base.py", line 104, in view
    return self.dispatch(request, *args, **kwargs)
  File "C:\Program Files\python3.9\lib\site-packages\rest_framework\views.py", line 509, in dispatch
    response = self.handle_exception(exc)
  File "C:\Program Files\python3.9\lib\site-packages\rest_framework\views.py", line 469, in handle_exception
    self.raise_uncaught_exception(exc)
  File "C:\Program Files\python3.9\lib\site-packages\rest_framework\views.py", line 480, in raise_uncaught_exception
    raise exc
  File "C:\Program Files\python3.9\lib\site-packages\rest_framework\views.py", line 506, in dispatch
    response = handler(request, *args, **kwargs)
  File "F:\AutoTestCode(1)\FacebookScreenshot\views.py", line 17, in post
    results = asyncio.run(screen_shot.run())
  File "C:\Program Files\python3.9\lib\asyncio\runners.py", line 44, in run
    return loop.run_until_complete(main)
  File "C:\Program Files\python3.9\lib\asyncio\base_events.py", line 647, in run_until_complete
    return future.result()
  File "F:\AutoTestCode(1)\FacebookScreenshot\facebookplaywright.py", line 77, in run
    result = await asyncio.gather(*task_list)
  File "F:\AutoTestCode(1)\FacebookScreenshot\facebookplaywright.py", line 40, in screenshot
    await page.get_by_text(re.compile(f".*{self.code}.*")).scroll_into_view_if_needed()
  File "C:\Program Files\python3.9\lib\site-packages\playwright\async_api\_generated.py", line 17270, in scroll_into_view_if_needed
    await self._impl_obj.scroll_into_view_if_needed(timeout=timeout)
  File "C:\Program Files\python3.9\lib\site-packages\playwright\_impl\_locator.py", line 531, in scroll_into_view_if_needed
    return await self._with_element(
  File "C:\Program Files\python3.9\lib\site-packages\playwright\_impl\_locator.py", line 115, in _with_element
    handle = await self.element_handle(timeout=timeout)
  File "C:\Program Files\python3.9\lib\site-packages\playwright\_impl\_locator.py", line 315, in element_handle
    handle = await self._frame.wait_for_selector(
  File "C:\Program Files\python3.9\lib\site-packages\playwright\_impl\_frame.py", line 322, in wait_for_selector
    await self._channel.send("waitForSelector", locals_to_params(locals()))
  File "C:\Program Files\python3.9\lib\site-packages\playwright\_impl\_connection.py", line 61, in send
    return await self._connection.wrap_api_call(
  File "C:\Program Files\python3.9\lib\site-packages\playwright\_impl\_connection.py", line 461, in wrap_api_call
    return await cb()
  File "C:\Program Files\python3.9\lib\site-packages\playwright\_impl\_connection.py", line 96, in inner_send
    result = next(iter(done)).result()
playwright._impl._api_types.Error: Error: strict mode violation: get_by_text(re.compile(r".*40N1M3CS.*")) resolved to 5 elements:
    1) <span class="x193iq5w xeuugli x13faqbe x1vvkbs x1xmvt0>Code: 40N1M3CS 40% off</span> aka get_by_text("Code: 40N1M3CS 40% off")
    2) <div dir="auto">Code: 40N1M3CS   40</div> aka get_by_text("Code: 40N1M3CS 40", exact=True)
    3) <div>Save 40% on select product(s) with promo code 40N</div> aka get_by_text("Save 40% on select product(s) with promo code 40N1M3CS on Amazon.com")
    4) <div dir="auto">50% Off - 40N1M3CS (works on Light Silver 16pc On</div> aka get_by_text("50% Off - 40N1M3CS (works on Light Silver 16pc Only ) coupon + code")
    5) <div dir="auto">Code: 40N1M3CS</div> aka get_by_text("Code: 40N1M3CS", exact=True)

=========================== logs ===========================
waiting for get_by_text(re.compile(r".*40N1M3CS.*"))
============================================================
[2023-06-26 17:24:42,425][Thread-1:25668][task_id:django.request][log.py:241][ERROR][Internal Server Error: /facebookWebsite/facebook]
Traceback (most recent call last):
  File "C:\Program Files\python3.9\lib\site-packages\django\core\handlers\exception.py", line 55, in inner
    response = get_response(request)
  File "C:\Program Files\python3.9\lib\site-packages\django\core\handlers\base.py", line 197, in _get_response
    response = wrapped_callback(request, *callback_args, **callback_kwargs)
  File "C:\Program Files\python3.9\lib\site-packages\django\views\decorators\csrf.py", line 56, in wrapper_view
    return view_func(*args, **kwargs)
  File "C:\Program Files\python3.9\lib\site-packages\django\views\generic\base.py", line 104, in view
    return self.dispatch(request, *args, **kwargs)
  File "C:\Program Files\python3.9\lib\site-packages\rest_framework\views.py", line 509, in dispatch
    response = self.handle_exception(exc)
  File "C:\Program Files\python3.9\lib\site-packages\rest_framework\views.py", line 469, in handle_exception
    self.raise_uncaught_exception(exc)
  File "C:\Program Files\python3.9\lib\site-packages\rest_framework\views.py", line 480, in raise_uncaught_exception
    raise exc
  File "C:\Program Files\python3.9\lib\site-packages\rest_framework\views.py", line 506, in dispatch
    response = handler(request, *args, **kwargs)
  File "F:\AutoTestCode(1)\FacebookScreenshot\views.py", line 17, in post
    results = asyncio.run(screen_shot.run())
  File "C:\Program Files\python3.9\lib\asyncio\runners.py", line 44, in run
    return loop.run_until_complete(main)
  File "C:\Program Files\python3.9\lib\asyncio\base_events.py", line 647, in run_until_complete
    return future.result()
  File "F:\AutoTestCode(1)\FacebookScreenshot\facebookplaywright.py", line 77, in run
    result = await asyncio.gather(*task_list)
  File "F:\AutoTestCode(1)\FacebookScreenshot\facebookplaywright.py", line 40, in screenshot
    await page.get_by_text(re.compile(f".*{self.code}.*")).scroll_into_view_if_needed()
  File "C:\Program Files\python3.9\lib\site-packages\playwright\async_api\_generated.py", line 17270, in scroll_into_view_if_needed
    await self._impl_obj.scroll_into_view_if_needed(timeout=timeout)
  File "C:\Program Files\python3.9\lib\site-packages\playwright\_impl\_locator.py", line 531, in scroll_into_view_if_needed
    return await self._with_element(
  File "C:\Program Files\python3.9\lib\site-packages\playwright\_impl\_locator.py", line 115, in _with_element
    handle = await self.element_handle(timeout=timeout)
  File "C:\Program Files\python3.9\lib\site-packages\playwright\_impl\_locator.py", line 315, in element_handle
    handle = await self._frame.wait_for_selector(
  File "C:\Program Files\python3.9\lib\site-packages\playwright\_impl\_frame.py", line 322, in wait_for_selector
    await self._channel.send("waitForSelector", locals_to_params(locals()))
  File "C:\Program Files\python3.9\lib\site-packages\playwright\_impl\_connection.py", line 61, in send
    return await self._connection.wrap_api_call(
  File "C:\Program Files\python3.9\lib\site-packages\playwright\_impl\_connection.py", line 461, in wrap_api_call
    return await cb()
  File "C:\Program Files\python3.9\lib\site-packages\playwright\_impl\_connection.py", line 96, in inner_send
    result = next(iter(done)).result()
playwright._impl._api_types.Error: Error: strict mode violation: get_by_text(re.compile(r".*40N1M3CS.*")) resolved to 5 elements:
    1) <span class="x193iq5w xeuugli x13faqbe x1vvkbs x1xmvt0>Code: 40N1M3CS 40% off</span> aka get_by_text("Code: 40N1M3CS 40% off")
    2) <div dir="auto">Code: 40N1M3CS   40</div> aka get_by_text("Code: 40N1M3CS 40", exact=True)
    3) <div>Save 40% on select product(s) with promo code 40N</div> aka get_by_text("Save 40% on select product(s) with promo code 40N1M3CS on Amazon.com")
    4) <div dir="auto">50% Off - 40N1M3CS (works on Light Silver 16pc On</div> aka get_by_text("50% Off - 40N1M3CS (works on Light Silver 16pc Only ) coupon + code")
    5) <div dir="auto">Code: 40N1M3CS</div> aka get_by_text("Code: 40N1M3CS", exact=True)

=========================== logs ===========================
waiting for get_by_text(re.compile(r".*40N1M3CS.*"))
============================================================
[2023-06-26 17:25:12,965][Thread-1:25668][task_id:django.request][log.py:241][ERROR][Internal Server Error: /facebookWebsite/facebook]
Traceback (most recent call last):
  File "C:\Program Files\python3.9\lib\site-packages\django\core\handlers\exception.py", line 55, in inner
    response = get_response(request)
  File "C:\Program Files\python3.9\lib\site-packages\django\core\handlers\base.py", line 197, in _get_response
    response = wrapped_callback(request, *callback_args, **callback_kwargs)
  File "C:\Program Files\python3.9\lib\site-packages\django\views\decorators\csrf.py", line 56, in wrapper_view
    return view_func(*args, **kwargs)
  File "C:\Program Files\python3.9\lib\site-packages\django\views\generic\base.py", line 104, in view
    return self.dispatch(request, *args, **kwargs)
  File "C:\Program Files\python3.9\lib\site-packages\rest_framework\views.py", line 509, in dispatch
    response = self.handle_exception(exc)
  File "C:\Program Files\python3.9\lib\site-packages\rest_framework\views.py", line 469, in handle_exception
    self.raise_uncaught_exception(exc)
  File "C:\Program Files\python3.9\lib\site-packages\rest_framework\views.py", line 480, in raise_uncaught_exception
    raise exc
  File "C:\Program Files\python3.9\lib\site-packages\rest_framework\views.py", line 506, in dispatch
    response = handler(request, *args, **kwargs)
  File "F:\AutoTestCode(1)\FacebookScreenshot\views.py", line 17, in post
    results = asyncio.run(screen_shot.run())
  File "C:\Program Files\python3.9\lib\asyncio\runners.py", line 44, in run
    return loop.run_until_complete(main)
  File "C:\Program Files\python3.9\lib\asyncio\base_events.py", line 647, in run_until_complete
    return future.result()
  File "F:\AutoTestCode(1)\FacebookScreenshot\facebookplaywright.py", line 77, in run
    result = await asyncio.gather(*task_list)
  File "F:\AutoTestCode(1)\FacebookScreenshot\facebookplaywright.py", line 40, in screenshot
    await page.get_by_text(re.compile(f".*{self.code}.*")).scroll_into_view_if_needed()
  File "C:\Program Files\python3.9\lib\site-packages\playwright\async_api\_generated.py", line 17270, in scroll_into_view_if_needed
    await self._impl_obj.scroll_into_view_if_needed(timeout=timeout)
  File "C:\Program Files\python3.9\lib\site-packages\playwright\_impl\_locator.py", line 531, in scroll_into_view_if_needed
    return await self._with_element(
  File "C:\Program Files\python3.9\lib\site-packages\playwright\_impl\_locator.py", line 115, in _with_element
    handle = await self.element_handle(timeout=timeout)
  File "C:\Program Files\python3.9\lib\site-packages\playwright\_impl\_locator.py", line 315, in element_handle
    handle = await self._frame.wait_for_selector(
  File "C:\Program Files\python3.9\lib\site-packages\playwright\_impl\_frame.py", line 322, in wait_for_selector
    await self._channel.send("waitForSelector", locals_to_params(locals()))
  File "C:\Program Files\python3.9\lib\site-packages\playwright\_impl\_connection.py", line 61, in send
    return await self._connection.wrap_api_call(
  File "C:\Program Files\python3.9\lib\site-packages\playwright\_impl\_connection.py", line 461, in wrap_api_call
    return await cb()
  File "C:\Program Files\python3.9\lib\site-packages\playwright\_impl\_connection.py", line 96, in inner_send
    result = next(iter(done)).result()
playwright._impl._api_types.Error: Error: strict mode violation: get_by_text(re.compile(r".*40N1M3CS.*")) resolved to 5 elements:
    1) <span class="x193iq5w xeuugli x13faqbe x1vvkbs x1xmvt0>Code: 40N1M3CS 40% off</span> aka get_by_text("Code: 40N1M3CS 40% off")
    2) <div dir="auto">Code: 40N1M3CS   40</div> aka get_by_text("Code: 40N1M3CS 40", exact=True)
    3) <div>Save 40% on select product(s) with promo code 40N</div> aka get_by_text("Save 40% on select product(s) with promo code 40N1M3CS on Amazon.com")
    4) <div dir="auto">50% Off - 40N1M3CS (works on Light Silver 16pc On</div> aka get_by_text("50% Off - 40N1M3CS (works on Light Silver 16pc Only ) coupon + code")
    5) <div dir="auto">Code: 40N1M3CS</div> aka get_by_text("Code: 40N1M3CS", exact=True)

=========================== logs ===========================
waiting for get_by_text(re.compile(r".*40N1M3CS.*"))
============================================================
[2023-06-26 17:25:12,965][Thread-1:25668][task_id:django.request][log.py:241][ERROR][Internal Server Error: /facebookWebsite/facebook]
Traceback (most recent call last):
  File "C:\Program Files\python3.9\lib\site-packages\django\core\handlers\exception.py", line 55, in inner
    response = get_response(request)
  File "C:\Program Files\python3.9\lib\site-packages\django\core\handlers\base.py", line 197, in _get_response
    response = wrapped_callback(request, *callback_args, **callback_kwargs)
  File "C:\Program Files\python3.9\lib\site-packages\django\views\decorators\csrf.py", line 56, in wrapper_view
    return view_func(*args, **kwargs)
  File "C:\Program Files\python3.9\lib\site-packages\django\views\generic\base.py", line 104, in view
    return self.dispatch(request, *args, **kwargs)
  File "C:\Program Files\python3.9\lib\site-packages\rest_framework\views.py", line 509, in dispatch
    response = self.handle_exception(exc)
  File "C:\Program Files\python3.9\lib\site-packages\rest_framework\views.py", line 469, in handle_exception
    self.raise_uncaught_exception(exc)
  File "C:\Program Files\python3.9\lib\site-packages\rest_framework\views.py", line 480, in raise_uncaught_exception
    raise exc
  File "C:\Program Files\python3.9\lib\site-packages\rest_framework\views.py", line 506, in dispatch
    response = handler(request, *args, **kwargs)
  File "F:\AutoTestCode(1)\FacebookScreenshot\views.py", line 17, in post
    results = asyncio.run(screen_shot.run())
  File "C:\Program Files\python3.9\lib\asyncio\runners.py", line 44, in run
    return loop.run_until_complete(main)
  File "C:\Program Files\python3.9\lib\asyncio\base_events.py", line 647, in run_until_complete
    return future.result()
  File "F:\AutoTestCode(1)\FacebookScreenshot\facebookplaywright.py", line 77, in run
    result = await asyncio.gather(*task_list)
  File "F:\AutoTestCode(1)\FacebookScreenshot\facebookplaywright.py", line 40, in screenshot
    await page.get_by_text(re.compile(f".*{self.code}.*")).scroll_into_view_if_needed()
  File "C:\Program Files\python3.9\lib\site-packages\playwright\async_api\_generated.py", line 17270, in scroll_into_view_if_needed
    await self._impl_obj.scroll_into_view_if_needed(timeout=timeout)
  File "C:\Program Files\python3.9\lib\site-packages\playwright\_impl\_locator.py", line 531, in scroll_into_view_if_needed
    return await self._with_element(
  File "C:\Program Files\python3.9\lib\site-packages\playwright\_impl\_locator.py", line 115, in _with_element
    handle = await self.element_handle(timeout=timeout)
  File "C:\Program Files\python3.9\lib\site-packages\playwright\_impl\_locator.py", line 315, in element_handle
    handle = await self._frame.wait_for_selector(
  File "C:\Program Files\python3.9\lib\site-packages\playwright\_impl\_frame.py", line 322, in wait_for_selector
    await self._channel.send("waitForSelector", locals_to_params(locals()))
  File "C:\Program Files\python3.9\lib\site-packages\playwright\_impl\_connection.py", line 61, in send
    return await self._connection.wrap_api_call(
  File "C:\Program Files\python3.9\lib\site-packages\playwright\_impl\_connection.py", line 461, in wrap_api_call
    return await cb()
  File "C:\Program Files\python3.9\lib\site-packages\playwright\_impl\_connection.py", line 96, in inner_send
    result = next(iter(done)).result()
playwright._impl._api_types.Error: Error: strict mode violation: get_by_text(re.compile(r".*40N1M3CS.*")) resolved to 5 elements:
    1) <span class="x193iq5w xeuugli x13faqbe x1vvkbs x1xmvt0>Code: 40N1M3CS 40% off</span> aka get_by_text("Code: 40N1M3CS 40% off")
    2) <div dir="auto">Code: 40N1M3CS   40</div> aka get_by_text("Code: 40N1M3CS 40", exact=True)
    3) <div>Save 40% on select product(s) with promo code 40N</div> aka get_by_text("Save 40% on select product(s) with promo code 40N1M3CS on Amazon.com")
    4) <div dir="auto">50% Off - 40N1M3CS (works on Light Silver 16pc On</div> aka get_by_text("50% Off - 40N1M3CS (works on Light Silver 16pc Only ) coupon + code")
    5) <div dir="auto">Code: 40N1M3CS</div> aka get_by_text("Code: 40N1M3CS", exact=True)

=========================== logs ===========================
waiting for get_by_text(re.compile(r".*40N1M3CS.*"))
============================================================
[2023-06-26 17:26:07,146][Thread-1:25668][task_id:django.request][log.py:241][ERROR][Internal Server Error: /facebookWebsite/facebook]
Traceback (most recent call last):
  File "C:\Program Files\python3.9\lib\site-packages\django\core\handlers\exception.py", line 55, in inner
    response = get_response(request)
  File "C:\Program Files\python3.9\lib\site-packages\django\core\handlers\base.py", line 197, in _get_response
    response = wrapped_callback(request, *callback_args, **callback_kwargs)
  File "C:\Program Files\python3.9\lib\site-packages\django\views\decorators\csrf.py", line 56, in wrapper_view
    return view_func(*args, **kwargs)
  File "C:\Program Files\python3.9\lib\site-packages\django\views\generic\base.py", line 104, in view
    return self.dispatch(request, *args, **kwargs)
  File "C:\Program Files\python3.9\lib\site-packages\rest_framework\views.py", line 509, in dispatch
    response = self.handle_exception(exc)
  File "C:\Program Files\python3.9\lib\site-packages\rest_framework\views.py", line 469, in handle_exception
    self.raise_uncaught_exception(exc)
  File "C:\Program Files\python3.9\lib\site-packages\rest_framework\views.py", line 480, in raise_uncaught_exception
    raise exc
  File "C:\Program Files\python3.9\lib\site-packages\rest_framework\views.py", line 506, in dispatch
    response = handler(request, *args, **kwargs)
  File "F:\AutoTestCode(1)\FacebookScreenshot\views.py", line 17, in post
    results = asyncio.run(screen_shot.run())
  File "C:\Program Files\python3.9\lib\asyncio\runners.py", line 44, in run
    return loop.run_until_complete(main)
  File "C:\Program Files\python3.9\lib\asyncio\base_events.py", line 647, in run_until_complete
    return future.result()
  File "F:\AutoTestCode(1)\FacebookScreenshot\facebookplaywright.py", line 77, in run
    result = await asyncio.gather(*task_list)
  File "F:\AutoTestCode(1)\FacebookScreenshot\facebookplaywright.py", line 40, in screenshot
    await page.get_by_text(re.compile(f".*{self.code}.*")).scroll_into_view_if_needed()
  File "C:\Program Files\python3.9\lib\site-packages\playwright\async_api\_generated.py", line 17270, in scroll_into_view_if_needed
    await self._impl_obj.scroll_into_view_if_needed(timeout=timeout)
  File "C:\Program Files\python3.9\lib\site-packages\playwright\_impl\_locator.py", line 531, in scroll_into_view_if_needed
    return await self._with_element(
  File "C:\Program Files\python3.9\lib\site-packages\playwright\_impl\_locator.py", line 115, in _with_element
    handle = await self.element_handle(timeout=timeout)
  File "C:\Program Files\python3.9\lib\site-packages\playwright\_impl\_locator.py", line 315, in element_handle
    handle = await self._frame.wait_for_selector(
  File "C:\Program Files\python3.9\lib\site-packages\playwright\_impl\_frame.py", line 322, in wait_for_selector
    await self._channel.send("waitForSelector", locals_to_params(locals()))
  File "C:\Program Files\python3.9\lib\site-packages\playwright\_impl\_connection.py", line 61, in send
    return await self._connection.wrap_api_call(
  File "C:\Program Files\python3.9\lib\site-packages\playwright\_impl\_connection.py", line 461, in wrap_api_call
    return await cb()
  File "C:\Program Files\python3.9\lib\site-packages\playwright\_impl\_connection.py", line 96, in inner_send
    result = next(iter(done)).result()
playwright._impl._api_types.Error: Error: strict mode violation: get_by_text(re.compile(r".*40N1M3CS.*")) resolved to 5 elements:
    1) <span class="x193iq5w xeuugli x13faqbe x1vvkbs x1xmvt0>Code: 40N1M3CS 40% off</span> aka get_by_text("Code: 40N1M3CS 40% off")
    2) <div dir="auto">Code: 40N1M3CS   40</div> aka get_by_text("Code: 40N1M3CS 40", exact=True)
    3) <div>Save 40% on select product(s) with promo code 40N</div> aka get_by_text("Save 40% on select product(s) with promo code 40N1M3CS on Amazon.com")
    4) <div dir="auto">50% Off - 40N1M3CS (works on Light Silver 16pc On</div> aka get_by_text("50% Off - 40N1M3CS (works on Light Silver 16pc Only ) coupon + code")
    5) <div dir="auto">Code: 40N1M3CS</div> aka get_by_text("Code: 40N1M3CS", exact=True)

=========================== logs ===========================
waiting for get_by_text(re.compile(r".*40N1M3CS.*"))
============================================================
[2023-06-26 17:26:07,146][Thread-1:25668][task_id:django.request][log.py:241][ERROR][Internal Server Error: /facebookWebsite/facebook]
Traceback (most recent call last):
  File "C:\Program Files\python3.9\lib\site-packages\django\core\handlers\exception.py", line 55, in inner
    response = get_response(request)
  File "C:\Program Files\python3.9\lib\site-packages\django\core\handlers\base.py", line 197, in _get_response
    response = wrapped_callback(request, *callback_args, **callback_kwargs)
  File "C:\Program Files\python3.9\lib\site-packages\django\views\decorators\csrf.py", line 56, in wrapper_view
    return view_func(*args, **kwargs)
  File "C:\Program Files\python3.9\lib\site-packages\django\views\generic\base.py", line 104, in view
    return self.dispatch(request, *args, **kwargs)
  File "C:\Program Files\python3.9\lib\site-packages\rest_framework\views.py", line 509, in dispatch
    response = self.handle_exception(exc)
  File "C:\Program Files\python3.9\lib\site-packages\rest_framework\views.py", line 469, in handle_exception
    self.raise_uncaught_exception(exc)
  File "C:\Program Files\python3.9\lib\site-packages\rest_framework\views.py", line 480, in raise_uncaught_exception
    raise exc
  File "C:\Program Files\python3.9\lib\site-packages\rest_framework\views.py", line 506, in dispatch
    response = handler(request, *args, **kwargs)
  File "F:\AutoTestCode(1)\FacebookScreenshot\views.py", line 17, in post
    results = asyncio.run(screen_shot.run())
  File "C:\Program Files\python3.9\lib\asyncio\runners.py", line 44, in run
    return loop.run_until_complete(main)
  File "C:\Program Files\python3.9\lib\asyncio\base_events.py", line 647, in run_until_complete
    return future.result()
  File "F:\AutoTestCode(1)\FacebookScreenshot\facebookplaywright.py", line 77, in run
    result = await asyncio.gather(*task_list)
  File "F:\AutoTestCode(1)\FacebookScreenshot\facebookplaywright.py", line 40, in screenshot
    await page.get_by_text(re.compile(f".*{self.code}.*")).scroll_into_view_if_needed()
  File "C:\Program Files\python3.9\lib\site-packages\playwright\async_api\_generated.py", line 17270, in scroll_into_view_if_needed
    await self._impl_obj.scroll_into_view_if_needed(timeout=timeout)
  File "C:\Program Files\python3.9\lib\site-packages\playwright\_impl\_locator.py", line 531, in scroll_into_view_if_needed
    return await self._with_element(
  File "C:\Program Files\python3.9\lib\site-packages\playwright\_impl\_locator.py", line 115, in _with_element
    handle = await self.element_handle(timeout=timeout)
  File "C:\Program Files\python3.9\lib\site-packages\playwright\_impl\_locator.py", line 315, in element_handle
    handle = await self._frame.wait_for_selector(
  File "C:\Program Files\python3.9\lib\site-packages\playwright\_impl\_frame.py", line 322, in wait_for_selector
    await self._channel.send("waitForSelector", locals_to_params(locals()))
  File "C:\Program Files\python3.9\lib\site-packages\playwright\_impl\_connection.py", line 61, in send
    return await self._connection.wrap_api_call(
  File "C:\Program Files\python3.9\lib\site-packages\playwright\_impl\_connection.py", line 461, in wrap_api_call
    return await cb()
  File "C:\Program Files\python3.9\lib\site-packages\playwright\_impl\_connection.py", line 96, in inner_send
    result = next(iter(done)).result()
playwright._impl._api_types.Error: Error: strict mode violation: get_by_text(re.compile(r".*40N1M3CS.*")) resolved to 5 elements:
    1) <span class="x193iq5w xeuugli x13faqbe x1vvkbs x1xmvt0>Code: 40N1M3CS 40% off</span> aka get_by_text("Code: 40N1M3CS 40% off")
    2) <div dir="auto">Code: 40N1M3CS   40</div> aka get_by_text("Code: 40N1M3CS 40", exact=True)
    3) <div>Save 40% on select product(s) with promo code 40N</div> aka get_by_text("Save 40% on select product(s) with promo code 40N1M3CS on Amazon.com")
    4) <div dir="auto">50% Off - 40N1M3CS (works on Light Silver 16pc On</div> aka get_by_text("50% Off - 40N1M3CS (works on Light Silver 16pc Only ) coupon + code")
    5) <div dir="auto">Code: 40N1M3CS</div> aka get_by_text("Code: 40N1M3CS", exact=True)

=========================== logs ===========================
waiting for get_by_text(re.compile(r".*40N1M3CS.*"))
============================================================
[2023-06-26 17:26:19,481][MainThread:12916][task_id:django.utils.autoreload][autoreload.py:266][INFO][F:\AutoTestCode(1)\FacebookScreenshot\facebookplaywright.py changed, reloading.]
[2023-06-26 17:26:20,385][MainThread:11368][task_id:django.utils.autoreload][autoreload.py:668][INFO][Watching for file changes with StatReloader]
[2023-06-26 17:26:36,134][Thread-1:40976][task_id:django.request][log.py:241][ERROR][Internal Server Error: /facebookWebsite/facebook]
Traceback (most recent call last):
  File "C:\Program Files\python3.9\lib\site-packages\django\core\handlers\exception.py", line 55, in inner
    response = get_response(request)
  File "C:\Program Files\python3.9\lib\site-packages\django\core\handlers\base.py", line 197, in _get_response
    response = wrapped_callback(request, *callback_args, **callback_kwargs)
  File "C:\Program Files\python3.9\lib\site-packages\django\views\decorators\csrf.py", line 56, in wrapper_view
    return view_func(*args, **kwargs)
  File "C:\Program Files\python3.9\lib\site-packages\django\views\generic\base.py", line 104, in view
    return self.dispatch(request, *args, **kwargs)
  File "C:\Program Files\python3.9\lib\site-packages\rest_framework\views.py", line 509, in dispatch
    response = self.handle_exception(exc)
  File "C:\Program Files\python3.9\lib\site-packages\rest_framework\views.py", line 469, in handle_exception
    self.raise_uncaught_exception(exc)
  File "C:\Program Files\python3.9\lib\site-packages\rest_framework\views.py", line 480, in raise_uncaught_exception
    raise exc
  File "C:\Program Files\python3.9\lib\site-packages\rest_framework\views.py", line 506, in dispatch
    response = handler(request, *args, **kwargs)
  File "F:\AutoTestCode(1)\FacebookScreenshot\views.py", line 17, in post
    results = asyncio.run(screen_shot.run())
  File "C:\Program Files\python3.9\lib\asyncio\runners.py", line 44, in run
    return loop.run_until_complete(main)
  File "C:\Program Files\python3.9\lib\asyncio\base_events.py", line 647, in run_until_complete
    return future.result()
  File "F:\AutoTestCode(1)\FacebookScreenshot\facebookplaywright.py", line 77, in run
    result = await asyncio.gather(*task_list)
  File "F:\AutoTestCode(1)\FacebookScreenshot\facebookplaywright.py", line 40, in screenshot
    await page.get_by_text(re.compile(f".*{self.code}.*")).scroll_into_view_if_needed(timeout=30000)
  File "C:\Program Files\python3.9\lib\site-packages\playwright\async_api\_generated.py", line 17270, in scroll_into_view_if_needed
    await self._impl_obj.scroll_into_view_if_needed(timeout=timeout)
  File "C:\Program Files\python3.9\lib\site-packages\playwright\_impl\_locator.py", line 531, in scroll_into_view_if_needed
    return await self._with_element(
  File "C:\Program Files\python3.9\lib\site-packages\playwright\_impl\_locator.py", line 115, in _with_element
    handle = await self.element_handle(timeout=timeout)
  File "C:\Program Files\python3.9\lib\site-packages\playwright\_impl\_locator.py", line 315, in element_handle
    handle = await self._frame.wait_for_selector(
  File "C:\Program Files\python3.9\lib\site-packages\playwright\_impl\_frame.py", line 322, in wait_for_selector
    await self._channel.send("waitForSelector", locals_to_params(locals()))
  File "C:\Program Files\python3.9\lib\site-packages\playwright\_impl\_connection.py", line 61, in send
    return await self._connection.wrap_api_call(
  File "C:\Program Files\python3.9\lib\site-packages\playwright\_impl\_connection.py", line 461, in wrap_api_call
    return await cb()
  File "C:\Program Files\python3.9\lib\site-packages\playwright\_impl\_connection.py", line 96, in inner_send
    result = next(iter(done)).result()
playwright._impl._api_types.Error: Error: strict mode violation: get_by_text(re.compile(r".*40N1M3CS.*")) resolved to 5 elements:
    1) <span class="x193iq5w xeuugli x13faqbe x1vvkbs x1xmvt0>Code: 40N1M3CS 40% off</span> aka get_by_text("Code: 40N1M3CS 40% off")
    2) <div dir="auto">Code: 40N1M3CS   40</div> aka get_by_text("Code: 40N1M3CS 40", exact=True)
    3) <div>Save 40% on select product(s) with promo code 40N</div> aka get_by_text("Save 40% on select product(s) with promo code 40N1M3CS on Amazon.com")
    4) <div dir="auto">50% Off - 40N1M3CS (works on Light Silver 16pc On</div> aka get_by_text("50% Off - 40N1M3CS (works on Light Silver 16pc Only ) coupon + code")
    5) <div dir="auto">Code: 40N1M3CS</div> aka get_by_text("Code: 40N1M3CS", exact=True)

=========================== logs ===========================
waiting for get_by_text(re.compile(r".*40N1M3CS.*"))
============================================================
[2023-06-26 17:26:36,134][Thread-1:40976][task_id:django.request][log.py:241][ERROR][Internal Server Error: /facebookWebsite/facebook]
Traceback (most recent call last):
  File "C:\Program Files\python3.9\lib\site-packages\django\core\handlers\exception.py", line 55, in inner
    response = get_response(request)
  File "C:\Program Files\python3.9\lib\site-packages\django\core\handlers\base.py", line 197, in _get_response
    response = wrapped_callback(request, *callback_args, **callback_kwargs)
  File "C:\Program Files\python3.9\lib\site-packages\django\views\decorators\csrf.py", line 56, in wrapper_view
    return view_func(*args, **kwargs)
  File "C:\Program Files\python3.9\lib\site-packages\django\views\generic\base.py", line 104, in view
    return self.dispatch(request, *args, **kwargs)
  File "C:\Program Files\python3.9\lib\site-packages\rest_framework\views.py", line 509, in dispatch
    response = self.handle_exception(exc)
  File "C:\Program Files\python3.9\lib\site-packages\rest_framework\views.py", line 469, in handle_exception
    self.raise_uncaught_exception(exc)
  File "C:\Program Files\python3.9\lib\site-packages\rest_framework\views.py", line 480, in raise_uncaught_exception
    raise exc
  File "C:\Program Files\python3.9\lib\site-packages\rest_framework\views.py", line 506, in dispatch
    response = handler(request, *args, **kwargs)
  File "F:\AutoTestCode(1)\FacebookScreenshot\views.py", line 17, in post
    results = asyncio.run(screen_shot.run())
  File "C:\Program Files\python3.9\lib\asyncio\runners.py", line 44, in run
    return loop.run_until_complete(main)
  File "C:\Program Files\python3.9\lib\asyncio\base_events.py", line 647, in run_until_complete
    return future.result()
  File "F:\AutoTestCode(1)\FacebookScreenshot\facebookplaywright.py", line 77, in run
    result = await asyncio.gather(*task_list)
  File "F:\AutoTestCode(1)\FacebookScreenshot\facebookplaywright.py", line 40, in screenshot
    await page.get_by_text(re.compile(f".*{self.code}.*")).scroll_into_view_if_needed(timeout=30000)
  File "C:\Program Files\python3.9\lib\site-packages\playwright\async_api\_generated.py", line 17270, in scroll_into_view_if_needed
    await self._impl_obj.scroll_into_view_if_needed(timeout=timeout)
  File "C:\Program Files\python3.9\lib\site-packages\playwright\_impl\_locator.py", line 531, in scroll_into_view_if_needed
    return await self._with_element(
  File "C:\Program Files\python3.9\lib\site-packages\playwright\_impl\_locator.py", line 115, in _with_element
    handle = await self.element_handle(timeout=timeout)
  File "C:\Program Files\python3.9\lib\site-packages\playwright\_impl\_locator.py", line 315, in element_handle
    handle = await self._frame.wait_for_selector(
  File "C:\Program Files\python3.9\lib\site-packages\playwright\_impl\_frame.py", line 322, in wait_for_selector
    await self._channel.send("waitForSelector", locals_to_params(locals()))
  File "C:\Program Files\python3.9\lib\site-packages\playwright\_impl\_connection.py", line 61, in send
    return await self._connection.wrap_api_call(
  File "C:\Program Files\python3.9\lib\site-packages\playwright\_impl\_connection.py", line 461, in wrap_api_call
    return await cb()
  File "C:\Program Files\python3.9\lib\site-packages\playwright\_impl\_connection.py", line 96, in inner_send
    result = next(iter(done)).result()
playwright._impl._api_types.Error: Error: strict mode violation: get_by_text(re.compile(r".*40N1M3CS.*")) resolved to 5 elements:
    1) <span class="x193iq5w xeuugli x13faqbe x1vvkbs x1xmvt0>Code: 40N1M3CS 40% off</span> aka get_by_text("Code: 40N1M3CS 40% off")
    2) <div dir="auto">Code: 40N1M3CS   40</div> aka get_by_text("Code: 40N1M3CS 40", exact=True)
    3) <div>Save 40% on select product(s) with promo code 40N</div> aka get_by_text("Save 40% on select product(s) with promo code 40N1M3CS on Amazon.com")
    4) <div dir="auto">50% Off - 40N1M3CS (works on Light Silver 16pc On</div> aka get_by_text("50% Off - 40N1M3CS (works on Light Silver 16pc Only ) coupon + code")
    5) <div dir="auto">Code: 40N1M3CS</div> aka get_by_text("Code: 40N1M3CS", exact=True)

=========================== logs ===========================
waiting for get_by_text(re.compile(r".*40N1M3CS.*"))
============================================================
[2023-06-26 17:27:20,443][MainThread:11368][task_id:django.utils.autoreload][autoreload.py:266][INFO][F:\AutoTestCode(1)\FacebookScreenshot\facebookplaywright.py changed, reloading.]
[2023-06-26 17:27:21,697][MainThread:35052][task_id:django.utils.autoreload][autoreload.py:668][INFO][Watching for file changes with StatReloader]
[2023-06-26 17:27:36,559][Thread-1:35588][task_id:django.request][log.py:241][ERROR][Internal Server Error: /facebookWebsite/facebook]
Traceback (most recent call last):
  File "C:\Program Files\python3.9\lib\site-packages\django\core\handlers\exception.py", line 55, in inner
    response = get_response(request)
  File "C:\Program Files\python3.9\lib\site-packages\django\core\handlers\base.py", line 197, in _get_response
    response = wrapped_callback(request, *callback_args, **callback_kwargs)
  File "C:\Program Files\python3.9\lib\site-packages\django\views\decorators\csrf.py", line 56, in wrapper_view
    return view_func(*args, **kwargs)
  File "C:\Program Files\python3.9\lib\site-packages\django\views\generic\base.py", line 104, in view
    return self.dispatch(request, *args, **kwargs)
  File "C:\Program Files\python3.9\lib\site-packages\rest_framework\views.py", line 509, in dispatch
    response = self.handle_exception(exc)
  File "C:\Program Files\python3.9\lib\site-packages\rest_framework\views.py", line 469, in handle_exception
    self.raise_uncaught_exception(exc)
  File "C:\Program Files\python3.9\lib\site-packages\rest_framework\views.py", line 480, in raise_uncaught_exception
    raise exc
  File "C:\Program Files\python3.9\lib\site-packages\rest_framework\views.py", line 506, in dispatch
    response = handler(request, *args, **kwargs)
  File "F:\AutoTestCode(1)\FacebookScreenshot\views.py", line 17, in post
    results = asyncio.run(screen_shot.run())
  File "C:\Program Files\python3.9\lib\asyncio\runners.py", line 44, in run
    return loop.run_until_complete(main)
  File "C:\Program Files\python3.9\lib\asyncio\base_events.py", line 647, in run_until_complete
    return future.result()
  File "F:\AutoTestCode(1)\FacebookScreenshot\facebookplaywright.py", line 77, in run
    result = await asyncio.gather(*task_list)
  File "F:\AutoTestCode(1)\FacebookScreenshot\facebookplaywright.py", line 40, in screenshot
    await page.get_by_text(re.compile(f".*{self.code}.*")).first().scroll_into_view_if_needed(timeout=30000)
TypeError: 'Locator' object is not callable
[2023-06-26 17:27:36,559][Thread-1:35588][task_id:django.request][log.py:241][ERROR][Internal Server Error: /facebookWebsite/facebook]
Traceback (most recent call last):
  File "C:\Program Files\python3.9\lib\site-packages\django\core\handlers\exception.py", line 55, in inner
    response = get_response(request)
  File "C:\Program Files\python3.9\lib\site-packages\django\core\handlers\base.py", line 197, in _get_response
    response = wrapped_callback(request, *callback_args, **callback_kwargs)
  File "C:\Program Files\python3.9\lib\site-packages\django\views\decorators\csrf.py", line 56, in wrapper_view
    return view_func(*args, **kwargs)
  File "C:\Program Files\python3.9\lib\site-packages\django\views\generic\base.py", line 104, in view
    return self.dispatch(request, *args, **kwargs)
  File "C:\Program Files\python3.9\lib\site-packages\rest_framework\views.py", line 509, in dispatch
    response = self.handle_exception(exc)
  File "C:\Program Files\python3.9\lib\site-packages\rest_framework\views.py", line 469, in handle_exception
    self.raise_uncaught_exception(exc)
  File "C:\Program Files\python3.9\lib\site-packages\rest_framework\views.py", line 480, in raise_uncaught_exception
    raise exc
  File "C:\Program Files\python3.9\lib\site-packages\rest_framework\views.py", line 506, in dispatch
    response = handler(request, *args, **kwargs)
  File "F:\AutoTestCode(1)\FacebookScreenshot\views.py", line 17, in post
    results = asyncio.run(screen_shot.run())
  File "C:\Program Files\python3.9\lib\asyncio\runners.py", line 44, in run
    return loop.run_until_complete(main)
  File "C:\Program Files\python3.9\lib\asyncio\base_events.py", line 647, in run_until_complete
    return future.result()
  File "F:\AutoTestCode(1)\FacebookScreenshot\facebookplaywright.py", line 77, in run
    result = await asyncio.gather(*task_list)
  File "F:\AutoTestCode(1)\FacebookScreenshot\facebookplaywright.py", line 40, in screenshot
    await page.get_by_text(re.compile(f".*{self.code}.*")).first().scroll_into_view_if_needed(timeout=30000)
TypeError: 'Locator' object is not callable
[2023-06-26 17:28:00,620][MainThread:35052][task_id:django.utils.autoreload][autoreload.py:266][INFO][F:\AutoTestCode(1)\FacebookScreenshot\facebookplaywright.py changed, reloading.]
[2023-06-26 17:28:01,357][MainThread:25500][task_id:django.utils.autoreload][autoreload.py:668][INFO][Watching for file changes with StatReloader]
[2023-06-26 17:28:21,440][Thread-1:32968][task_id:django.request][log.py:241][ERROR][Internal Server Error: /facebookWebsite/facebook]
Traceback (most recent call last):
  File "C:\Program Files\python3.9\lib\site-packages\django\core\handlers\exception.py", line 55, in inner
    response = get_response(request)
  File "C:\Program Files\python3.9\lib\site-packages\django\core\handlers\base.py", line 197, in _get_response
    response = wrapped_callback(request, *callback_args, **callback_kwargs)
  File "C:\Program Files\python3.9\lib\site-packages\django\views\decorators\csrf.py", line 56, in wrapper_view
    return view_func(*args, **kwargs)
  File "C:\Program Files\python3.9\lib\site-packages\django\views\generic\base.py", line 104, in view
    return self.dispatch(request, *args, **kwargs)
  File "C:\Program Files\python3.9\lib\site-packages\rest_framework\views.py", line 509, in dispatch
    response = self.handle_exception(exc)
  File "C:\Program Files\python3.9\lib\site-packages\rest_framework\views.py", line 469, in handle_exception
    self.raise_uncaught_exception(exc)
  File "C:\Program Files\python3.9\lib\site-packages\rest_framework\views.py", line 480, in raise_uncaught_exception
    raise exc
  File "C:\Program Files\python3.9\lib\site-packages\rest_framework\views.py", line 506, in dispatch
    response = handler(request, *args, **kwargs)
  File "F:\AutoTestCode(1)\FacebookScreenshot\views.py", line 17, in post
    results = asyncio.run(screen_shot.run())
  File "C:\Program Files\python3.9\lib\asyncio\runners.py", line 44, in run
    return loop.run_until_complete(main)
  File "C:\Program Files\python3.9\lib\asyncio\base_events.py", line 647, in run_until_complete
    return future.result()
  File "F:\AutoTestCode(1)\FacebookScreenshot\facebookplaywright.py", line 77, in run
    result = await asyncio.gather(*task_list)
  File "F:\AutoTestCode(1)\FacebookScreenshot\facebookplaywright.py", line 46, in screenshot
    print(json.dumps(x))
  File "C:\Program Files\python3.9\lib\json\__init__.py", line 231, in dumps
    return _default_encoder.encode(obj)
  File "C:\Program Files\python3.9\lib\json\encoder.py", line 199, in encode
    chunks = self.iterencode(o, _one_shot=True)
  File "C:\Program Files\python3.9\lib\json\encoder.py", line 257, in iterencode
    return _iterencode(o, 0)
  File "C:\Program Files\python3.9\lib\json\encoder.py", line 179, in default
    raise TypeError(f'Object of type {o.__class__.__name__} '
TypeError: Object of type bytes is not JSON serializable
[2023-06-26 17:28:21,440][Thread-1:32968][task_id:django.request][log.py:241][ERROR][Internal Server Error: /facebookWebsite/facebook]
Traceback (most recent call last):
  File "C:\Program Files\python3.9\lib\site-packages\django\core\handlers\exception.py", line 55, in inner
    response = get_response(request)
  File "C:\Program Files\python3.9\lib\site-packages\django\core\handlers\base.py", line 197, in _get_response
    response = wrapped_callback(request, *callback_args, **callback_kwargs)
  File "C:\Program Files\python3.9\lib\site-packages\django\views\decorators\csrf.py", line 56, in wrapper_view
    return view_func(*args, **kwargs)
  File "C:\Program Files\python3.9\lib\site-packages\django\views\generic\base.py", line 104, in view
    return self.dispatch(request, *args, **kwargs)
  File "C:\Program Files\python3.9\lib\site-packages\rest_framework\views.py", line 509, in dispatch
    response = self.handle_exception(exc)
  File "C:\Program Files\python3.9\lib\site-packages\rest_framework\views.py", line 469, in handle_exception
    self.raise_uncaught_exception(exc)
  File "C:\Program Files\python3.9\lib\site-packages\rest_framework\views.py", line 480, in raise_uncaught_exception
    raise exc
  File "C:\Program Files\python3.9\lib\site-packages\rest_framework\views.py", line 506, in dispatch
    response = handler(request, *args, **kwargs)
  File "F:\AutoTestCode(1)\FacebookScreenshot\views.py", line 17, in post
    results = asyncio.run(screen_shot.run())
  File "C:\Program Files\python3.9\lib\asyncio\runners.py", line 44, in run
    return loop.run_until_complete(main)
  File "C:\Program Files\python3.9\lib\asyncio\base_events.py", line 647, in run_until_complete
    return future.result()
  File "F:\AutoTestCode(1)\FacebookScreenshot\facebookplaywright.py", line 77, in run
    result = await asyncio.gather(*task_list)
  File "F:\AutoTestCode(1)\FacebookScreenshot\facebookplaywright.py", line 46, in screenshot
    print(json.dumps(x))
  File "C:\Program Files\python3.9\lib\json\__init__.py", line 231, in dumps
    return _default_encoder.encode(obj)
  File "C:\Program Files\python3.9\lib\json\encoder.py", line 199, in encode
    chunks = self.iterencode(o, _one_shot=True)
  File "C:\Program Files\python3.9\lib\json\encoder.py", line 257, in iterencode
    return _iterencode(o, 0)
  File "C:\Program Files\python3.9\lib\json\encoder.py", line 179, in default
    raise TypeError(f'Object of type {o.__class__.__name__} '
TypeError: Object of type bytes is not JSON serializable
[2023-06-26 17:32:00,649][MainThread:25500][task_id:django.utils.autoreload][autoreload.py:266][INFO][F:\AutoTestCode(1)\FacebookScreenshot\facebookplaywright.py changed, reloading.]
[2023-06-26 17:32:01,727][MainThread:15488][task_id:django.utils.autoreload][autoreload.py:668][INFO][Watching for file changes with StatReloader]
[2023-06-26 17:32:29,354][Thread-1:27028][task_id:django.request][log.py:241][ERROR][Internal Server Error: /facebookWebsite/facebook]
Traceback (most recent call last):
  File "C:\Program Files\python3.9\lib\site-packages\django\core\handlers\exception.py", line 55, in inner
    response = get_response(request)
  File "C:\Program Files\python3.9\lib\site-packages\django\core\handlers\base.py", line 197, in _get_response
    response = wrapped_callback(request, *callback_args, **callback_kwargs)
  File "C:\Program Files\python3.9\lib\site-packages\django\views\decorators\csrf.py", line 56, in wrapper_view
    return view_func(*args, **kwargs)
  File "C:\Program Files\python3.9\lib\site-packages\django\views\generic\base.py", line 104, in view
    return self.dispatch(request, *args, **kwargs)
  File "C:\Program Files\python3.9\lib\site-packages\rest_framework\views.py", line 509, in dispatch
    response = self.handle_exception(exc)
  File "C:\Program Files\python3.9\lib\site-packages\rest_framework\views.py", line 469, in handle_exception
    self.raise_uncaught_exception(exc)
  File "C:\Program Files\python3.9\lib\site-packages\rest_framework\views.py", line 480, in raise_uncaught_exception
    raise exc
  File "C:\Program Files\python3.9\lib\site-packages\rest_framework\views.py", line 506, in dispatch
    response = handler(request, *args, **kwargs)
  File "F:\AutoTestCode(1)\FacebookScreenshot\views.py", line 18, in post
    return JsonResponse({"code": 200, "message": [i for i in results]})
  File "C:\Program Files\python3.9\lib\site-packages\django\http\response.py", line 748, in __init__
    data = json.dumps(data, cls=encoder, **json_dumps_params)
  File "C:\Program Files\python3.9\lib\json\__init__.py", line 234, in dumps
    return cls(
  File "C:\Program Files\python3.9\lib\json\encoder.py", line 199, in encode
    chunks = self.iterencode(o, _one_shot=True)
  File "C:\Program Files\python3.9\lib\json\encoder.py", line 257, in iterencode
    return _iterencode(o, 0)
  File "C:\Program Files\python3.9\lib\site-packages\django\core\serializers\json.py", line 106, in default
    return super().default(o)
  File "C:\Program Files\python3.9\lib\json\encoder.py", line 179, in default
    raise TypeError(f'Object of type {o.__class__.__name__} '
TypeError: Object of type bytes is not JSON serializable
[2023-06-26 17:32:29,354][Thread-1:27028][task_id:django.request][log.py:241][ERROR][Internal Server Error: /facebookWebsite/facebook]
Traceback (most recent call last):
  File "C:\Program Files\python3.9\lib\site-packages\django\core\handlers\exception.py", line 55, in inner
    response = get_response(request)
  File "C:\Program Files\python3.9\lib\site-packages\django\core\handlers\base.py", line 197, in _get_response
    response = wrapped_callback(request, *callback_args, **callback_kwargs)
  File "C:\Program Files\python3.9\lib\site-packages\django\views\decorators\csrf.py", line 56, in wrapper_view
    return view_func(*args, **kwargs)
  File "C:\Program Files\python3.9\lib\site-packages\django\views\generic\base.py", line 104, in view
    return self.dispatch(request, *args, **kwargs)
  File "C:\Program Files\python3.9\lib\site-packages\rest_framework\views.py", line 509, in dispatch
    response = self.handle_exception(exc)
  File "C:\Program Files\python3.9\lib\site-packages\rest_framework\views.py", line 469, in handle_exception
    self.raise_uncaught_exception(exc)
  File "C:\Program Files\python3.9\lib\site-packages\rest_framework\views.py", line 480, in raise_uncaught_exception
    raise exc
  File "C:\Program Files\python3.9\lib\site-packages\rest_framework\views.py", line 506, in dispatch
    response = handler(request, *args, **kwargs)
  File "F:\AutoTestCode(1)\FacebookScreenshot\views.py", line 18, in post
    return JsonResponse({"code": 200, "message": [i for i in results]})
  File "C:\Program Files\python3.9\lib\site-packages\django\http\response.py", line 748, in __init__
    data = json.dumps(data, cls=encoder, **json_dumps_params)
  File "C:\Program Files\python3.9\lib\json\__init__.py", line 234, in dumps
    return cls(
  File "C:\Program Files\python3.9\lib\json\encoder.py", line 199, in encode
    chunks = self.iterencode(o, _one_shot=True)
  File "C:\Program Files\python3.9\lib\json\encoder.py", line 257, in iterencode
    return _iterencode(o, 0)
  File "C:\Program Files\python3.9\lib\site-packages\django\core\serializers\json.py", line 106, in default
    return super().default(o)
  File "C:\Program Files\python3.9\lib\json\encoder.py", line 179, in default
    raise TypeError(f'Object of type {o.__class__.__name__} '
TypeError: Object of type bytes is not JSON serializable
[2023-06-26 17:33:56,856][MainThread:15488][task_id:django.utils.autoreload][autoreload.py:266][INFO][F:\AutoTestCode(1)\FacebookScreenshot\facebookplaywright.py changed, reloading.]
[2023-06-26 17:33:58,203][MainThread:18768][task_id:django.utils.autoreload][autoreload.py:668][INFO][Watching for file changes with StatReloader]
[2023-06-26 17:34:05,497][MainThread:18768][task_id:django.utils.autoreload][autoreload.py:266][INFO][F:\AutoTestCode(1)\FacebookScreenshot\facebookplaywright.py changed, reloading.]
[2023-06-26 17:34:06,319][MainThread:34536][task_id:django.utils.autoreload][autoreload.py:668][INFO][Watching for file changes with StatReloader]
[2023-06-26 17:35:03,192][Thread-1:40400][task_id:django.request][log.py:241][ERROR][Internal Server Error: /facebookWebsite/facebook]
Traceback (most recent call last):
  File "C:\Program Files\python3.9\lib\site-packages\django\core\handlers\exception.py", line 55, in inner
    response = get_response(request)
  File "C:\Program Files\python3.9\lib\site-packages\django\core\handlers\base.py", line 197, in _get_response
    response = wrapped_callback(request, *callback_args, **callback_kwargs)
  File "C:\Program Files\python3.9\lib\site-packages\django\views\decorators\csrf.py", line 56, in wrapper_view
    return view_func(*args, **kwargs)
  File "C:\Program Files\python3.9\lib\site-packages\django\views\generic\base.py", line 104, in view
    return self.dispatch(request, *args, **kwargs)
  File "C:\Program Files\python3.9\lib\site-packages\rest_framework\views.py", line 509, in dispatch
    response = self.handle_exception(exc)
  File "C:\Program Files\python3.9\lib\site-packages\rest_framework\views.py", line 469, in handle_exception
    self.raise_uncaught_exception(exc)
  File "C:\Program Files\python3.9\lib\site-packages\rest_framework\views.py", line 480, in raise_uncaught_exception
    raise exc
  File "C:\Program Files\python3.9\lib\site-packages\rest_framework\views.py", line 506, in dispatch
    response = handler(request, *args, **kwargs)
  File "F:\AutoTestCode(1)\FacebookScreenshot\views.py", line 17, in post
    results = asyncio.run(screen_shot.run())
  File "C:\Program Files\python3.9\lib\asyncio\runners.py", line 44, in run
    return loop.run_until_complete(main)
  File "C:\Program Files\python3.9\lib\asyncio\base_events.py", line 647, in run_until_complete
    return future.result()
  File "F:\AutoTestCode(1)\FacebookScreenshot\facebookplaywright.py", line 73, in run
    result = await asyncio.gather(*task_list)
  File "F:\AutoTestCode(1)\FacebookScreenshot\facebookplaywright.py", line 37, in screenshot
    await page.get_by_role("combobox").fill(self.code)
  File "C:\Program Files\python3.9\lib\site-packages\playwright\async_api\_generated.py", line 15774, in fill
    await self._impl_obj.fill(
  File "C:\Program Files\python3.9\lib\site-packages\playwright\_impl\_locator.py", line 212, in fill
    return await self._frame.fill(self._selector, strict=True, **params)
  File "C:\Program Files\python3.9\lib\site-packages\playwright\_impl\_frame.py", line 528, in fill
    await self._channel.send("fill", locals_to_params(locals()))
  File "C:\Program Files\python3.9\lib\site-packages\playwright\_impl\_connection.py", line 61, in send
    return await self._connection.wrap_api_call(
  File "C:\Program Files\python3.9\lib\site-packages\playwright\_impl\_connection.py", line 461, in wrap_api_call
    return await cb()
  File "C:\Program Files\python3.9\lib\site-packages\playwright\_impl\_connection.py", line 96, in inner_send
    result = next(iter(done)).result()
playwright._impl._api_types.Error: Target closed
=========================== logs ===========================
waiting for get_by_role("combobox")
============================================================
[2023-06-26 17:35:03,192][Thread-1:40400][task_id:django.request][log.py:241][ERROR][Internal Server Error: /facebookWebsite/facebook]
Traceback (most recent call last):
  File "C:\Program Files\python3.9\lib\site-packages\django\core\handlers\exception.py", line 55, in inner
    response = get_response(request)
  File "C:\Program Files\python3.9\lib\site-packages\django\core\handlers\base.py", line 197, in _get_response
    response = wrapped_callback(request, *callback_args, **callback_kwargs)
  File "C:\Program Files\python3.9\lib\site-packages\django\views\decorators\csrf.py", line 56, in wrapper_view
    return view_func(*args, **kwargs)
  File "C:\Program Files\python3.9\lib\site-packages\django\views\generic\base.py", line 104, in view
    return self.dispatch(request, *args, **kwargs)
  File "C:\Program Files\python3.9\lib\site-packages\rest_framework\views.py", line 509, in dispatch
    response = self.handle_exception(exc)
  File "C:\Program Files\python3.9\lib\site-packages\rest_framework\views.py", line 469, in handle_exception
    self.raise_uncaught_exception(exc)
  File "C:\Program Files\python3.9\lib\site-packages\rest_framework\views.py", line 480, in raise_uncaught_exception
    raise exc
  File "C:\Program Files\python3.9\lib\site-packages\rest_framework\views.py", line 506, in dispatch
    response = handler(request, *args, **kwargs)
  File "F:\AutoTestCode(1)\FacebookScreenshot\views.py", line 17, in post
    results = asyncio.run(screen_shot.run())
  File "C:\Program Files\python3.9\lib\asyncio\runners.py", line 44, in run
    return loop.run_until_complete(main)
  File "C:\Program Files\python3.9\lib\asyncio\base_events.py", line 647, in run_until_complete
    return future.result()
  File "F:\AutoTestCode(1)\FacebookScreenshot\facebookplaywright.py", line 73, in run
    result = await asyncio.gather(*task_list)
  File "F:\AutoTestCode(1)\FacebookScreenshot\facebookplaywright.py", line 37, in screenshot
    await page.get_by_role("combobox").fill(self.code)
  File "C:\Program Files\python3.9\lib\site-packages\playwright\async_api\_generated.py", line 15774, in fill
    await self._impl_obj.fill(
  File "C:\Program Files\python3.9\lib\site-packages\playwright\_impl\_locator.py", line 212, in fill
    return await self._frame.fill(self._selector, strict=True, **params)
  File "C:\Program Files\python3.9\lib\site-packages\playwright\_impl\_frame.py", line 528, in fill
    await self._channel.send("fill", locals_to_params(locals()))
  File "C:\Program Files\python3.9\lib\site-packages\playwright\_impl\_connection.py", line 61, in send
    return await self._connection.wrap_api_call(
  File "C:\Program Files\python3.9\lib\site-packages\playwright\_impl\_connection.py", line 461, in wrap_api_call
    return await cb()
  File "C:\Program Files\python3.9\lib\site-packages\playwright\_impl\_connection.py", line 96, in inner_send
    result = next(iter(done)).result()
playwright._impl._api_types.Error: Target closed
=========================== logs ===========================
waiting for get_by_role("combobox")
============================================================
[2023-06-26 17:36:02,135][MainThread:34536][task_id:django.utils.autoreload][autoreload.py:266][INFO][F:\AutoTestCode(1)\FacebookScreenshot\facebookplaywright.py changed, reloading.]
[2023-06-26 17:36:03,243][MainThread:21420][task_id:django.utils.autoreload][autoreload.py:668][INFO][Watching for file changes with StatReloader]
[2023-06-26 17:53:23,425][MainThread:21420][task_id:django.utils.autoreload][autoreload.py:266][INFO][F:\AutoTestCode(1)\FacebookScreenshot\facebookplaywright.py changed, reloading.]
[2023-06-26 17:53:24,215][MainThread:37440][task_id:django.utils.autoreload][autoreload.py:668][INFO][Watching for file changes with StatReloader]
[2023-06-26 17:55:38,072][MainThread:37440][task_id:django.utils.autoreload][autoreload.py:266][INFO][F:\AutoTestCode(1)\FacebookScreenshot\facebookplaywright.py changed, reloading.]
[2023-06-26 17:55:39,355][MainThread:21248][task_id:django.utils.autoreload][autoreload.py:668][INFO][Watching for file changes with StatReloader]
[2023-06-26 18:00:26,913][MainThread:21248][task_id:django.utils.autoreload][autoreload.py:266][INFO][F:\AutoTestCode(1)\FacebookScreenshot\facebookplaywright.py changed, reloading.]
[2023-06-26 18:00:28,256][MainThread:10572][task_id:django.utils.autoreload][autoreload.py:668][INFO][Watching for file changes with StatReloader]
[2023-06-26 18:00:56,408][MainThread:10572][task_id:django.utils.autoreload][autoreload.py:266][INFO][F:\AutoTestCode(1)\FacebookScreenshot\facebookplaywright.py changed, reloading.]
[2023-06-26 18:00:57,322][MainThread:26044][task_id:django.utils.autoreload][autoreload.py:668][INFO][Watching for file changes with StatReloader]
[2023-06-26 18:02:22,000][MainThread:26044][task_id:django.utils.autoreload][autoreload.py:266][INFO][F:\AutoTestCode(1)\FacebookScreenshot\facebookplaywright.py changed, reloading.]
[2023-06-26 18:02:22,892][MainThread:30960][task_id:django.utils.autoreload][autoreload.py:668][INFO][Watching for file changes with StatReloader]
[2023-06-26 18:03:35,415][MainThread:30960][task_id:django.utils.autoreload][autoreload.py:266][INFO][F:\AutoTestCode(1)\FacebookScreenshot\facebookplaywright.py changed, reloading.]
[2023-06-26 18:03:36,431][MainThread:21688][task_id:django.utils.autoreload][autoreload.py:668][INFO][Watching for file changes with StatReloader]
[2023-06-26 18:04:17,731][MainThread:21688][task_id:django.utils.autoreload][autoreload.py:266][INFO][F:\AutoTestCode(1)\FacebookScreenshot\facebookplaywright.py changed, reloading.]
[2023-06-26 18:04:18,582][MainThread:27548][task_id:django.utils.autoreload][autoreload.py:668][INFO][Watching for file changes with StatReloader]
[2023-06-26 18:05:43,040][Thread-1:19436][task_id:django.request][log.py:241][ERROR][Internal Server Error: /facebookWebsite/facebook]
Traceback (most recent call last):
  File "C:\Program Files\python3.9\lib\site-packages\django\core\handlers\exception.py", line 55, in inner
    response = get_response(request)
  File "C:\Program Files\python3.9\lib\site-packages\django\core\handlers\base.py", line 197, in _get_response
    response = wrapped_callback(request, *callback_args, **callback_kwargs)
  File "C:\Program Files\python3.9\lib\site-packages\django\views\decorators\csrf.py", line 56, in wrapper_view
    return view_func(*args, **kwargs)
  File "C:\Program Files\python3.9\lib\site-packages\django\views\generic\base.py", line 104, in view
    return self.dispatch(request, *args, **kwargs)
  File "C:\Program Files\python3.9\lib\site-packages\rest_framework\views.py", line 509, in dispatch
    response = self.handle_exception(exc)
  File "C:\Program Files\python3.9\lib\site-packages\rest_framework\views.py", line 469, in handle_exception
    self.raise_uncaught_exception(exc)
  File "C:\Program Files\python3.9\lib\site-packages\rest_framework\views.py", line 480, in raise_uncaught_exception
    raise exc
  File "C:\Program Files\python3.9\lib\site-packages\rest_framework\views.py", line 506, in dispatch
    response = handler(request, *args, **kwargs)
  File "F:\AutoTestCode(1)\FacebookScreenshot\views.py", line 17, in post
    results = asyncio.run(screen_shot.run())
  File "C:\Program Files\python3.9\lib\asyncio\runners.py", line 44, in run
    return loop.run_until_complete(main)
  File "C:\Program Files\python3.9\lib\asyncio\base_events.py", line 647, in run_until_complete
    return future.result()
  File "F:\AutoTestCode(1)\FacebookScreenshot\facebookplaywright.py", line 76, in run
    result = await asyncio.gather(*task_list)
  File "F:\AutoTestCode(1)\FacebookScreenshot\facebookplaywright.py", line 44, in screenshot
    print(await page.get_by_text(re.compile(f".*{self.code}.*")))
TypeError: object Locator can't be used in 'await' expression
[2023-06-26 18:05:43,040][Thread-1:19436][task_id:django.request][log.py:241][ERROR][Internal Server Error: /facebookWebsite/facebook]
Traceback (most recent call last):
  File "C:\Program Files\python3.9\lib\site-packages\django\core\handlers\exception.py", line 55, in inner
    response = get_response(request)
  File "C:\Program Files\python3.9\lib\site-packages\django\core\handlers\base.py", line 197, in _get_response
    response = wrapped_callback(request, *callback_args, **callback_kwargs)
  File "C:\Program Files\python3.9\lib\site-packages\django\views\decorators\csrf.py", line 56, in wrapper_view
    return view_func(*args, **kwargs)
  File "C:\Program Files\python3.9\lib\site-packages\django\views\generic\base.py", line 104, in view
    return self.dispatch(request, *args, **kwargs)
  File "C:\Program Files\python3.9\lib\site-packages\rest_framework\views.py", line 509, in dispatch
    response = self.handle_exception(exc)
  File "C:\Program Files\python3.9\lib\site-packages\rest_framework\views.py", line 469, in handle_exception
    self.raise_uncaught_exception(exc)
  File "C:\Program Files\python3.9\lib\site-packages\rest_framework\views.py", line 480, in raise_uncaught_exception
    raise exc
  File "C:\Program Files\python3.9\lib\site-packages\rest_framework\views.py", line 506, in dispatch
    response = handler(request, *args, **kwargs)
  File "F:\AutoTestCode(1)\FacebookScreenshot\views.py", line 17, in post
    results = asyncio.run(screen_shot.run())
  File "C:\Program Files\python3.9\lib\asyncio\runners.py", line 44, in run
    return loop.run_until_complete(main)
  File "C:\Program Files\python3.9\lib\asyncio\base_events.py", line 647, in run_until_complete
    return future.result()
  File "F:\AutoTestCode(1)\FacebookScreenshot\facebookplaywright.py", line 76, in run
    result = await asyncio.gather(*task_list)
  File "F:\AutoTestCode(1)\FacebookScreenshot\facebookplaywright.py", line 44, in screenshot
    print(await page.get_by_text(re.compile(f".*{self.code}.*")))
TypeError: object Locator can't be used in 'await' expression
[2023-06-26 18:05:57,161][MainThread:27548][task_id:django.utils.autoreload][autoreload.py:266][INFO][F:\AutoTestCode(1)\FacebookScreenshot\facebookplaywright.py changed, reloading.]
[2023-06-26 18:05:58,092][MainThread:30904][task_id:django.utils.autoreload][autoreload.py:668][INFO][Watching for file changes with StatReloader]
[2023-06-26 18:06:41,499][MainThread:30904][task_id:django.utils.autoreload][autoreload.py:266][INFO][F:\AutoTestCode(1)\FacebookScreenshot\facebookplaywright.py changed, reloading.]
[2023-06-26 18:06:42,615][MainThread:39296][task_id:django.utils.autoreload][autoreload.py:668][INFO][Watching for file changes with StatReloader]
[2023-06-26 18:08:27,726][MainThread:39296][task_id:django.utils.autoreload][autoreload.py:266][INFO][F:\AutoTestCode(1)\FacebookScreenshot\facebookplaywright.py changed, reloading.]
[2023-06-26 18:08:28,714][MainThread:20336][task_id:django.utils.autoreload][autoreload.py:668][INFO][Watching for file changes with StatReloader]
[2023-06-26 18:19:35,825][MainThread:20336][task_id:django.utils.autoreload][autoreload.py:266][INFO][F:\AutoTestCode(1)\FacebookScreenshot\facebookplaywright.py changed, reloading.]
[2023-06-26 18:19:36,732][MainThread:7556][task_id:django.utils.autoreload][autoreload.py:668][INFO][Watching for file changes with StatReloader]
[2023-06-26 18:20:46,536][MainThread:7556][task_id:django.utils.autoreload][autoreload.py:266][INFO][F:\AutoTestCode(1)\FacebookScreenshot\facebookplaywright.py changed, reloading.]
[2023-06-26 18:20:47,433][MainThread:3780][task_id:django.utils.autoreload][autoreload.py:668][INFO][Watching for file changes with StatReloader]
[2023-06-26 18:21:13,614][Thread-1:21300][task_id:django.request][log.py:241][ERROR][Internal Server Error: /facebookWebsite/facebook]
Traceback (most recent call last):
  File "C:\Program Files\python3.9\lib\site-packages\django\core\handlers\exception.py", line 55, in inner
    response = get_response(request)
  File "C:\Program Files\python3.9\lib\site-packages\django\core\handlers\base.py", line 197, in _get_response
    response = wrapped_callback(request, *callback_args, **callback_kwargs)
  File "C:\Program Files\python3.9\lib\site-packages\django\views\decorators\csrf.py", line 56, in wrapper_view
    return view_func(*args, **kwargs)
  File "C:\Program Files\python3.9\lib\site-packages\django\views\generic\base.py", line 104, in view
    return self.dispatch(request, *args, **kwargs)
  File "C:\Program Files\python3.9\lib\site-packages\rest_framework\views.py", line 509, in dispatch
    response = self.handle_exception(exc)
  File "C:\Program Files\python3.9\lib\site-packages\rest_framework\views.py", line 469, in handle_exception
    self.raise_uncaught_exception(exc)
  File "C:\Program Files\python3.9\lib\site-packages\rest_framework\views.py", line 480, in raise_uncaught_exception
    raise exc
  File "C:\Program Files\python3.9\lib\site-packages\rest_framework\views.py", line 506, in dispatch
    response = handler(request, *args, **kwargs)
  File "F:\AutoTestCode(1)\FacebookScreenshot\views.py", line 17, in post
    results = asyncio.run(screen_shot.run())
  File "C:\Program Files\python3.9\lib\asyncio\runners.py", line 44, in run
    return loop.run_until_complete(main)
  File "C:\Program Files\python3.9\lib\asyncio\base_events.py", line 647, in run_until_complete
    return future.result()
  File "F:\AutoTestCode(1)\FacebookScreenshot\facebookplaywright.py", line 74, in run
    result = await asyncio.gather(*task_list)
  File "F:\AutoTestCode(1)\FacebookScreenshot\facebookplaywright.py", line 42, in screenshot
    await page.get_by_text(re.compile(f".*{link}.*")).scroll_into_view_if_needed(timeout=30000)
  File "C:\Program Files\python3.9\lib\site-packages\playwright\async_api\_generated.py", line 17270, in scroll_into_view_if_needed
    await self._impl_obj.scroll_into_view_if_needed(timeout=timeout)
  File "C:\Program Files\python3.9\lib\site-packages\playwright\_impl\_locator.py", line 531, in scroll_into_view_if_needed
    return await self._with_element(
  File "C:\Program Files\python3.9\lib\site-packages\playwright\_impl\_locator.py", line 115, in _with_element
    handle = await self.element_handle(timeout=timeout)
  File "C:\Program Files\python3.9\lib\site-packages\playwright\_impl\_locator.py", line 315, in element_handle
    handle = await self._frame.wait_for_selector(
  File "C:\Program Files\python3.9\lib\site-packages\playwright\_impl\_frame.py", line 322, in wait_for_selector
    await self._channel.send("waitForSelector", locals_to_params(locals()))
  File "C:\Program Files\python3.9\lib\site-packages\playwright\_impl\_connection.py", line 61, in send
    return await self._connection.wrap_api_call(
  File "C:\Program Files\python3.9\lib\site-packages\playwright\_impl\_connection.py", line 461, in wrap_api_call
    return await cb()
  File "C:\Program Files\python3.9\lib\site-packages\playwright\_impl\_connection.py", line 96, in inner_send
    result = next(iter(done)).result()
playwright._impl._api_types.Error: Error: strict mode violation: get_by_text(re.compile(r".*https:/\/www.amazon.com\/promocode\/A117JA67QTCOLM.*")) resolved to 3 elements:
    1) <a role="link" tabindex="0" target="_blank" rel="no>https://www.amazon.com/promocode/A117JA67QTCOLM</a> aka get_by_text("https://www.amazon.com/promocode/A117JA67QTCOLM").first
    2) <a role="link" tabindex="0" target="_blank" rel="no>https://www.amazon.com/promocode/A117JA67QTCOLM</a> aka get_by_role("article", name="Junkies XL! ").get_by_role("link", name="https://www.amazon.com/promocode/A117JA67QTCOLM")
    3) <a role="link" tabindex="0" target="_blank" rel="no>https://www.amazon.com/promocode/A117JA67QTCOLM</a> aka get_by_role("article", name="WorryDeals").get_by_role("link", name="https://www.amazon.com/promocode/A117JA67QTCOLM")

=========================== logs ===========================
waiting for get_by_text(re.compile(r".*https:/\/www.amazon.com\/promocode\/A117JA67QTCOLM.*"))
============================================================
[2023-06-26 18:21:13,614][Thread-1:21300][task_id:django.request][log.py:241][ERROR][Internal Server Error: /facebookWebsite/facebook]
Traceback (most recent call last):
  File "C:\Program Files\python3.9\lib\site-packages\django\core\handlers\exception.py", line 55, in inner
    response = get_response(request)
  File "C:\Program Files\python3.9\lib\site-packages\django\core\handlers\base.py", line 197, in _get_response
    response = wrapped_callback(request, *callback_args, **callback_kwargs)
  File "C:\Program Files\python3.9\lib\site-packages\django\views\decorators\csrf.py", line 56, in wrapper_view
    return view_func(*args, **kwargs)
  File "C:\Program Files\python3.9\lib\site-packages\django\views\generic\base.py", line 104, in view
    return self.dispatch(request, *args, **kwargs)
  File "C:\Program Files\python3.9\lib\site-packages\rest_framework\views.py", line 509, in dispatch
    response = self.handle_exception(exc)
  File "C:\Program Files\python3.9\lib\site-packages\rest_framework\views.py", line 469, in handle_exception
    self.raise_uncaught_exception(exc)
  File "C:\Program Files\python3.9\lib\site-packages\rest_framework\views.py", line 480, in raise_uncaught_exception
    raise exc
  File "C:\Program Files\python3.9\lib\site-packages\rest_framework\views.py", line 506, in dispatch
    response = handler(request, *args, **kwargs)
  File "F:\AutoTestCode(1)\FacebookScreenshot\views.py", line 17, in post
    results = asyncio.run(screen_shot.run())
  File "C:\Program Files\python3.9\lib\asyncio\runners.py", line 44, in run
    return loop.run_until_complete(main)
  File "C:\Program Files\python3.9\lib\asyncio\base_events.py", line 647, in run_until_complete
    return future.result()
  File "F:\AutoTestCode(1)\FacebookScreenshot\facebookplaywright.py", line 74, in run
    result = await asyncio.gather(*task_list)
  File "F:\AutoTestCode(1)\FacebookScreenshot\facebookplaywright.py", line 42, in screenshot
    await page.get_by_text(re.compile(f".*{link}.*")).scroll_into_view_if_needed(timeout=30000)
  File "C:\Program Files\python3.9\lib\site-packages\playwright\async_api\_generated.py", line 17270, in scroll_into_view_if_needed
    await self._impl_obj.scroll_into_view_if_needed(timeout=timeout)
  File "C:\Program Files\python3.9\lib\site-packages\playwright\_impl\_locator.py", line 531, in scroll_into_view_if_needed
    return await self._with_element(
  File "C:\Program Files\python3.9\lib\site-packages\playwright\_impl\_locator.py", line 115, in _with_element
    handle = await self.element_handle(timeout=timeout)
  File "C:\Program Files\python3.9\lib\site-packages\playwright\_impl\_locator.py", line 315, in element_handle
    handle = await self._frame.wait_for_selector(
  File "C:\Program Files\python3.9\lib\site-packages\playwright\_impl\_frame.py", line 322, in wait_for_selector
    await self._channel.send("waitForSelector", locals_to_params(locals()))
  File "C:\Program Files\python3.9\lib\site-packages\playwright\_impl\_connection.py", line 61, in send
    return await self._connection.wrap_api_call(
  File "C:\Program Files\python3.9\lib\site-packages\playwright\_impl\_connection.py", line 461, in wrap_api_call
    return await cb()
  File "C:\Program Files\python3.9\lib\site-packages\playwright\_impl\_connection.py", line 96, in inner_send
    result = next(iter(done)).result()
playwright._impl._api_types.Error: Error: strict mode violation: get_by_text(re.compile(r".*https:/\/www.amazon.com\/promocode\/A117JA67QTCOLM.*")) resolved to 3 elements:
    1) <a role="link" tabindex="0" target="_blank" rel="no>https://www.amazon.com/promocode/A117JA67QTCOLM</a> aka get_by_text("https://www.amazon.com/promocode/A117JA67QTCOLM").first
    2) <a role="link" tabindex="0" target="_blank" rel="no>https://www.amazon.com/promocode/A117JA67QTCOLM</a> aka get_by_role("article", name="Junkies XL! ").get_by_role("link", name="https://www.amazon.com/promocode/A117JA67QTCOLM")
    3) <a role="link" tabindex="0" target="_blank" rel="no>https://www.amazon.com/promocode/A117JA67QTCOLM</a> aka get_by_role("article", name="WorryDeals").get_by_role("link", name="https://www.amazon.com/promocode/A117JA67QTCOLM")

=========================== logs ===========================
waiting for get_by_text(re.compile(r".*https:/\/www.amazon.com\/promocode\/A117JA67QTCOLM.*"))
============================================================
[2023-06-26 18:26:37,414][MainThread:3780][task_id:django.utils.autoreload][autoreload.py:266][INFO][F:\AutoTestCode(1)\FacebookScreenshot\facebookplaywright.py changed, reloading.]
[2023-06-26 18:26:38,363][MainThread:35852][task_id:django.utils.autoreload][autoreload.py:668][INFO][Watching for file changes with StatReloader]
[2023-06-26 18:28:15,565][MainThread:35852][task_id:django.utils.autoreload][autoreload.py:266][INFO][F:\AutoTestCode(1)\FacebookScreenshot\facebookplaywright.py changed, reloading.]
[2023-06-26 18:28:16,489][MainThread:34600][task_id:django.utils.autoreload][autoreload.py:668][INFO][Watching for file changes with StatReloader]
[2023-06-26 18:31:04,937][MainThread:34600][task_id:django.utils.autoreload][autoreload.py:266][INFO][F:\AutoTestCode(1)\FacebookScreenshot\facebookplaywright.py changed, reloading.]
[2023-06-26 18:31:05,809][MainThread:20476][task_id:django.utils.autoreload][autoreload.py:668][INFO][Watching for file changes with StatReloader]
[2023-06-27 10:13:56,326][MainThread:20476][task_id:django.utils.autoreload][autoreload.py:266][INFO][F:\AutoTestCode(1)\FacebookScreenshot\facebookplaywright.py changed, reloading.]
